<?xml version="1.0" encoding="UTF-8"?>
<!-- Generated by org.testng.reporters.JUnitXMLReporter -->
<testsuite ignored="0" hostname="DESKTOP-C8IENHF" failures="1" tests="139" name="Test" time="2019.605" errors="0" timestamp="2023-02-03T13:06:02 IST">
  <testcase classname="checkOutPageSectionTestCases.Checkout_page_Street_address" name="Check_And_Verify_To_Pass_Data_In_Street_Address_Textbox_Checkout_page_Street_address_Test" time="3.014"/>
  <testcase classname="shoppingCardSectionTestCases.Shopping_cart_page_link" name="Check_And_Validate_All_Details_Of_Shopping_Cart_Page_Link_Shopping_cart_page_link_Test" time="0.851"/>
  <testcase classname="headerSectionTestCases.Check_Capsule_shape_of_all_rugs" name="Check_Capsule_shape_of_all_rugs_Test" time="3.005"/>
  <testcase classname="homeSectionTestCases.Check_all_trending_shape_rug" name="Check_all_trending_shape_rug_Test" time="3.001"/>
  <testcase classname="headerSectionTestCases.Check_Kids_pattern_link_and_click_all_shapes_of_Kids_pattern_rug_showing" name="Check_Kids_pattern_link_and_click_all_shapes_of_Kids_pattern_rug_showing_Test" time="3.004"/>
  <testcase classname="headerSectionTestCases.Check_Floral_Link_Of_Rug_Style_and_Click_All_Shapes_of_Floral_Rugs" name="Check_Floral_Link_Of_Rug_Style_and_Click_All_Shapes_of_Floral_Rugs_Test" time="0.0"/>
  <testcase classname="headerSectionTestCases.Check_the_bespoke_link_it_is_working_and_form_showing" name="Check_the_bespoke_link_it_is_working_and_form_showing_Test" time="3.818"/>
  <testcase classname="headerSectionTestCases.Check_Splash_shape_of_all_rugs" name="Check_Splash_shape_of_all_rugs_Test" time="3.01"/>
  <testcase classname="headerSectionTestCases.Check_Rustic_pattern_link_and_click_all_shapes_of_Rustic_pattern_rug_showing" name="Check_Rustic_pattern_link_and_click_all_shapes_of_Rustic_pattern_rug_showing_Test" time="3.011"/>
  <testcase classname="headerSectionTestCases.Type_rug_name_pattern_style_shape_collection_name_and_see_result" name="Type_rug_name_pattern_style_shape_collection_name_and_see_result_Test" time="3.871"/>
  <testcase classname="headerSectionTestCases.Check_Monochrome_pattern_link_and_click_all_shapes_of_Monochrome_pattern_rug_showing" name="Check_Monochrome_pattern_link_and_click_all_shapes_of_Monochrome_pattern_rug_showing_Test" time="3.008"/>
  <testcase classname="headerSectionTestCases.Check_rectangle_shape_of_all_rugs" name="Check_rectangle_shape_of_all_rugs_Test" time="3.009"/>
  <testcase classname="headerSectionTestCases.Check_Square_shape_of_all_rugs" name="Check_Square_shape_of_all_rugs_Test" time="3.013"/>
  <testcase classname="collectionSectionTestCases.Click_on_View_All_collection_and_check_of_all_shapes_of_View_All_Collection_collection" name="Click_on_View_All_collection_link_and_check_of_all_shapes_of_View_All_Collection_collection" time="5.201"/>
  <testcase classname="checkOutPageSectionTestCases.Checkout_page_City" name="Test_And_Verify_is_able_to_Pass_city_is_Name_in_checkoutPage" time="3.006"/>
  <testcase classname="wishListSectionTestCases.Checking_wishlist" name="Select_Any_Product_Save_Add_Into_WishList_Bucket_Checking_wishlist_Test" time="4.242"/>
  <testcase classname="PDPSectionTestCases.Testing_if_rug_types_are_loading_correctly" name="Testing_if_rug_types_are_loading_correctly_Test" time="3.002"/>
  <testcase classname="headerSectionTestCases.Check_Chic_Link_Of_Rug_Style_and_Click_All_Shapes_of_Borders_Rugs" name="Check_Chic_Link_Of_Rug_Style_and_Click_All_Shapes_of_Borders_Rugs_Test" time="3.005"/>
  <testcase classname="headerSectionTestCases.Check_all_trending_shape_rug" name="Check_all_trending_shape_rug_Test" time="0.0"/>
  <testcase classname="homeSectionTestCases.Ckeck_all_project_links" name="Ckeck_all_project_links_Test" time="6.009"/>
  <testcase classname="collectionSectionTestCases.Click_on_Solids_Color_collection_and_check_of_all_shapes_of_Solids_Color_collection" name="Click_on_Solids_Color_link_and_check_of_all_shapes_of_Solids_Color_collection" time="5.236"/>
  <testcase classname="shoppingCardSectionTestCases.Shopping_Cart_Page_Testing" name="Shopping_Cart_Page_Testing_Test" time="0.935"/>
  <testcase classname="collectionSectionTestCases.Click_on_Outdoor_collection_and_check_of_all_shapes_of_Outdoor_collection" name="Click_on_Outdoor_link_and_check_of_all_shapes_of_Outdoor_collection" time="5.203"/>
  <testcase classname="PDPSectionTestCases.Testing_if_shapes_are_loading_correctly" name="Testing_if_shapes_are_loading_correctly_Test" time="3.006"/>
  <testcase classname="collectionSectionTestCases.Click_on_Modern_Geometric_collection_and_check_of_all_shapes_of_Modern_Geometric_collection" name="Click_on_Modern_Geometric_link_and_check_of_all_shapes_of_Modern_Geometric_collection" time="5.192"/>
  <testcase classname="headerSectionTestCases.Check_Runner_shape_of_all_rugs" name="Check_Runner_shape_of_all_rugs_Test" time="3.026"/>
  <testcase classname="headerSectionTestCases.Check_about_us_link" name="Check_about_us_link_Test" time="3.72"/>
  <testcase classname="headerSectionTestCases.Click_on_Trade_link_and_pass_all_data_and_verify_all_textbox" name="Click_on_Trade_link_and_pass_all_data_and_verify_all_textbox_Test" time="7.095"/>
  <testcase classname="collectionSectionTestCases.Mouse_over_on_collection_link" name="Test_mouse_over_on_collection_link_and_check_all_collection_is_showing_or_not" time="5.525"/>
  <testcase classname="formValidationSectionTestCases.Reset_Password_Form_Validation" name="Test_And_Verify_Reset_Password_Form_textbox_And_Validate_its" time="3.007"/>
  <testcase classname="checkOutPageSectionTestCases.CheckOut_Page_Look_Feel" name="Check_CheckoutPage_Look_Feel_CheckOut_Page_Look_Feel_Test" time="3.01"/>
  <testcase classname="formValidationSectionTestCases.Join_Us_Form_Validation" name="Test_And_Verify_to_Pass_valid_and_invalid_data_in_Join_Us_Account_creation_for_new_user" time="3.0"/>
  <testcase classname="headerSectionTestCases.Check_Geometric_Link_Of_Rug_Style_and_Click_All_Shapes_of_Geometric_Rugs" name="Check_Geometric_Link_Of_Rug_Style_and_Click_All_Shapes_of_Geometric_Rugs_Test" time="0.0"/>
  <testcase classname="headerSectionTestCases.Check_Oriental_Link_Of_Rug_Style_and_Click_All_Shapes_of_Oriental_Rugs" name="Check_Oriental_Link_Of_Rug_Style_and_Click_All_Shapes_of_Oriental_Rugs_Test" time="0.0"/>
  <testcase classname="headerSectionTestCases.Check_Art_pattern_link_and_click_all_shapes_of_Art_pattern_rug_showing" name="Check_Art_pattern_link_and_click_all_shapes_of_Art_pattern_rug_showing_Test" time="3.003"/>
  <testcase classname="footerSectionTestCases.Check_address_link" name="verify_whether_address_link_showing_Test" time="0.0"/>
  <testcase classname="headerSectionTestCases.Check_Contemparory_pattern_link_and_click_all_shapes_of_Contemporary_pattern_rug_showing" name="Check_Contemparory_pattern_link_and_click_all_shapes_of_Contemporary_pattern_rug_showing_Test" time="3.007"/>
  <testcase classname="headerSectionTestCases.Click_on_sign_in_and_verify_whether_it_is_data_can_pass_email_and_password_textbox" name="Click_on_sign_in_and_verify_whether_it_is_data_can_pass_email_and_password_textbox_Test" time="3.001"/>
  <testcase classname="checkOutPageSectionTestCases.Checkout_page_First_Name" name="Check_First__Name_Textbox_Field_Where_We_Pass_Valid_and_Invalid_Data_Checkout_page_First_Name_Test" time="3.01"/>
  <testcase classname="checkOutPageSectionTestCases.Checkout_page_Phone_number" name="Check_And_Verify_To_Pass_Data_In_Phone_Number_Textbox_Checkout_page_Phone_number_Test" time="3.014"/>
  <testcase classname="PDPSectionTestCases.Testing_to_see_if_all_default_options_have_been_selected_correctly" name="Testing_to_see_if_all_default_options_have_been_selected_correctly_Test" time="16.09"/>
  <testcase classname="formValidationSectionTestCases.CheckOut_Form_Form_Validation" name="Check_All_textbox_which_come_into_CheckOut_Page_Checkout_Form_Validation_Test" time="0.347"/>
  <testcase classname="formValidationSectionTestCases.Change_Email_Password_Form_Validation" name="Check_to_Pass_Valid_And_All_type_of_Invalid_Data_in_the_change_email_password_textbox" time="4.004"/>
  <testcase classname="collectionSectionTestCases.Click_on_Terrazo_play_collection_and_check_of_all_shapes_of_Terrazo_collection" name="Click_on_Terrazo_play_link_and_check_of_all_shapes_of_Terrazo_collection" time="5.242"/>
  <testcase classname="headerSectionTestCases.Check_Distressed_Link_Of_Rug_Style_and_Click_All_Shapes_of_Distressed_Rugs" name="Check_Distressed_Link_Of_Rug_Style_and_Click_All_Shapes_of_Distressed_Rugs_Test" time="0.0"/>
  <testcase classname="homeSectionTestCases.Checking_collection_link" name="Checking_collection_link_Test" time="9.024"/>
  <testcase classname="headerSectionTestCases.Check_Drop_shape_of_all_rugs" name="Check_Drop_shape_of_all_rugs_Test" time="3.01"/>
  <testcase classname="headerSectionTestCases.Check_whether_mouseover_and_properly_all_rug_style_design_showing" name="Check_whether_mouseover_and_properly_all_rug_style_design_showing_Test" time="0.0"/>
  <testcase classname="headerSectionTestCases.Check_whether_mouseover_on_the_shapes_links_and_all_types_of_shape_showing_properly" name="Check_whether_mouseover_on_the_shapes_links_and_all_types_of_shape_showing_properly_Test" time="3.008"/>
  <testcase classname="shoppingCardSectionTestCases.Shopping_cart_adding_items" name="Add_Items_Into_The_Shopping_Cart_And_Check_Them_Shopping_cart_adding_items_Test" time="6.685"/>
  <testcase classname="headerSectionTestCases.Check_Floral_pattern_link_and_click_all_shapes_of_Floral_pattern_rug_showing" name="Check_Floral_pattern_link_and_click_all_shapes_of_Floral_pattern_rug_showing_Test" time="3.006"/>
  <testcase classname="collectionSectionTestCases.Click_on_Origami_collection_and_check_of_all_shapes_of_Origami_collection" name="Click_on_Origami_link_and_check_of_all_shapes_of_Origami_collection" time="5.236"/>
  <testcase classname="headerSectionTestCases.Check_Oval_shape_of_all_rugs" name="Check_Oval_shape_of_all_rugs_Test" time="3.008"/>
  <testcase classname="formValidationSectionTestCases.Sign_In_Form_Validation" name="Test_And_Verify_to_Pass_All_Valid_Invalid_Details_in_Sign_in_Fprm_Validation" time="3.002"/>
  <testcase classname="collectionSectionTestCases.Click_on_SurfaceArt_play_collection_and_check_of_all_shapes_of_SurfaceArt_collection" name="Click_on_SurfaceArt_play_link_and_check_of_all_shapes_of_SurfaceArt_collection" time="5.253"/>
  <testcase classname="headerSectionTestCases.Check_Eight_shape_of_all_rugs" name="Check_Eight_shape_of_all_rugs_Test" time="3.015"/>
  <testcase classname="PDPSectionTestCases.Testing_the_payment" name="Testing_the_payment_Test" time="3.007"/>
  <testcase classname="collectionSectionTestCases.Click_on_Minimalist_collection_and_check_of_all_shapes_of_Minimalist_collection" name="Click_on_Minimalist_link_and_check_of_all_shapes_of_Minimalist_collection" time="14.393"/>
  <testcase classname="headerSectionTestCases.Check_Texture_pattern_link_and_click_all_shapes_of_Texture_pattern_rug_showing" name="Check_Texture_pattern_link_and_click_all_shapes_of_Texture_pattern_rug_showing_Test" time="3.007"/>
  <testcase classname="checkOutPageSectionTestCases.Checkout_page_Zip_Postalcode" name="Check_And_Verify_To_Pass_Data_In_Zip_Postalcode_Textbox_Checkout_page_Zip_Postalcode_Test" time="3.004"/>
  <testcase classname="collectionSectionTestCases.Click_on_Monochrome_collection_and_check_of_all_shapes_of_Monochrome_collection" name="Click_on_Monochrome_link_and_check_of_all_shapes_of_Monochrome_collection" time="5.242"/>
  <testcase classname="formValidationSectionTestCases.Set_New_Password_Form_Validation" name="Test_And_Verify_To_Pass_Valid_And_InValid_value_in_Set_New_Password_Form_Validation" time="3.011"/>
  <testcase classname="headerSectionTestCases.Check_Arch_shape_of_all_rugs" name="Check_Arch_shape_of_all_rugs_Test" time="7.518"/>
  <testcase classname="headerSectionTestCases.Check_contact_link_it_working_and_showing_contact_form" name="Check_contact_link_it_working_and_showing_contact_form_Test" time="6.808"/>
  <testcase classname="collectionSectionTestCases.Click_Collection_Link" name="click_on_collection_link" time="16.177"/>
  <testcase classname="headerSectionTestCases.Check_Vintage_pattern_link_and_click_all_shapes_of_Vintage_pattern_rug_showing" name="Check_Vintage_pattern_link_and_click_all_shapes_of_Vintage_pattern_rug_showing_Test" time="3.013"/>
  <testcase classname="collectionSectionTestCases.Click_on_Gradation_collection_and_check_of_all_shapes_of_Gradation_collection" name="Click_on_Gradation_link_and_check_of_all_shapes_of_Gradation_collection" time="8.534"/>
  <testcase classname="footerSectionTestCases.Check_all_guides_link_related_to_this_link" name="check_All_guides_links_related_to_this_module" time="2.027"/>
  <testcase classname="PDPSectionTestCases.Testing_color_sample_box_to_if_sample_can_be_selected_placed_basket_if_correctly" name="Testing_color_sample_box_to_if_sample_can_be_selected_placed_basket_if_correctly_Test" time="20.825"/>
  <testcase classname="headerSectionTestCases.Check_Halfmoon_shape_of_all_rugs" name="Check_Halfmoon_shape_of_all_rugs_Test" time="3.016"/>
  <testcase classname="PDPSectionTestCases.Check_Clicking_if_all_product_detail_and_links_for_dropdown_summary_is_correct_and_working" name="Check_Clicking_if_all_product_detail_and_links_for_dropdown_summary_is_correct_and_working_Test" time="0.0"/>
  <testcase classname="checkOutPageSectionTestCases.Checkout_page_Tabbing_order" name="Tabb_All_Field_One_By_One_In_Checkout_page_Tabbing_order_Test" time="3.006"/>
  <testcase classname="headerSectionTestCases.Check_Oblong_shape_of_all_rugs" name="Check_Oblong_shape_of_all_rugs_Test" time="3.009"/>
  <testcase classname="checkOutPageSectionTestCases.Checkout_page_Country" name="Test_And_Verify_All_Country_Showing_Or_Not_In_CheckOut_Page" time="3.017"/>
  <testcase classname="shoppingCardSectionTestCases.Empty_cart_testing" name="Verify_And_Validate_Cart_To_Check_It_With_Emtiness_Empty_cart_testing_Test" time="8.385"/>
  <testcase classname="headerSectionTestCases.Check_Ogee_shape_of_all_rugs" name="Check_Ogee_shape_of_all_rugs_Test" time="3.01"/>
  <testcase classname="collectionSectionTestCases.Click_on_Animal_Prints_collection_and_check_of_all_shapes_of_Animal_Prints_collection" name="Click_on_Animal_Prints_link_and_check_of_all_shapes_of_Animal_Prints_collection" time="5.181"/>
  <testcase classname="headerSectionTestCases.Check_geometric_pattern_link_and_click_all_shapes_of_geometric_pattern_rug_showing" name="Check_geometric_pattern_link_and_click_all_shapes_of_geometric_pattern_rug_showing_Test" time="3.017"/>
  <testcase classname="homeSectionTestCases.Checking_all_handmade_custom_rug" name="Checking_all_handmade_custom_rug_Test" time="3.001"/>
  <testcase classname="headerSectionTestCases.Check_View_All_Design_Link_Of_Rug_Style_and_Click_All_Shapes_of_View_All_Design_Link_Rugs" name="Check_View_All_Design_Link_Of_Rug_Style_and_Click_All_Shapes_of_View_All_Design_Link_Rugs_Test" time="3.008"/>
  <testcase classname="wishListSectionTestCases.Checking_My_orders" name="Checking_My_Order_Link_Test_Verify_All_Link_Checking_My_orders_Test" time="0.367"/>
  <testcase classname="headerSectionTestCases.Check_Abstract_Link_Of_Rug_Style_and_Click_All_Shapes_of_Abstract_Rugs" name="Check_Abstract_Link_Of_Rug_Style_and_Click_All_Shapes_of_Abstract_Rugs_Test" time="11.962"/>
  <testcase classname="collectionSectionTestCases.Click_on_Vintage_collection_and_check_of_all_shapes_of_Vintage_collection" name="Click_on_Vintage_link_and_check_of_all_shapes_of_Vintage_collection" time="5.354"/>
  <testcase classname="headerSectionTestCases.Check_Linear_Link_Of_Rug_Style_and_Click_All_Shapes_of_Linear_Rugs" name="Check_Linear_Link_Of_Rug_Style_and_Click_All_Shapes_of_Linear_Rugs_Test" time="0.0"/>
  <testcase classname="collectionSectionTestCases.Click_on_Kids_collection_and_check_of_all_shapes_of_Kids_collection" name="Click_on_Kids_link_and_check_of_all_shapes_of_Kids_collection" time="5.18"/>
  <testcase classname="contactFormSectionTestCases.Contact_Form_Validation" name="Test_and_verify_to_pass_all_Valid_and_invalid_data_in_contact_form_textbox_test" time="3.004"/>
  <testcase classname="headerSectionTestCases.Check_Plain_Link_Of_Rug_Style_and_Click_All_Shapes_of_Plain_Rugs" name="Check_Plain_Link_Of_Rug_Style_and_Click_All_Shapes_of_Plain_Rugs_Test" time="0.0"/>
  <testcase classname="collectionSectionTestCases.Click_on_Batik_play_collection_and_check_of_all_shapes_of_Batik_collection" name="Click_on_Batik_play_link_and_check_of_all_shapes_of_Batik_collection" time="5.283"/>
  <testcase classname="checkOutPageSectionTestCases.Checkout_page_State" name="Check_And_Verify_To_Pass_Data_In_State_Textbox_Checkout_page_State_Test" time="3.005"/>
  <testcase classname="shoppingCardSectionTestCases.Shopping_cart_order_summary_testing" name="Check_And_Validate_Shopping_Cart_Summary_Testing_Details_Shopping_cart_order_summary_testing_Test" time="0.688"/>
  <testcase classname="collectionSectionTestCases.Click_on_Cerulean_collection_and_check_of_all_shapes_of_Cerulean_collection" name="Click_on_Cerulean_link_and_check_of_all_shapes_of_Cerulean_collection" time="5.207"/>
  <testcase classname="collectionSectionTestCases.Click_on_Flatweaves_collection_and_check_of_all_shapes_of_Flatweaves_collection" name="Click_on_Flatweaves_link_and_check_of_all_shapes_of_Flatweaves_collection" time="5.195"/>
  <testcase classname="collectionSectionTestCases.Click_on_Geometric_collection_and_check_of_all_shapes_of_Geometric_collection" name="Click_on_Geometric_link_and_check_of_all_shapes_of_Geometric_collection" time="5.241"/>
  <testcase classname="myAccountInformationSectionTestCases.Reset_Password_Form_Validation" name="Test_And_Verify_Reset_Password_Form_textbox_And_Validate_its" time="3.029"/>
  <testcase classname="headerSectionTestCases.Check_Bright_pattern_link_and_click_all_shapes_of_Bright_pattern_rug_showing" name="Check_Bright_pattern_link_and_click_all_shapes_of_Bright_pattern_rug_showing_Test" time="9.223"/>
  <testcase classname="myAccountInformationSectionTestCases.Set_New_Password_Form_Validation" name="Test_And_Verify_To_Pass_Valid_And_InValid_value_in_Set_New_Password_Form_Validation" time="3.008"/>
  <testcase classname="footerSectionTestCases.Check_all_about_links" name="click_on_all_about_links" time="1.852"/>
  <testcase classname="headerSectionTestCases.Click_on_Join_link_and_pass_valid_invalid_data_and_verify_its" name="Click_on_Join_link_and_pass_valid_invalid_data_and_verify_its_Test" time="6.838"/>
  <testcase classname="PDPSectionTestCases.Testing_the_values_of_pile_height_density_are_loading_correctly" name="Testing_the_values_of_pile_height_density_are_loading_correctly_Test" time="3.023"/>
  <testcase classname="headerSectionTestCases.Check_Hexagone_shape_of_all_rugs" name="Check_Hexagone_shape_of_all_rugs_Test" time="3.02"/>
  <testcase classname="formValidationSectionTestCases.Trade_Form_Validation" name="Test_And_Verify_To_Pass_All_Details_in_Trade_form_Validation" time="3.002"/>
  <testcase classname="checkOutPageSectionTestCases.Checkout_page_Blank_fields" name="Test_And_Verify_All_Checkout_Page_Blank_field_pass_value_and_clear_Test" time="30.009"/>
  <testcase classname="checkOutPageSectionTestCases.Checkout_page_Last_Name" name="Check_Last__Name_Textbox_Field_Where_We_Pass_Valid_and_Invalid_Data_Checkout_page_Last_Name_Test" time="3.004"/>
  <testcase classname="homeSectionTestCases.Check_all_trending_style_rug" name="Check_all_trending_style_rug_Test" time="3.013"/>
  <testcase classname="PDPSectionTestCases.Testing_if_sizes_are_loading_correctly" name="Testing_if_sizes_are_loading_correctly_TestZ" time="3.006"/>
  <testcase classname="headerSectionTestCases.Check_whether_mouseover_and_properly_all_rug_pattern_showing" name="Check_whether_mouseover_and_properly_all_rug_pattern_showing_Test" time="3.026"/>
  <testcase classname="footerSectionTestCases.Check_all_rug_mention_in_the_below_like_hand_tufted_hand_knotted_outdoor" name="Check_all_rug_mention_in_the_below_hand_tufted_hand_knotted_outdoor" time="9.388"/>
  <testcase classname="headerSectionTestCases.Check_Offbeat_Link_Of_Rug_Style_and_Click_All_Shapes_of_Offbeat_Rugs" name="Checfbeat_Link_Of_Rug_Style_and_Click_All_Shapes_of_Offbeat_Rugs_Test" time="0.0"/>
  <testcase classname="headerSectionTestCases.Check_whether_it_is_click_on_how_to_customise_link_and_it_is_working" name="Check_whether_it_is_click_on_how_to_customise_link_and_it_is_working_Test" time="3.044">
    <failure type="org.openqa.selenium.NoSuchElementException" message="no such element: Unable to locate element: {&amp;quot;method&amp;quot;:&amp;quot;xpath&amp;quot;,&amp;quot;selector&amp;quot;:&amp;quot;//a[normalize-space()=&amp;apos;How to Customise&amp;apos;]&amp;quot;}
  (Session info: chrome=109.0.5414.120)
For documentation on this error, please visit: https://selenium.dev/exceptions/#no_such_element
Build info: version: &amp;apos;4.2.2&amp;apos;, revision: &amp;apos;683ccb65d6&amp;apos;
System info: host: &amp;apos;DESKTOP-C8IENHF&amp;apos;, ip: &amp;apos;10.29.18.207&amp;apos;, os.name: &amp;apos;Windows 10&amp;apos;, os.arch: &amp;apos;amd64&amp;apos;, os.version: &amp;apos;10.0&amp;apos;, java.version: &amp;apos;11.0.14&amp;apos;
Driver info: org.openqa.selenium.chrome.ChromeDriver
Command: [22b4ec35f904aec5c522ea02ee16df4a, findElement {using=xpath, value=//a[normalize-space()=&amp;apos;How to Customise&amp;apos;]}]
Capabilities {acceptInsecureCerts: false, browserName: chrome, browserVersion: 109.0.5414.120, chrome: {chromedriverVersion: 109.0.5414.74 (e7c5703604da..., userDataDir: C:\Users\abc\AppData\Local\...}, goog:chromeOptions: {debuggerAddress: localhost:58016}, networkConnectionEnabled: false, pageLoadStrategy: normal, platformName: WINDOWS, proxy: Proxy(), se:cdp: ws://localhost:58016/devtoo..., se:cdpVersion: 109.0.5414.120, setWindowRect: true, strictFileInteractability: false, timeouts: {implicit: 0, pageLoad: 300000, script: 30000}, unhandledPromptBehavior: dismiss and notify, webauthn:extension:credBlob: true, webauthn:extension:largeBlob: true, webauthn:virtualAuthenticators: true}
Session ID: 22b4ec35f904aec5c522ea02ee16df4a">
      <![CDATA[org.openqa.selenium.NoSuchElementException: no such element: Unable to locate element: {"method":"xpath","selector":"//a[normalize-space()='How to Customise']"}
  (Session info: chrome=109.0.5414.120)
For documentation on this error, please visit: https://selenium.dev/exceptions/#no_such_element
Build info: version: '4.2.2', revision: '683ccb65d6'
System info: host: 'DESKTOP-C8IENHF', ip: '10.29.18.207', os.name: 'Windows 10', os.arch: 'amd64', os.version: '10.0', java.version: '11.0.14'
Driver info: org.openqa.selenium.chrome.ChromeDriver
Command: [22b4ec35f904aec5c522ea02ee16df4a, findElement {using=xpath, value=//a[normalize-space()='How to Customise']}]
Capabilities {acceptInsecureCerts: false, browserName: chrome, browserVersion: 109.0.5414.120, chrome: {chromedriverVersion: 109.0.5414.74 (e7c5703604da..., userDataDir: C:\Users\abc\AppData\Local\...}, goog:chromeOptions: {debuggerAddress: localhost:58016}, networkConnectionEnabled: false, pageLoadStrategy: normal, platformName: WINDOWS, proxy: Proxy(), se:cdp: ws://localhost:58016/devtoo..., se:cdpVersion: 109.0.5414.120, setWindowRect: true, strictFileInteractability: false, timeouts: {implicit: 0, pageLoad: 300000, script: 30000}, unhandledPromptBehavior: dismiss and notify, webauthn:extension:credBlob: true, webauthn:extension:largeBlob: true, webauthn:virtualAuthenticators: true}
Session ID: 22b4ec35f904aec5c522ea02ee16df4a
at org.openqa.selenium.remote.codec.w3c.W3CHttpResponseCodec.createException(W3CHttpResponseCodec.java:200)
at org.openqa.selenium.remote.codec.w3c.W3CHttpResponseCodec.decode(W3CHttpResponseCodec.java:133)
at org.openqa.selenium.remote.codec.w3c.W3CHttpResponseCodec.decode(W3CHttpResponseCodec.java:53)
at org.openqa.selenium.remote.HttpCommandExecutor.execute(HttpCommandExecutor.java:184)
at org.openqa.selenium.remote.service.DriverCommandExecutor.invokeExecute(DriverCommandExecutor.java:167)
at org.openqa.selenium.remote.service.DriverCommandExecutor.execute(DriverCommandExecutor.java:142)
at org.openqa.selenium.remote.RemoteWebDriver.execute(RemoteWebDriver.java:588)
at org.openqa.selenium.remote.ElementLocation$ElementFinder$2.findElement(ElementLocation.java:162)
at org.openqa.selenium.remote.ElementLocation.findElement(ElementLocation.java:60)
at org.openqa.selenium.remote.RemoteWebDriver.findElement(RemoteWebDriver.java:406)
at org.openqa.selenium.remote.RemoteWebDriver.findElement(RemoteWebDriver.java:398)
at headerSectionTestCases.Check_whether_it_is_click_on_how_to_customise_link_and_it_is_working.Check_whether_it_is_click_on_how_to_customise_link_and_it_is_working_Test(Check_whether_it_is_click_on_how_to_customise_link_and_it_is_working.java:14)
at java.base/java.util.ArrayList.forEach(ArrayList.java:1541)
... Removed 35 stack frames]]>
    </failure>
  </testcase> <!-- Check_whether_it_is_click_on_how_to_customise_link_and_it_is_working_Test -->
  <testcase classname="formValidationSectionTestCases.Contact_Form_Validation" name="Test_and_verify_to_pass_all_Valid_and_invalid_data_in_contact_form_textbox_test" time="3.026"/>
  <testcase classname="collectionSectionTestCases.Click_on_Modern_Art_collection_and_check_of_all_shapes_of_Modern_Art_collection" name="Click_on_Modern_Art_link_and_check_of_all_shapes_of_Modern_Art_collection" time="5.199"/>
  <testcase classname="footerSectionTestCases.Checking_all_activities_related_mention_below" name="check_footer_link" time="11.284"/>
  <testcase classname="PDPSectionTestCases.Testing_the_quantity" name="Testing_the_quantity_Test" time="3.013"/>
  <testcase classname="headerSectionTestCases.Check_Diamond_shape_of_all_rugs" name="Check_Diamond_shape_of_all_rugs_Test" time="3.002"/>
  <testcase classname="collectionSectionTestCases.Click_on_Brush_Stroke_collection_and_check_of_all_shapes_of_Brush_Stroke_collection" name="Click_on_Brush_Stroke_link_and_check_of_all_shapes_of_Brush_Stroke_collection" time="5.212"/>
  <testcase classname="PDPSectionTestCases.Testing_the_price_is_loading_correctly" name="Testing_the_price_is_loading_correctly_Test" time="3.017"/>
  <testcase classname="myAccountInformationSectionTestCases.Change_Email_Password_Form_Validation" name="Check_to_Pass_Valid_And_All_type_of_Invalid_Data_in_the_change_email_password_textbox" time="3.009"/>
  <testcase classname="collectionSectionTestCases.Click_on_Floral_collection_and_check_of_all_shapes_of_Floral_collection" name="Click_on_Floral_link_and_check_of_all_shapes_of_Floral_collection" time="5.197"/>
  <testcase classname="collectionSectionTestCases.Click_on_Absract_collection_and_check_of_all_shapes_of_Abstract_collection" name="Click_on_Absract_link_and_check_of_all_shapes_of_Abstract_collection" time="20.683"/>
  <testcase classname="headerSectionTestCases.Checking_all_to_bag_link_it_is_working_properly_after_click_on_link" name="Checking_all_to_bag_link_it_is_working_properly_after_click_on_link_Test" time="3.243"/>
  <testcase classname="checkOutPageSectionTestCases.Checkout_page_Search_address_by_zippostal_code" name="Check_And_Verify_To_Pass_Data_In_Zip_Code_Textbox_Checkout_page_Search_address_by_zippostal_code_Test" time="3.011"/>
  <testcase classname="PDPSectionTestCases.Testing_if_colour_suggestions_are_loading_correctly" name="Testing_if_colour_suggestions_are_loading_correctly_Test" time="3.001"/>
  <testcase classname="headerSectionTestCases.Checking_wishlist_link_it_is_showing_all_save_to_wishlist_rug" name="Checking_wishlist_link_it_is_showing_all_save_to_wishlist_rug_Test" time="6.705"/>
  <testcase classname="headerSectionTestCases.Check_mouseover_on_the_discover_link_and_it_is_showing_all_features" name="Check_mouseover_on_the_discover_link_and_it_is_showing_all_features_Test" time="0.0"/>
  <testcase classname="PDPSectionTestCases.Testing_if_materials_are_loading_correctly" name="Testing_if_materials_are_loading_correctly_Test" time="3.013"/>
  <testcase classname="checkOutPageSectionTestCases.Checkout_page_Mandatory_field" name="Check_And_Pass_Data_In_All_Mandatory_FieldCheckout_page_Mandatory_field_Test" time="3.008"/>
  <testcase classname="headerSectionTestCases.Check_Motifs_pattern_link_and_click_all_shapes_of_Motifs_pattern_rug_showing" name="Check_Motifs_pattern_link_and_click_all_shapes_of_Motifs_pattern_rug_showing_Test" time="3.013"/>
  <testcase classname="footerSectionTestCases.Check_all_link_mention_below_shopping_with_us" name="Check_all_link_mention_below_shopping_with_us_module" time="5.825"/>
  <testcase classname="headerSectionTestCases.Click_on_sign_in_after_passing_data" name="Click_on_sign_in_after_passing_data_Test" time="3.334"/>
  <testcase classname="checkOutPageSectionTestCases.Checkout_page_Company_name" name="Test_Verify_whether_Company_Name_Pass_Or_Not_And_Pass_any_Name" time="3.014"/>
  <testcase classname="PDPSectionTestCases.Testing_to_see_if_all_defualt_screen_placement_colors_drop_down_bar" name="Testing_to_see_if_all_defualt_screen_placement_colors_drop_down_bar_Test" time="13.906"/>
  <testcase classname="headerSectionTestCases.Check_Textiles_Link_Of_Rug_Style_and_Click_All_Shapes_of_Textiles_Rugs" name="Check_Textiles_Link_Of_Rug_Style_and_Click_All_Shapes_of_Textiles_Rugs_Test" time="3.007"/>
  <testcase classname="wishListSectionTestCases.Check_Load_Feel_Page" name="Check_And_Test_All_Details_Check_Load_Feel_Page_Test" time="0.387"/>
  <testcase classname="formValidationSectionTestCases.Pass_Valid_And_Invalid_data_in_Add_Address_textbox" name="Pass_Valid_And_Invalid_data_in_Add_Address_textbox_Test" time="3.009"/>
  <testcase classname="headerSectionTestCases.Check_press_link_it_is_working" name="Check_press_link_it_is_working_Test" time="5.967"/>
  <testcase classname="footerSectionTestCases.Check_contact_link" name="click_on_contact" time="6.193"/>
  <testcase classname="headerSectionTestCases.Check_Stripe_pattern_link_and_click_all_shapes_of_Stripe_pattern_rug_showing" name="Check_Stripe_pattern_link_and_click_all_shapes_of_Stripe_pattern_rug_showing_Test" time="3.003"/>
  <testcase classname="headerSectionTestCases.Check_Round_shape_of_all_rugs" name="Check_Round_shape_of_all_rugs_Test" time="3.012"/>
  <testcase classname="headerSectionTestCases.Check_Repeat_Link_Of_Rug_Style_and_Click_All_Shapes_of_Repeat_Rugs" name="Check_Repeat_Link_Of_Rug_Style_and_Click_All_Shapes_of_Repeat_Rugs_Test" time="0.0"/>
</testsuite> <!-- Test -->
