<?xml version="1.0" encoding="UTF-8"?>
<testng-results ignored="0" total="139" passed="138" failed="1" skipped="0">
  <reporter-output>
  </reporter-output>
  <suite started-at="2023-02-03T12:32:22 IST" name="Suite" finished-at="2023-02-03T13:06:02 IST" duration-ms="2019605">
    <groups>
    </groups>
    <test started-at="2023-02-03T12:32:22 IST" name="Test" finished-at="2023-02-03T13:06:02 IST" duration-ms="2019605">
      <class name="headerSectionTestCases.Check_whether_mouseover_and_properly_all_rug_pattern_showing">
        <test-method is-config="true" signature="setup()[pri:0, instance:headerSectionTestCases.Check_whether_mouseover_and_properly_all_rug_pattern_showing@4d1c005e]" started-at="2023-02-03T12:57:52 IST" name="setup" finished-at="2023-02-03T12:58:01 IST" duration-ms="9348" status="PASS">
          <reporter-output>
          </reporter-output>
        </test-method> <!-- setup -->
        <test-method signature="Check_whether_mouseover_and_properly_all_rug_pattern_showing_Test()[pri:0, instance:headerSectionTestCases.Check_whether_mouseover_and_properly_all_rug_pattern_showing@4d1c005e]" started-at="2023-02-03T12:58:01 IST" name="Check_whether_mouseover_and_properly_all_rug_pattern_showing_Test" finished-at="2023-02-03T12:58:04 IST" duration-ms="3026" status="PASS">
          <reporter-output>
          </reporter-output>
        </test-method> <!-- Check_whether_mouseover_and_properly_all_rug_pattern_showing_Test -->
        <test-method is-config="true" signature="close()[pri:0, instance:headerSectionTestCases.Check_whether_mouseover_and_properly_all_rug_pattern_showing@4d1c005e]" started-at="2023-02-03T12:58:04 IST" name="close" finished-at="2023-02-03T12:58:05 IST" duration-ms="233" status="PASS">
          <reporter-output>
          </reporter-output>
        </test-method> <!-- close -->
      </class> <!-- headerSectionTestCases.Check_whether_mouseover_and_properly_all_rug_pattern_showing -->
      <class name="checkOutPageSectionTestCases.Checkout_page_Zip_Postalcode">
        <test-method is-config="true" signature="setup()[pri:0, instance:checkOutPageSectionTestCases.Checkout_page_Zip_Postalcode@68c9133c]" started-at="2023-02-03T12:45:55 IST" name="setup" finished-at="2023-02-03T12:46:04 IST" duration-ms="9793" status="PASS">
          <reporter-output>
          </reporter-output>
        </test-method> <!-- setup -->
        <test-method signature="Check_And_Verify_To_Pass_Data_In_Zip_Postalcode_Textbox_Checkout_page_Zip_Postalcode_Test()[pri:0, instance:checkOutPageSectionTestCases.Checkout_page_Zip_Postalcode@68c9133c]" started-at="2023-02-03T12:46:04 IST" name="Check_And_Verify_To_Pass_Data_In_Zip_Postalcode_Textbox_Checkout_page_Zip_Postalcode_Test" finished-at="2023-02-03T12:46:07 IST" duration-ms="3004" status="PASS">
          <reporter-output>
          </reporter-output>
        </test-method> <!-- Check_And_Verify_To_Pass_Data_In_Zip_Postalcode_Textbox_Checkout_page_Zip_Postalcode_Test -->
        <test-method is-config="true" signature="close()[pri:0, instance:checkOutPageSectionTestCases.Checkout_page_Zip_Postalcode@68c9133c]" started-at="2023-02-03T12:46:07 IST" name="close" finished-at="2023-02-03T12:46:08 IST" duration-ms="197" status="PASS">
          <reporter-output>
          </reporter-output>
        </test-method> <!-- close -->
      </class> <!-- checkOutPageSectionTestCases.Checkout_page_Zip_Postalcode -->
      <class name="PDPSectionTestCases.Testing_if_sizes_are_loading_correctly">
        <test-method is-config="true" signature="setup()[pri:0, instance:PDPSectionTestCases.Testing_if_sizes_are_loading_correctly@3e08ff24]" started-at="2023-02-03T12:57:38 IST" name="setup" finished-at="2023-02-03T12:57:48 IST" duration-ms="10454" status="PASS">
          <reporter-output>
          </reporter-output>
        </test-method> <!-- setup -->
        <test-method signature="Testing_if_sizes_are_loading_correctly_TestZ()[pri:0, instance:PDPSectionTestCases.Testing_if_sizes_are_loading_correctly@3e08ff24]" started-at="2023-02-03T12:57:48 IST" name="Testing_if_sizes_are_loading_correctly_TestZ" finished-at="2023-02-03T12:57:51 IST" duration-ms="3006" status="PASS">
          <reporter-output>
          </reporter-output>
        </test-method> <!-- Testing_if_sizes_are_loading_correctly_TestZ -->
        <test-method is-config="true" signature="close()[pri:0, instance:PDPSectionTestCases.Testing_if_sizes_are_loading_correctly@3e08ff24]" started-at="2023-02-03T12:57:51 IST" name="close" finished-at="2023-02-03T12:57:52 IST" duration-ms="630" status="PASS">
          <reporter-output>
          </reporter-output>
        </test-method> <!-- close -->
      </class> <!-- PDPSectionTestCases.Testing_if_sizes_are_loading_correctly -->
      <class name="collectionSectionTestCases.Click_on_Origami_collection_and_check_of_all_shapes_of_Origami_collection">
        <test-method is-config="true" signature="setup()[pri:0, instance:collectionSectionTestCases.Click_on_Origami_collection_and_check_of_all_shapes_of_Origami_collection@72cc7e6f]" started-at="2023-02-03T12:43:50 IST" name="setup" finished-at="2023-02-03T12:44:00 IST" duration-ms="10442" status="PASS">
          <reporter-output>
          </reporter-output>
        </test-method> <!-- setup -->
        <test-method signature="Click_on_Origami_link_and_check_of_all_shapes_of_Origami_collection()[pri:0, instance:collectionSectionTestCases.Click_on_Origami_collection_and_check_of_all_shapes_of_Origami_collection@72cc7e6f]" started-at="2023-02-03T12:44:00 IST" name="Click_on_Origami_link_and_check_of_all_shapes_of_Origami_collection" finished-at="2023-02-03T12:44:06 IST" duration-ms="5236" status="PASS">
          <reporter-output>
          </reporter-output>
        </test-method> <!-- Click_on_Origami_link_and_check_of_all_shapes_of_Origami_collection -->
        <test-method is-config="true" signature="close()[pri:0, instance:collectionSectionTestCases.Click_on_Origami_collection_and_check_of_all_shapes_of_Origami_collection@72cc7e6f]" started-at="2023-02-03T12:44:06 IST" name="close" finished-at="2023-02-03T12:44:06 IST" duration-ms="340" status="PASS">
          <reporter-output>
          </reporter-output>
        </test-method> <!-- close -->
      </class> <!-- collectionSectionTestCases.Click_on_Origami_collection_and_check_of_all_shapes_of_Origami_collection -->
      <class name="collectionSectionTestCases.Click_on_Brush_Stroke_collection_and_check_of_all_shapes_of_Brush_Stroke_collection">
        <test-method is-config="true" signature="setup()[pri:0, instance:collectionSectionTestCases.Click_on_Brush_Stroke_collection_and_check_of_all_shapes_of_Brush_Stroke_collection@7c37508a]" started-at="2023-02-03T13:00:00 IST" name="setup" finished-at="2023-02-03T13:00:10 IST" duration-ms="9583" status="PASS">
          <reporter-output>
          </reporter-output>
        </test-method> <!-- setup -->
        <test-method signature="Click_on_Brush_Stroke_link_and_check_of_all_shapes_of_Brush_Stroke_collection()[pri:0, instance:collectionSectionTestCases.Click_on_Brush_Stroke_collection_and_check_of_all_shapes_of_Brush_Stroke_collection@7c37508a]" started-at="2023-02-03T13:00:10 IST" name="Click_on_Brush_Stroke_link_and_check_of_all_shapes_of_Brush_Stroke_collection" finished-at="2023-02-03T13:00:15 IST" duration-ms="5212" status="PASS">
          <reporter-output>
          </reporter-output>
        </test-method> <!-- Click_on_Brush_Stroke_link_and_check_of_all_shapes_of_Brush_Stroke_collection -->
        <test-method is-config="true" signature="close()[pri:0, instance:collectionSectionTestCases.Click_on_Brush_Stroke_collection_and_check_of_all_shapes_of_Brush_Stroke_collection@7c37508a]" started-at="2023-02-03T13:00:15 IST" name="close" finished-at="2023-02-03T13:00:15 IST" duration-ms="285" status="PASS">
          <reporter-output>
          </reporter-output>
        </test-method> <!-- close -->
      </class> <!-- collectionSectionTestCases.Click_on_Brush_Stroke_collection_and_check_of_all_shapes_of_Brush_Stroke_collection -->
      <class name="headerSectionTestCases.Check_Diamond_shape_of_all_rugs">
        <test-method is-config="true" signature="setup()[pri:0, instance:headerSectionTestCases.Check_Diamond_shape_of_all_rugs@6be968ce]" started-at="2023-02-03T12:59:47 IST" name="setup" finished-at="2023-02-03T12:59:57 IST" duration-ms="9697" status="PASS">
          <reporter-output>
          </reporter-output>
        </test-method> <!-- setup -->
        <test-method signature="Check_Diamond_shape_of_all_rugs_Test()[pri:0, instance:headerSectionTestCases.Check_Diamond_shape_of_all_rugs@6be968ce]" started-at="2023-02-03T12:59:57 IST" name="Check_Diamond_shape_of_all_rugs_Test" finished-at="2023-02-03T13:00:00 IST" duration-ms="3002" status="PASS">
          <reporter-output>
          </reporter-output>
        </test-method> <!-- Check_Diamond_shape_of_all_rugs_Test -->
        <test-method is-config="true" signature="close()[pri:0, instance:headerSectionTestCases.Check_Diamond_shape_of_all_rugs@6be968ce]" started-at="2023-02-03T13:00:00 IST" name="close" finished-at="2023-02-03T13:00:00 IST" duration-ms="205" status="PASS">
          <reporter-output>
          </reporter-output>
        </test-method> <!-- close -->
      </class> <!-- headerSectionTestCases.Check_Diamond_shape_of_all_rugs -->
      <class name="checkOutPageSectionTestCases.Checkout_page_Blank_fields">
        <test-method is-config="true" signature="setup()[pri:0, instance:checkOutPageSectionTestCases.Checkout_page_Blank_fields@221a3fa4]" started-at="2023-02-03T12:56:29 IST" name="setup" finished-at="2023-02-03T12:56:41 IST" duration-ms="11517" status="PASS">
          <reporter-output>
          </reporter-output>
        </test-method> <!-- setup -->
        <test-method signature="Test_And_Verify_All_Checkout_Page_Blank_field_pass_value_and_clear_Test()[pri:0, instance:checkOutPageSectionTestCases.Checkout_page_Blank_fields@221a3fa4]" started-at="2023-02-03T12:56:41 IST" name="Test_And_Verify_All_Checkout_Page_Blank_field_pass_value_and_clear_Test" finished-at="2023-02-03T12:57:11 IST" duration-ms="30009" status="PASS">
          <reporter-output>
          </reporter-output>
        </test-method> <!-- Test_And_Verify_All_Checkout_Page_Blank_field_pass_value_and_clear_Test -->
        <test-method is-config="true" signature="close()[pri:0, instance:checkOutPageSectionTestCases.Checkout_page_Blank_fields@221a3fa4]" started-at="2023-02-03T12:57:11 IST" name="close" finished-at="2023-02-03T12:57:11 IST" duration-ms="270" status="PASS">
          <reporter-output>
          </reporter-output>
        </test-method> <!-- close -->
      </class> <!-- checkOutPageSectionTestCases.Checkout_page_Blank_fields -->
      <class name="collectionSectionTestCases.Click_on_Absract_collection_and_check_of_all_shapes_of_Abstract_collection">
        <test-method is-config="true" signature="setup()[pri:0, instance:collectionSectionTestCases.Click_on_Absract_collection_and_check_of_all_shapes_of_Abstract_collection@76494737]" started-at="2023-02-03T13:00:56 IST" name="setup" finished-at="2023-02-03T13:01:06 IST" duration-ms="9759" status="PASS">
          <reporter-output>
          </reporter-output>
        </test-method> <!-- setup -->
        <test-method signature="Click_on_Absract_link_and_check_of_all_shapes_of_Abstract_collection()[pri:0, instance:collectionSectionTestCases.Click_on_Absract_collection_and_check_of_all_shapes_of_Abstract_collection@76494737]" started-at="2023-02-03T13:01:06 IST" name="Click_on_Absract_link_and_check_of_all_shapes_of_Abstract_collection" finished-at="2023-02-03T13:01:27 IST" duration-ms="20683" status="PASS">
          <reporter-output>
          </reporter-output>
        </test-method> <!-- Click_on_Absract_link_and_check_of_all_shapes_of_Abstract_collection -->
        <test-method is-config="true" signature="close()[pri:0, instance:collectionSectionTestCases.Click_on_Absract_collection_and_check_of_all_shapes_of_Abstract_collection@76494737]" started-at="2023-02-03T13:01:27 IST" name="close" finished-at="2023-02-03T13:01:27 IST" duration-ms="540" status="PASS">
          <reporter-output>
          </reporter-output>
        </test-method> <!-- close -->
      </class> <!-- collectionSectionTestCases.Click_on_Absract_collection_and_check_of_all_shapes_of_Abstract_collection -->
      <class name="collectionSectionTestCases.Click_on_Modern_Art_collection_and_check_of_all_shapes_of_Modern_Art_collection">
        <test-method is-config="true" signature="setup()[pri:0, instance:collectionSectionTestCases.Click_on_Modern_Art_collection_and_check_of_all_shapes_of_Modern_Art_collection@496bc455]" started-at="2023-02-03T12:58:57 IST" name="setup" finished-at="2023-02-03T12:59:06 IST" duration-ms="8991" status="PASS">
          <reporter-output>
          </reporter-output>
        </test-method> <!-- setup -->
        <test-method signature="Click_on_Modern_Art_link_and_check_of_all_shapes_of_Modern_Art_collection()[pri:0, instance:collectionSectionTestCases.Click_on_Modern_Art_collection_and_check_of_all_shapes_of_Modern_Art_collection@496bc455]" started-at="2023-02-03T12:59:06 IST" name="Click_on_Modern_Art_link_and_check_of_all_shapes_of_Modern_Art_collection" finished-at="2023-02-03T12:59:11 IST" duration-ms="5199" status="PASS">
          <reporter-output>
          </reporter-output>
        </test-method> <!-- Click_on_Modern_Art_link_and_check_of_all_shapes_of_Modern_Art_collection -->
        <test-method is-config="true" signature="close()[pri:0, instance:collectionSectionTestCases.Click_on_Modern_Art_collection_and_check_of_all_shapes_of_Modern_Art_collection@496bc455]" started-at="2023-02-03T12:59:11 IST" name="close" finished-at="2023-02-03T12:59:11 IST" duration-ms="358" status="PASS">
          <reporter-output>
          </reporter-output>
        </test-method> <!-- close -->
      </class> <!-- collectionSectionTestCases.Click_on_Modern_Art_collection_and_check_of_all_shapes_of_Modern_Art_collection -->
      <class name="checkOutPageSectionTestCases.Checkout_page_Phone_number">
        <test-method is-config="true" signature="setup()[pri:0, instance:checkOutPageSectionTestCases.Checkout_page_Phone_number@4a83a74a]" started-at="2023-02-03T12:41:03 IST" name="setup" finished-at="2023-02-03T12:41:13 IST" duration-ms="9802" status="PASS">
          <reporter-output>
          </reporter-output>
        </test-method> <!-- setup -->
        <test-method signature="Check_And_Verify_To_Pass_Data_In_Phone_Number_Textbox_Checkout_page_Phone_number_Test()[pri:0, instance:checkOutPageSectionTestCases.Checkout_page_Phone_number@4a83a74a]" started-at="2023-02-03T12:41:13 IST" name="Check_And_Verify_To_Pass_Data_In_Phone_Number_Textbox_Checkout_page_Phone_number_Test" finished-at="2023-02-03T12:41:16 IST" duration-ms="3014" status="PASS">
          <reporter-output>
          </reporter-output>
        </test-method> <!-- Check_And_Verify_To_Pass_Data_In_Phone_Number_Textbox_Checkout_page_Phone_number_Test -->
        <test-method is-config="true" signature="close()[pri:0, instance:checkOutPageSectionTestCases.Checkout_page_Phone_number@4a83a74a]" started-at="2023-02-03T12:41:16 IST" name="close" finished-at="2023-02-03T12:41:16 IST" duration-ms="340" status="PASS">
          <reporter-output>
          </reporter-output>
        </test-method> <!-- close -->
      </class> <!-- checkOutPageSectionTestCases.Checkout_page_Phone_number -->
      <class name="headerSectionTestCases.Check_Stripe_pattern_link_and_click_all_shapes_of_Stripe_pattern_rug_showing">
        <test-method is-config="true" signature="setup()[pri:0, instance:headerSectionTestCases.Check_Stripe_pattern_link_and_click_all_shapes_of_Stripe_pattern_rug_showing@35841320]" started-at="2023-02-03T13:05:26 IST" name="setup" finished-at="2023-02-03T13:05:36 IST" duration-ms="10058" status="PASS">
          <reporter-output>
          </reporter-output>
        </test-method> <!-- setup -->
        <test-method signature="Check_Stripe_pattern_link_and_click_all_shapes_of_Stripe_pattern_rug_showing_Test()[pri:0, instance:headerSectionTestCases.Check_Stripe_pattern_link_and_click_all_shapes_of_Stripe_pattern_rug_showing@35841320]" started-at="2023-02-03T13:05:36 IST" name="Check_Stripe_pattern_link_and_click_all_shapes_of_Stripe_pattern_rug_showing_Test" finished-at="2023-02-03T13:05:39 IST" duration-ms="3003" status="PASS">
          <reporter-output>
          </reporter-output>
        </test-method> <!-- Check_Stripe_pattern_link_and_click_all_shapes_of_Stripe_pattern_rug_showing_Test -->
        <test-method is-config="true" signature="close()[pri:0, instance:headerSectionTestCases.Check_Stripe_pattern_link_and_click_all_shapes_of_Stripe_pattern_rug_showing@35841320]" started-at="2023-02-03T13:05:39 IST" name="close" finished-at="2023-02-03T13:05:39 IST" duration-ms="310" status="PASS">
          <reporter-output>
          </reporter-output>
        </test-method> <!-- close -->
      </class> <!-- headerSectionTestCases.Check_Stripe_pattern_link_and_click_all_shapes_of_Stripe_pattern_rug_showing -->
      <class name="myAccountInformationSectionTestCases.Change_Email_Password_Form_Validation">
        <test-method is-config="true" signature="setup()[pri:0, instance:myAccountInformationSectionTestCases.Change_Email_Password_Form_Validation@1033576a]" started-at="2023-02-03T13:00:28 IST" name="setup" finished-at="2023-02-03T13:00:37 IST" duration-ms="9300" status="PASS">
          <reporter-output>
          </reporter-output>
        </test-method> <!-- setup -->
        <test-method signature="Check_to_Pass_Valid_And_All_type_of_Invalid_Data_in_the_change_email_password_textbox()[pri:0, instance:myAccountInformationSectionTestCases.Change_Email_Password_Form_Validation@1033576a]" started-at="2023-02-03T13:00:37 IST" name="Check_to_Pass_Valid_And_All_type_of_Invalid_Data_in_the_change_email_password_textbox" finished-at="2023-02-03T13:00:40 IST" duration-ms="3009" status="PASS">
          <reporter-output>
          </reporter-output>
        </test-method> <!-- Check_to_Pass_Valid_And_All_type_of_Invalid_Data_in_the_change_email_password_textbox -->
        <test-method is-config="true" signature="close()[pri:0, instance:myAccountInformationSectionTestCases.Change_Email_Password_Form_Validation@1033576a]" started-at="2023-02-03T13:00:40 IST" name="close" finished-at="2023-02-03T13:00:40 IST" duration-ms="238" status="PASS">
          <reporter-output>
          </reporter-output>
        </test-method> <!-- close -->
      </class> <!-- myAccountInformationSectionTestCases.Change_Email_Password_Form_Validation -->
      <class name="headerSectionTestCases.Check_Oriental_Link_Of_Rug_Style_and_Click_All_Shapes_of_Oriental_Rugs">
        <test-method is-config="true" signature="setup()[pri:0, instance:headerSectionTestCases.Check_Oriental_Link_Of_Rug_Style_and_Click_All_Shapes_of_Oriental_Rugs@1c5920df]" started-at="2023-02-03T12:39:49 IST" name="setup" finished-at="2023-02-03T12:39:59 IST" duration-ms="9799" status="PASS">
          <reporter-output>
          </reporter-output>
        </test-method> <!-- setup -->
        <test-method is-config="true" signature="close()[pri:0, instance:headerSectionTestCases.Check_Oriental_Link_Of_Rug_Style_and_Click_All_Shapes_of_Oriental_Rugs@1c5920df]" started-at="2023-02-03T12:39:59 IST" name="close" finished-at="2023-02-03T12:39:59 IST" duration-ms="216" status="PASS">
          <reporter-output>
          </reporter-output>
        </test-method> <!-- close -->
        <test-method signature="Check_Oriental_Link_Of_Rug_Style_and_Click_All_Shapes_of_Oriental_Rugs_Test()[pri:0, instance:headerSectionTestCases.Check_Oriental_Link_Of_Rug_Style_and_Click_All_Shapes_of_Oriental_Rugs@1c5920df]" started-at="2023-02-03T12:39:59 IST" name="Check_Oriental_Link_Of_Rug_Style_and_Click_All_Shapes_of_Oriental_Rugs_Test" finished-at="2023-02-03T12:39:59 IST" duration-ms="0" status="PASS">
          <reporter-output>
          </reporter-output>
        </test-method> <!-- Check_Oriental_Link_Of_Rug_Style_and_Click_All_Shapes_of_Oriental_Rugs_Test -->
      </class> <!-- headerSectionTestCases.Check_Oriental_Link_Of_Rug_Style_and_Click_All_Shapes_of_Oriental_Rugs -->
      <class name="PDPSectionTestCases.Testing_to_see_if_all_default_options_have_been_selected_correctly">
        <test-method is-config="true" signature="setup()[pri:0, instance:PDPSectionTestCases.Testing_to_see_if_all_default_options_have_been_selected_correctly@1349883]" started-at="2023-02-03T12:41:16 IST" name="setup" finished-at="2023-02-03T12:41:26 IST" duration-ms="9984" status="PASS">
          <reporter-output>
          </reporter-output>
        </test-method> <!-- setup -->
        <test-method signature="Testing_to_see_if_all_default_options_have_been_selected_correctly_Test()[pri:0, instance:PDPSectionTestCases.Testing_to_see_if_all_default_options_have_been_selected_correctly@1349883]" started-at="2023-02-03T12:41:26 IST" name="Testing_to_see_if_all_default_options_have_been_selected_correctly_Test" finished-at="2023-02-03T12:41:43 IST" duration-ms="16090" status="PASS">
          <reporter-output>
          </reporter-output>
        </test-method> <!-- Testing_to_see_if_all_default_options_have_been_selected_correctly_Test -->
        <test-method is-config="true" signature="close()[pri:0, instance:PDPSectionTestCases.Testing_to_see_if_all_default_options_have_been_selected_correctly@1349883]" started-at="2023-02-03T12:41:43 IST" name="close" finished-at="2023-02-03T12:41:43 IST" duration-ms="244" status="PASS">
          <reporter-output>
          </reporter-output>
        </test-method> <!-- close -->
      </class> <!-- PDPSectionTestCases.Testing_to_see_if_all_default_options_have_been_selected_correctly -->
      <class name="collectionSectionTestCases.Click_on_Floral_collection_and_check_of_all_shapes_of_Floral_collection">
        <test-method is-config="true" signature="setup()[pri:0, instance:collectionSectionTestCases.Click_on_Floral_collection_and_check_of_all_shapes_of_Floral_collection@303cf2ba]" started-at="2023-02-03T13:00:40 IST" name="setup" finished-at="2023-02-03T13:00:51 IST" duration-ms="10366" status="PASS">
          <reporter-output>
          </reporter-output>
        </test-method> <!-- setup -->
        <test-method signature="Click_on_Floral_link_and_check_of_all_shapes_of_Floral_collection()[pri:0, instance:collectionSectionTestCases.Click_on_Floral_collection_and_check_of_all_shapes_of_Floral_collection@303cf2ba]" started-at="2023-02-03T13:00:51 IST" name="Click_on_Floral_link_and_check_of_all_shapes_of_Floral_collection" finished-at="2023-02-03T13:00:56 IST" duration-ms="5197" status="PASS">
          <reporter-output>
          </reporter-output>
        </test-method> <!-- Click_on_Floral_link_and_check_of_all_shapes_of_Floral_collection -->
        <test-method is-config="true" signature="close()[pri:0, instance:collectionSectionTestCases.Click_on_Floral_collection_and_check_of_all_shapes_of_Floral_collection@303cf2ba]" started-at="2023-02-03T13:00:56 IST" name="close" finished-at="2023-02-03T13:00:56 IST" duration-ms="255" status="PASS">
          <reporter-output>
          </reporter-output>
        </test-method> <!-- close -->
      </class> <!-- collectionSectionTestCases.Click_on_Floral_collection_and_check_of_all_shapes_of_Floral_collection -->
      <class name="headerSectionTestCases.Click_on_sign_in_after_passing_data">
        <test-method is-config="true" signature="setup()[pri:0, instance:headerSectionTestCases.Click_on_sign_in_after_passing_data@23e84203]" started-at="2023-02-03T13:03:31 IST" name="setup" finished-at="2023-02-03T13:03:40 IST" duration-ms="9309" status="PASS">
          <reporter-output>
          </reporter-output>
        </test-method> <!-- setup -->
        <test-method signature="Click_on_sign_in_after_passing_data_Test()[pri:0, instance:headerSectionTestCases.Click_on_sign_in_after_passing_data@23e84203]" started-at="2023-02-03T13:03:40 IST" name="Click_on_sign_in_after_passing_data_Test" finished-at="2023-02-03T13:03:43 IST" duration-ms="3334" status="PASS">
          <reporter-output>
          </reporter-output>
        </test-method> <!-- Click_on_sign_in_after_passing_data_Test -->
        <test-method is-config="true" signature="close()[pri:0, instance:headerSectionTestCases.Click_on_sign_in_after_passing_data@23e84203]" started-at="2023-02-03T13:03:43 IST" name="close" finished-at="2023-02-03T13:03:44 IST" duration-ms="233" status="PASS">
          <reporter-output>
          </reporter-output>
        </test-method> <!-- close -->
      </class> <!-- headerSectionTestCases.Click_on_sign_in_after_passing_data -->
      <class name="checkOutPageSectionTestCases.Checkout_page_Last_Name">
        <test-method is-config="true" signature="setup()[pri:0, instance:checkOutPageSectionTestCases.Checkout_page_Last_Name@451001e5]" started-at="2023-02-03T12:57:11 IST" name="setup" finished-at="2023-02-03T12:57:21 IST" duration-ms="10290" status="PASS">
          <reporter-output>
          </reporter-output>
        </test-method> <!-- setup -->
        <test-method signature="Check_Last__Name_Textbox_Field_Where_We_Pass_Valid_and_Invalid_Data_Checkout_page_Last_Name_Test()[pri:0, instance:checkOutPageSectionTestCases.Checkout_page_Last_Name@451001e5]" started-at="2023-02-03T12:57:21 IST" name="Check_Last__Name_Textbox_Field_Where_We_Pass_Valid_and_Invalid_Data_Checkout_page_Last_Name_Test" finished-at="2023-02-03T12:57:24 IST" duration-ms="3004" status="PASS">
          <reporter-output>
          </reporter-output>
        </test-method> <!-- Check_Last__Name_Textbox_Field_Where_We_Pass_Valid_and_Invalid_Data_Checkout_page_Last_Name_Test -->
        <test-method is-config="true" signature="close()[pri:0, instance:checkOutPageSectionTestCases.Checkout_page_Last_Name@451001e5]" started-at="2023-02-03T12:57:24 IST" name="close" finished-at="2023-02-03T12:57:24 IST" duration-ms="263" status="PASS">
          <reporter-output>
          </reporter-output>
        </test-method> <!-- close -->
      </class> <!-- checkOutPageSectionTestCases.Checkout_page_Last_Name -->
      <class name="formValidationSectionTestCases.Change_Email_Password_Form_Validation">
        <test-method is-config="true" signature="setup()[pri:0, instance:formValidationSectionTestCases.Change_Email_Password_Form_Validation@7f485fda]" started-at="2023-02-03T12:41:54 IST" name="setup" finished-at="2023-02-03T12:42:04 IST" duration-ms="10173" status="PASS">
          <reporter-output>
          </reporter-output>
        </test-method> <!-- setup -->
        <test-method signature="Check_to_Pass_Valid_And_All_type_of_Invalid_Data_in_the_change_email_password_textbox()[pri:0, instance:formValidationSectionTestCases.Change_Email_Password_Form_Validation@7f485fda]" started-at="2023-02-03T12:42:04 IST" name="Check_to_Pass_Valid_And_All_type_of_Invalid_Data_in_the_change_email_password_textbox" finished-at="2023-02-03T12:42:08 IST" duration-ms="4004" status="PASS">
          <reporter-output>
          </reporter-output>
        </test-method> <!-- Check_to_Pass_Valid_And_All_type_of_Invalid_Data_in_the_change_email_password_textbox -->
        <test-method is-config="true" signature="close()[pri:0, instance:formValidationSectionTestCases.Change_Email_Password_Form_Validation@7f485fda]" started-at="2023-02-03T12:42:08 IST" name="close" finished-at="2023-02-03T12:42:08 IST" duration-ms="274" status="PASS">
          <reporter-output>
          </reporter-output>
        </test-method> <!-- close -->
      </class> <!-- formValidationSectionTestCases.Change_Email_Password_Form_Validation -->
      <class name="collectionSectionTestCases.Click_on_Monochrome_collection_and_check_of_all_shapes_of_Monochrome_collection">
        <test-method is-config="true" signature="setup()[pri:0, instance:collectionSectionTestCases.Click_on_Monochrome_collection_and_check_of_all_shapes_of_Monochrome_collection@7a35b0f5]" started-at="2023-02-03T12:46:08 IST" name="setup" finished-at="2023-02-03T12:46:19 IST" duration-ms="11334" status="PASS">
          <reporter-output>
          </reporter-output>
        </test-method> <!-- setup -->
        <test-method signature="Click_on_Monochrome_link_and_check_of_all_shapes_of_Monochrome_collection()[pri:0, instance:collectionSectionTestCases.Click_on_Monochrome_collection_and_check_of_all_shapes_of_Monochrome_collection@7a35b0f5]" started-at="2023-02-03T12:46:19 IST" name="Click_on_Monochrome_link_and_check_of_all_shapes_of_Monochrome_collection" finished-at="2023-02-03T12:46:24 IST" duration-ms="5242" status="PASS">
          <reporter-output>
          </reporter-output>
        </test-method> <!-- Click_on_Monochrome_link_and_check_of_all_shapes_of_Monochrome_collection -->
        <test-method is-config="true" signature="close()[pri:0, instance:collectionSectionTestCases.Click_on_Monochrome_collection_and_check_of_all_shapes_of_Monochrome_collection@7a35b0f5]" started-at="2023-02-03T12:46:24 IST" name="close" finished-at="2023-02-03T12:46:25 IST" duration-ms="349" status="PASS">
          <reporter-output>
          </reporter-output>
        </test-method> <!-- close -->
      </class> <!-- collectionSectionTestCases.Click_on_Monochrome_collection_and_check_of_all_shapes_of_Monochrome_collection -->
      <class name="headerSectionTestCases.Check_rectangle_shape_of_all_rugs">
        <test-method is-config="true" signature="setup()[pri:0, instance:headerSectionTestCases.Check_rectangle_shape_of_all_rugs@74d1dc36]" started-at="2023-02-03T12:34:53 IST" name="setup" finished-at="2023-02-03T12:34:59 IST" duration-ms="5712" status="PASS">
          <reporter-output>
          </reporter-output>
        </test-method> <!-- setup -->
        <test-method signature="Check_rectangle_shape_of_all_rugs_Test()[pri:0, instance:headerSectionTestCases.Check_rectangle_shape_of_all_rugs@74d1dc36]" started-at="2023-02-03T12:34:59 IST" name="Check_rectangle_shape_of_all_rugs_Test" finished-at="2023-02-03T12:35:02 IST" duration-ms="3009" status="PASS">
          <reporter-output>
          </reporter-output>
        </test-method> <!-- Check_rectangle_shape_of_all_rugs_Test -->
        <test-method is-config="true" signature="close()[pri:0, instance:headerSectionTestCases.Check_rectangle_shape_of_all_rugs@74d1dc36]" started-at="2023-02-03T12:35:02 IST" name="close" finished-at="2023-02-03T12:35:02 IST" duration-ms="194" status="PASS">
          <reporter-output>
          </reporter-output>
        </test-method> <!-- close -->
      </class> <!-- headerSectionTestCases.Check_rectangle_shape_of_all_rugs -->
      <class name="footerSectionTestCases.Check_contact_link">
        <test-method is-config="true" signature="setup()[pri:0, instance:footerSectionTestCases.Check_contact_link@7ae0a9ec]" started-at="2023-02-03T13:05:10 IST" name="setup" finished-at="2023-02-03T13:05:20 IST" duration-ms="9579" status="PASS">
          <reporter-output>
          </reporter-output>
        </test-method> <!-- setup -->
        <test-method signature="click_on_contact()[pri:0, instance:footerSectionTestCases.Check_contact_link@7ae0a9ec]" started-at="2023-02-03T13:05:20 IST" name="click_on_contact" finished-at="2023-02-03T13:05:26 IST" duration-ms="6193" status="PASS">
          <reporter-output>
          </reporter-output>
        </test-method> <!-- click_on_contact -->
        <test-method is-config="true" signature="close()[pri:0, instance:footerSectionTestCases.Check_contact_link@7ae0a9ec]" started-at="2023-02-03T13:05:26 IST" name="close" finished-at="2023-02-03T13:05:26 IST" duration-ms="307" status="PASS">
          <reporter-output>
          </reporter-output>
        </test-method> <!-- close -->
      </class> <!-- footerSectionTestCases.Check_contact_link -->
      <class name="homeSectionTestCases.Check_all_trending_shape_rug">
        <test-method is-config="true" signature="setup()[pri:0, instance:homeSectionTestCases.Check_all_trending_shape_rug@117159c0]" started-at="2023-02-03T12:33:09 IST" name="setup" finished-at="2023-02-03T12:33:18 IST" duration-ms="9070" status="PASS">
          <reporter-output>
          </reporter-output>
        </test-method> <!-- setup -->
        <test-method signature="Check_all_trending_shape_rug_Test()[pri:0, instance:homeSectionTestCases.Check_all_trending_shape_rug@117159c0]" started-at="2023-02-03T12:33:18 IST" name="Check_all_trending_shape_rug_Test" finished-at="2023-02-03T12:33:21 IST" duration-ms="3001" status="PASS">
          <reporter-output>
          </reporter-output>
        </test-method> <!-- Check_all_trending_shape_rug_Test -->
        <test-method is-config="true" signature="close()[pri:0, instance:homeSectionTestCases.Check_all_trending_shape_rug@117159c0]" started-at="2023-02-03T12:33:21 IST" name="close" finished-at="2023-02-03T12:33:21 IST" duration-ms="196" status="PASS">
          <reporter-output>
          </reporter-output>
        </test-method> <!-- close -->
      </class> <!-- homeSectionTestCases.Check_all_trending_shape_rug -->
      <class name="PDPSectionTestCases.Testing_to_see_if_all_defualt_screen_placement_colors_drop_down_bar">
        <test-method is-config="true" signature="setup()[pri:0, instance:PDPSectionTestCases.Testing_to_see_if_all_defualt_screen_placement_colors_drop_down_bar@73eb439a]" started-at="2023-02-03T13:03:57 IST" name="setup" finished-at="2023-02-03T13:04:07 IST" duration-ms="9488" status="PASS">
          <reporter-output>
          </reporter-output>
        </test-method> <!-- setup -->
        <test-method signature="Testing_to_see_if_all_defualt_screen_placement_colors_drop_down_bar_Test()[pri:0, instance:PDPSectionTestCases.Testing_to_see_if_all_defualt_screen_placement_colors_drop_down_bar@73eb439a]" started-at="2023-02-03T13:04:07 IST" name="Testing_to_see_if_all_defualt_screen_placement_colors_drop_down_bar_Test" finished-at="2023-02-03T13:04:21 IST" duration-ms="13906" status="PASS">
          <reporter-output>
          </reporter-output>
        </test-method> <!-- Testing_to_see_if_all_defualt_screen_placement_colors_drop_down_bar_Test -->
        <test-method is-config="true" signature="close()[pri:0, instance:PDPSectionTestCases.Testing_to_see_if_all_defualt_screen_placement_colors_drop_down_bar@73eb439a]" started-at="2023-02-03T13:04:21 IST" name="close" finished-at="2023-02-03T13:04:21 IST" duration-ms="232" status="PASS">
          <reporter-output>
          </reporter-output>
        </test-method> <!-- close -->
      </class> <!-- PDPSectionTestCases.Testing_to_see_if_all_defualt_screen_placement_colors_drop_down_bar -->
      <class name="checkOutPageSectionTestCases.Checkout_page_Company_name">
        <test-method is-config="true" signature="setup()[pri:0, instance:checkOutPageSectionTestCases.Checkout_page_Company_name@19932c16]" started-at="2023-02-03T13:03:44 IST" name="setup" finished-at="2023-02-03T13:03:53 IST" duration-ms="9700" status="PASS">
          <reporter-output>
          </reporter-output>
        </test-method> <!-- setup -->
        <test-method signature="Test_Verify_whether_Company_Name_Pass_Or_Not_And_Pass_any_Name()[pri:0, instance:checkOutPageSectionTestCases.Checkout_page_Company_name@19932c16]" started-at="2023-02-03T13:03:53 IST" name="Test_Verify_whether_Company_Name_Pass_Or_Not_And_Pass_any_Name" finished-at="2023-02-03T13:03:56 IST" duration-ms="3014" status="PASS">
          <reporter-output>
          </reporter-output>
        </test-method> <!-- Test_Verify_whether_Company_Name_Pass_Or_Not_And_Pass_any_Name -->
        <test-method is-config="true" signature="close()[pri:0, instance:checkOutPageSectionTestCases.Checkout_page_Company_name@19932c16]" started-at="2023-02-03T13:03:56 IST" name="close" finished-at="2023-02-03T13:03:57 IST" duration-ms="747" status="PASS">
          <reporter-output>
          </reporter-output>
        </test-method> <!-- close -->
      </class> <!-- checkOutPageSectionTestCases.Checkout_page_Company_name -->
      <class name="headerSectionTestCases.Check_Textiles_Link_Of_Rug_Style_and_Click_All_Shapes_of_Textiles_Rugs">
        <test-method is-config="true" signature="setup()[pri:0, instance:headerSectionTestCases.Check_Textiles_Link_Of_Rug_Style_and_Click_All_Shapes_of_Textiles_Rugs@514646ef]" started-at="2023-02-03T13:04:21 IST" name="setup" finished-at="2023-02-03T13:04:26 IST" duration-ms="5056" status="PASS">
          <reporter-output>
          </reporter-output>
        </test-method> <!-- setup -->
        <test-method signature="Check_Textiles_Link_Of_Rug_Style_and_Click_All_Shapes_of_Textiles_Rugs_Test()[pri:0, instance:headerSectionTestCases.Check_Textiles_Link_Of_Rug_Style_and_Click_All_Shapes_of_Textiles_Rugs@514646ef]" started-at="2023-02-03T13:04:26 IST" name="Check_Textiles_Link_Of_Rug_Style_and_Click_All_Shapes_of_Textiles_Rugs_Test" finished-at="2023-02-03T13:04:29 IST" duration-ms="3007" status="PASS">
          <reporter-output>
          </reporter-output>
        </test-method> <!-- Check_Textiles_Link_Of_Rug_Style_and_Click_All_Shapes_of_Textiles_Rugs_Test -->
        <test-method is-config="true" signature="close()[pri:0, instance:headerSectionTestCases.Check_Textiles_Link_Of_Rug_Style_and_Click_All_Shapes_of_Textiles_Rugs@514646ef]" started-at="2023-02-03T13:04:29 IST" name="close" finished-at="2023-02-03T13:04:30 IST" duration-ms="665" status="PASS">
          <reporter-output>
          </reporter-output>
        </test-method> <!-- close -->
      </class> <!-- headerSectionTestCases.Check_Textiles_Link_Of_Rug_Style_and_Click_All_Shapes_of_Textiles_Rugs -->
      <class name="formValidationSectionTestCases.Pass_Valid_And_Invalid_data_in_Add_Address_textbox">
        <test-method is-config="true" signature="setup()[pri:0, instance:formValidationSectionTestCases.Pass_Valid_And_Invalid_data_in_Add_Address_textbox@302c971f]" started-at="2023-02-03T13:04:40 IST" name="setup" finished-at="2023-02-03T13:04:49 IST" duration-ms="8926" status="PASS">
          <reporter-output>
          </reporter-output>
        </test-method> <!-- setup -->
        <test-method signature="Pass_Valid_And_Invalid_data_in_Add_Address_textbox_Test()[pri:0, instance:formValidationSectionTestCases.Pass_Valid_And_Invalid_data_in_Add_Address_textbox@302c971f]" started-at="2023-02-03T13:04:49 IST" name="Pass_Valid_And_Invalid_data_in_Add_Address_textbox_Test" finished-at="2023-02-03T13:04:52 IST" duration-ms="3009" status="PASS">
          <reporter-output>
          </reporter-output>
        </test-method> <!-- Pass_Valid_And_Invalid_data_in_Add_Address_textbox_Test -->
        <test-method is-config="true" signature="close()[pri:0, instance:formValidationSectionTestCases.Pass_Valid_And_Invalid_data_in_Add_Address_textbox@302c971f]" started-at="2023-02-03T13:04:52 IST" name="close" finished-at="2023-02-03T13:04:52 IST" duration-ms="192" status="PASS">
          <reporter-output>
          </reporter-output>
        </test-method> <!-- close -->
      </class> <!-- formValidationSectionTestCases.Pass_Valid_And_Invalid_data_in_Add_Address_textbox -->
      <class name="shoppingCardSectionTestCases.Empty_cart_testing">
        <test-method is-config="true" signature="setup()[pri:0, instance:shoppingCardSectionTestCases.Empty_cart_testing@48bb62]" started-at="2023-02-03T12:50:00 IST" name="setup" finished-at="2023-02-03T12:50:10 IST" duration-ms="10526" status="PASS">
          <reporter-output>
          </reporter-output>
        </test-method> <!-- setup -->
        <test-method signature="Verify_And_Validate_Cart_To_Check_It_With_Emtiness_Empty_cart_testing_Test()[pri:0, instance:shoppingCardSectionTestCases.Empty_cart_testing@48bb62]" started-at="2023-02-03T12:50:10 IST" name="Verify_And_Validate_Cart_To_Check_It_With_Emtiness_Empty_cart_testing_Test" finished-at="2023-02-03T12:50:19 IST" duration-ms="8385" status="PASS">
          <reporter-output>
          </reporter-output>
        </test-method> <!-- Verify_And_Validate_Cart_To_Check_It_With_Emtiness_Empty_cart_testing_Test -->
        <test-method is-config="true" signature="close()[pri:0, instance:shoppingCardSectionTestCases.Empty_cart_testing@48bb62]" started-at="2023-02-03T12:50:19 IST" name="close" finished-at="2023-02-03T12:50:19 IST" duration-ms="222" status="PASS">
          <reporter-output>
          </reporter-output>
        </test-method> <!-- close -->
      </class> <!-- shoppingCardSectionTestCases.Empty_cart_testing -->
      <class name="headerSectionTestCases.Type_rug_name_pattern_style_shape_collection_name_and_see_result">
        <test-method is-config="true" signature="setup()[pri:0, instance:headerSectionTestCases.Type_rug_name_pattern_style_shape_collection_name_and_see_result@2034b64c]" started-at="2023-02-03T12:34:25 IST" name="setup" finished-at="2023-02-03T12:34:34 IST" duration-ms="9792" status="PASS">
          <reporter-output>
          </reporter-output>
        </test-method> <!-- setup -->
        <test-method signature="Type_rug_name_pattern_style_shape_collection_name_and_see_result_Test()[pri:0, instance:headerSectionTestCases.Type_rug_name_pattern_style_shape_collection_name_and_see_result@2034b64c]" started-at="2023-02-03T12:34:34 IST" name="Type_rug_name_pattern_style_shape_collection_name_and_see_result_Test" finished-at="2023-02-03T12:34:38 IST" duration-ms="3871" status="PASS">
          <reporter-output>
          </reporter-output>
        </test-method> <!-- Type_rug_name_pattern_style_shape_collection_name_and_see_result_Test -->
        <test-method is-config="true" signature="close()[pri:0, instance:headerSectionTestCases.Type_rug_name_pattern_style_shape_collection_name_and_see_result@2034b64c]" started-at="2023-02-03T12:34:38 IST" name="close" finished-at="2023-02-03T12:34:39 IST" duration-ms="423" status="PASS">
          <reporter-output>
          </reporter-output>
        </test-method> <!-- close -->
      </class> <!-- headerSectionTestCases.Type_rug_name_pattern_style_shape_collection_name_and_see_result -->
      <class name="headerSectionTestCases.Check_Square_shape_of_all_rugs">
        <test-method is-config="true" signature="setup()[pri:0, instance:headerSectionTestCases.Check_Square_shape_of_all_rugs@7161d8d1]" started-at="2023-02-03T12:35:02 IST" name="setup" finished-at="2023-02-03T12:35:11 IST" duration-ms="9286" status="PASS">
          <reporter-output>
          </reporter-output>
        </test-method> <!-- setup -->
        <test-method signature="Check_Square_shape_of_all_rugs_Test()[pri:0, instance:headerSectionTestCases.Check_Square_shape_of_all_rugs@7161d8d1]" started-at="2023-02-03T12:35:11 IST" name="Check_Square_shape_of_all_rugs_Test" finished-at="2023-02-03T12:35:14 IST" duration-ms="3013" status="PASS">
          <reporter-output>
          </reporter-output>
        </test-method> <!-- Check_Square_shape_of_all_rugs_Test -->
        <test-method is-config="true" signature="close()[pri:0, instance:headerSectionTestCases.Check_Square_shape_of_all_rugs@7161d8d1]" started-at="2023-02-03T12:35:14 IST" name="close" finished-at="2023-02-03T12:35:14 IST" duration-ms="225" status="PASS">
          <reporter-output>
          </reporter-output>
        </test-method> <!-- close -->
      </class> <!-- headerSectionTestCases.Check_Square_shape_of_all_rugs -->
      <class name="headerSectionTestCases.Check_Geometric_Link_Of_Rug_Style_and_Click_All_Shapes_of_Geometric_Rugs">
        <test-method is-config="true" signature="setup()[pri:0, instance:headerSectionTestCases.Check_Geometric_Link_Of_Rug_Style_and_Click_All_Shapes_of_Geometric_Rugs@350aac89]" started-at="2023-02-03T12:39:39 IST" name="setup" finished-at="2023-02-03T12:39:49 IST" duration-ms="9414" status="PASS">
          <reporter-output>
          </reporter-output>
        </test-method> <!-- setup -->
        <test-method is-config="true" signature="close()[pri:0, instance:headerSectionTestCases.Check_Geometric_Link_Of_Rug_Style_and_Click_All_Shapes_of_Geometric_Rugs@350aac89]" started-at="2023-02-03T12:39:49 IST" name="close" finished-at="2023-02-03T12:39:49 IST" duration-ms="204" status="PASS">
          <reporter-output>
          </reporter-output>
        </test-method> <!-- close -->
        <test-method signature="Check_Geometric_Link_Of_Rug_Style_and_Click_All_Shapes_of_Geometric_Rugs_Test()[pri:0, instance:headerSectionTestCases.Check_Geometric_Link_Of_Rug_Style_and_Click_All_Shapes_of_Geometric_Rugs@350aac89]" started-at="2023-02-03T12:39:49 IST" name="Check_Geometric_Link_Of_Rug_Style_and_Click_All_Shapes_of_Geometric_Rugs_Test" finished-at="2023-02-03T12:39:49 IST" duration-ms="0" status="PASS">
          <reporter-output>
          </reporter-output>
        </test-method> <!-- Check_Geometric_Link_Of_Rug_Style_and_Click_All_Shapes_of_Geometric_Rugs_Test -->
      </class> <!-- headerSectionTestCases.Check_Geometric_Link_Of_Rug_Style_and_Click_All_Shapes_of_Geometric_Rugs -->
      <class name="checkOutPageSectionTestCases.Checkout_page_Street_address">
        <test-method is-config="true" signature="setup()[pri:0, instance:checkOutPageSectionTestCases.Checkout_page_Street_address@791f145a]" started-at="2023-02-03T12:32:22 IST" name="setup" finished-at="2023-02-03T12:32:40 IST" duration-ms="17630" status="PASS">
          <reporter-output>
          </reporter-output>
        </test-method> <!-- setup -->
        <test-method signature="Check_And_Verify_To_Pass_Data_In_Street_Address_Textbox_Checkout_page_Street_address_Test()[pri:0, instance:checkOutPageSectionTestCases.Checkout_page_Street_address@791f145a]" started-at="2023-02-03T12:32:40 IST" name="Check_And_Verify_To_Pass_Data_In_Street_Address_Textbox_Checkout_page_Street_address_Test" finished-at="2023-02-03T12:32:43 IST" duration-ms="3014" status="PASS">
          <reporter-output>
          </reporter-output>
        </test-method> <!-- Check_And_Verify_To_Pass_Data_In_Street_Address_Textbox_Checkout_page_Street_address_Test -->
        <test-method is-config="true" signature="close()[pri:0, instance:checkOutPageSectionTestCases.Checkout_page_Street_address@791f145a]" started-at="2023-02-03T12:32:43 IST" name="close" finished-at="2023-02-03T12:32:43 IST" duration-ms="256" status="PASS">
          <reporter-output>
          </reporter-output>
        </test-method> <!-- close -->
      </class> <!-- checkOutPageSectionTestCases.Checkout_page_Street_address -->
      <class name="shoppingCardSectionTestCases.Shopping_cart_page_link">
        <test-method is-config="true" signature="setup()[pri:0, instance:shoppingCardSectionTestCases.Shopping_cart_page_link@543295b0]" started-at="2023-02-03T12:32:43 IST" name="setup" finished-at="2023-02-03T12:32:54 IST" duration-ms="10452" status="PASS">
          <reporter-output>
          </reporter-output>
        </test-method> <!-- setup -->
        <test-method signature="Check_And_Validate_All_Details_Of_Shopping_Cart_Page_Link_Shopping_cart_page_link_Test()[pri:0, instance:shoppingCardSectionTestCases.Shopping_cart_page_link@543295b0]" started-at="2023-02-03T12:32:54 IST" name="Check_And_Validate_All_Details_Of_Shopping_Cart_Page_Link_Shopping_cart_page_link_Test" finished-at="2023-02-03T12:32:55 IST" duration-ms="851" status="PASS">
          <reporter-output>
          </reporter-output>
        </test-method> <!-- Check_And_Validate_All_Details_Of_Shopping_Cart_Page_Link_Shopping_cart_page_link_Test -->
        <test-method is-config="true" signature="close()[pri:0, instance:shoppingCardSectionTestCases.Shopping_cart_page_link@543295b0]" started-at="2023-02-03T12:32:55 IST" name="close" finished-at="2023-02-03T12:32:55 IST" duration-ms="296" status="PASS">
          <reporter-output>
          </reporter-output>
        </test-method> <!-- close -->
      </class> <!-- shoppingCardSectionTestCases.Shopping_cart_page_link -->
      <class name="headerSectionTestCases.Check_mouseover_on_the_discover_link_and_it_is_showing_all_features">
        <test-method is-config="true" signature="setup()[pri:0, instance:headerSectionTestCases.Check_mouseover_on_the_discover_link_and_it_is_showing_all_features@609e8838]" started-at="2023-02-03T13:02:25 IST" name="setup" finished-at="2023-02-03T13:02:34 IST" duration-ms="9488" status="PASS">
          <reporter-output>
          </reporter-output>
        </test-method> <!-- setup -->
        <test-method is-config="true" signature="close()[pri:0, instance:headerSectionTestCases.Check_mouseover_on_the_discover_link_and_it_is_showing_all_features@609e8838]" started-at="2023-02-03T13:02:34 IST" name="close" finished-at="2023-02-03T13:02:35 IST" duration-ms="467" status="PASS">
          <reporter-output>
          </reporter-output>
        </test-method> <!-- close -->
        <test-method signature="Check_mouseover_on_the_discover_link_and_it_is_showing_all_features_Test()[pri:0, instance:headerSectionTestCases.Check_mouseover_on_the_discover_link_and_it_is_showing_all_features@609e8838]" started-at="2023-02-03T13:02:34 IST" name="Check_mouseover_on_the_discover_link_and_it_is_showing_all_features_Test" finished-at="2023-02-03T13:02:34 IST" duration-ms="0" status="PASS">
          <reporter-output>
          </reporter-output>
        </test-method> <!-- Check_mouseover_on_the_discover_link_and_it_is_showing_all_features_Test -->
      </class> <!-- headerSectionTestCases.Check_mouseover_on_the_discover_link_and_it_is_showing_all_features -->
      <class name="collectionSectionTestCases.Click_on_Batik_play_collection_and_check_of_all_shapes_of_Batik_collection">
        <test-method is-config="true" signature="setup()[pri:0, instance:collectionSectionTestCases.Click_on_Batik_play_collection_and_check_of_all_shapes_of_Batik_collection@7ce69770]" started-at="2023-02-03T12:53:02 IST" name="setup" finished-at="2023-02-03T12:53:12 IST" duration-ms="9781" status="PASS">
          <reporter-output>
          </reporter-output>
        </test-method> <!-- setup -->
        <test-method signature="Click_on_Batik_play_link_and_check_of_all_shapes_of_Batik_collection()[pri:0, instance:collectionSectionTestCases.Click_on_Batik_play_collection_and_check_of_all_shapes_of_Batik_collection@7ce69770]" started-at="2023-02-03T12:53:12 IST" name="Click_on_Batik_play_link_and_check_of_all_shapes_of_Batik_collection" finished-at="2023-02-03T12:53:17 IST" duration-ms="5283" status="PASS">
          <reporter-output>
          </reporter-output>
        </test-method> <!-- Click_on_Batik_play_link_and_check_of_all_shapes_of_Batik_collection -->
        <test-method is-config="true" signature="close()[pri:0, instance:collectionSectionTestCases.Click_on_Batik_play_collection_and_check_of_all_shapes_of_Batik_collection@7ce69770]" started-at="2023-02-03T12:53:17 IST" name="close" finished-at="2023-02-03T12:53:18 IST" duration-ms="258" status="PASS">
          <reporter-output>
          </reporter-output>
        </test-method> <!-- close -->
      </class> <!-- collectionSectionTestCases.Click_on_Batik_play_collection_and_check_of_all_shapes_of_Batik_collection -->
      <class name="headerSectionTestCases.Check_Halfmoon_shape_of_all_rugs">
        <test-method is-config="true" signature="setup()[pri:0, instance:headerSectionTestCases.Check_Halfmoon_shape_of_all_rugs@273444fe]" started-at="2023-02-03T12:48:58 IST" name="setup" finished-at="2023-02-03T12:49:08 IST" duration-ms="10431" status="PASS">
          <reporter-output>
          </reporter-output>
        </test-method> <!-- setup -->
        <test-method signature="Check_Halfmoon_shape_of_all_rugs_Test()[pri:0, instance:headerSectionTestCases.Check_Halfmoon_shape_of_all_rugs@273444fe]" started-at="2023-02-03T12:49:08 IST" name="Check_Halfmoon_shape_of_all_rugs_Test" finished-at="2023-02-03T12:49:11 IST" duration-ms="3016" status="PASS">
          <reporter-output>
          </reporter-output>
        </test-method> <!-- Check_Halfmoon_shape_of_all_rugs_Test -->
        <test-method is-config="true" signature="close()[pri:0, instance:headerSectionTestCases.Check_Halfmoon_shape_of_all_rugs@273444fe]" started-at="2023-02-03T12:49:11 IST" name="close" finished-at="2023-02-03T12:49:11 IST" duration-ms="225" status="PASS">
          <reporter-output>
          </reporter-output>
        </test-method> <!-- close -->
      </class> <!-- headerSectionTestCases.Check_Halfmoon_shape_of_all_rugs -->
      <class name="headerSectionTestCases.Check_Kids_pattern_link_and_click_all_shapes_of_Kids_pattern_rug_showing">
        <test-method is-config="true" signature="setup()[pri:0, instance:headerSectionTestCases.Check_Kids_pattern_link_and_click_all_shapes_of_Kids_pattern_rug_showing@3e27ba32]" started-at="2023-02-03T12:33:21 IST" name="setup" finished-at="2023-02-03T12:33:31 IST" duration-ms="10004" status="PASS">
          <reporter-output>
          </reporter-output>
        </test-method> <!-- setup -->
        <test-method signature="Check_Kids_pattern_link_and_click_all_shapes_of_Kids_pattern_rug_showing_Test()[pri:0, instance:headerSectionTestCases.Check_Kids_pattern_link_and_click_all_shapes_of_Kids_pattern_rug_showing@3e27ba32]" started-at="2023-02-03T12:33:31 IST" name="Check_Kids_pattern_link_and_click_all_shapes_of_Kids_pattern_rug_showing_Test" finished-at="2023-02-03T12:33:34 IST" duration-ms="3004" status="PASS">
          <reporter-output>
          </reporter-output>
        </test-method> <!-- Check_Kids_pattern_link_and_click_all_shapes_of_Kids_pattern_rug_showing_Test -->
        <test-method is-config="true" signature="close()[pri:0, instance:headerSectionTestCases.Check_Kids_pattern_link_and_click_all_shapes_of_Kids_pattern_rug_showing@3e27ba32]" started-at="2023-02-03T12:33:34 IST" name="close" finished-at="2023-02-03T12:33:34 IST" duration-ms="166" status="PASS">
          <reporter-output>
          </reporter-output>
        </test-method> <!-- close -->
      </class> <!-- headerSectionTestCases.Check_Kids_pattern_link_and_click_all_shapes_of_Kids_pattern_rug_showing -->
      <class name="formValidationSectionTestCases.Contact_Form_Validation">
        <test-method is-config="true" signature="setup()[pri:0, instance:formValidationSectionTestCases.Contact_Form_Validation@70ed52de]" started-at="2023-02-03T12:58:43 IST" name="setup" finished-at="2023-02-03T12:58:53 IST" duration-ms="10267" status="PASS">
          <reporter-output>
          </reporter-output>
        </test-method> <!-- setup -->
        <test-method signature="Test_and_verify_to_pass_all_Valid_and_invalid_data_in_contact_form_textbox_test()[pri:0, instance:formValidationSectionTestCases.Contact_Form_Validation@70ed52de]" started-at="2023-02-03T12:58:53 IST" name="Test_and_verify_to_pass_all_Valid_and_invalid_data_in_contact_form_textbox_test" finished-at="2023-02-03T12:58:56 IST" duration-ms="3026" status="PASS">
          <reporter-output>
          </reporter-output>
        </test-method> <!-- Test_and_verify_to_pass_all_Valid_and_invalid_data_in_contact_form_textbox_test -->
        <test-method is-config="true" signature="close()[pri:0, instance:formValidationSectionTestCases.Contact_Form_Validation@70ed52de]" started-at="2023-02-03T12:58:56 IST" name="close" finished-at="2023-02-03T12:58:57 IST" duration-ms="634" status="PASS">
          <reporter-output>
          </reporter-output>
        </test-method> <!-- close -->
      </class> <!-- formValidationSectionTestCases.Contact_Form_Validation -->
      <class name="headerSectionTestCases.Check_Offbeat_Link_Of_Rug_Style_and_Click_All_Shapes_of_Offbeat_Rugs">
        <test-method is-config="true" signature="setup()[pri:0, instance:headerSectionTestCases.Check_Offbeat_Link_Of_Rug_Style_and_Click_All_Shapes_of_Offbeat_Rugs@24569dba]" started-at="2023-02-03T12:58:24 IST" name="setup" finished-at="2023-02-03T12:58:34 IST" duration-ms="9799" status="PASS">
          <reporter-output>
          </reporter-output>
        </test-method> <!-- setup -->
        <test-method signature="Checfbeat_Link_Of_Rug_Style_and_Click_All_Shapes_of_Offbeat_Rugs_Test()[pri:0, instance:headerSectionTestCases.Check_Offbeat_Link_Of_Rug_Style_and_Click_All_Shapes_of_Offbeat_Rugs@24569dba]" started-at="2023-02-03T12:58:34 IST" name="Checfbeat_Link_Of_Rug_Style_and_Click_All_Shapes_of_Offbeat_Rugs_Test" finished-at="2023-02-03T12:58:34 IST" duration-ms="0" status="PASS">
          <reporter-output>
          </reporter-output>
        </test-method> <!-- Checfbeat_Link_Of_Rug_Style_and_Click_All_Shapes_of_Offbeat_Rugs_Test -->
        <test-method is-config="true" signature="close()[pri:0, instance:headerSectionTestCases.Check_Offbeat_Link_Of_Rug_Style_and_Click_All_Shapes_of_Offbeat_Rugs@24569dba]" started-at="2023-02-03T12:58:34 IST" name="close" finished-at="2023-02-03T12:58:35 IST" duration-ms="723" status="PASS">
          <reporter-output>
          </reporter-output>
        </test-method> <!-- close -->
      </class> <!-- headerSectionTestCases.Check_Offbeat_Link_Of_Rug_Style_and_Click_All_Shapes_of_Offbeat_Rugs -->
      <class name="PDPSectionTestCases.Testing_if_shapes_are_loading_correctly">
        <test-method is-config="true" signature="setup()[pri:0, instance:PDPSectionTestCases.Testing_if_shapes_are_loading_correctly@548d708a]" started-at="2023-02-03T12:37:29 IST" name="setup" finished-at="2023-02-03T12:37:40 IST" duration-ms="10610" status="PASS">
          <reporter-output>
          </reporter-output>
        </test-method> <!-- setup -->
        <test-method signature="Testing_if_shapes_are_loading_correctly_Test()[pri:0, instance:PDPSectionTestCases.Testing_if_shapes_are_loading_correctly@548d708a]" started-at="2023-02-03T12:37:40 IST" name="Testing_if_shapes_are_loading_correctly_Test" finished-at="2023-02-03T12:37:43 IST" duration-ms="3006" status="PASS">
          <reporter-output>
          </reporter-output>
        </test-method> <!-- Testing_if_shapes_are_loading_correctly_Test -->
        <test-method is-config="true" signature="close()[pri:0, instance:PDPSectionTestCases.Testing_if_shapes_are_loading_correctly@548d708a]" started-at="2023-02-03T12:37:43 IST" name="close" finished-at="2023-02-03T12:37:43 IST" duration-ms="261" status="PASS">
          <reporter-output>
          </reporter-output>
        </test-method> <!-- close -->
      </class> <!-- PDPSectionTestCases.Testing_if_shapes_are_loading_correctly -->
      <class name="headerSectionTestCases.Check_Motifs_pattern_link_and_click_all_shapes_of_Motifs_pattern_rug_showing">
        <test-method is-config="true" signature="setup()[pri:0, instance:headerSectionTestCases.Check_Motifs_pattern_link_and_click_all_shapes_of_Motifs_pattern_rug_showing@6d60fe40]" started-at="2023-02-03T13:03:01 IST" name="setup" finished-at="2023-02-03T13:03:11 IST" duration-ms="10039" status="PASS">
          <reporter-output>
          </reporter-output>
        </test-method> <!-- setup -->
        <test-method signature="Check_Motifs_pattern_link_and_click_all_shapes_of_Motifs_pattern_rug_showing_Test()[pri:0, instance:headerSectionTestCases.Check_Motifs_pattern_link_and_click_all_shapes_of_Motifs_pattern_rug_showing@6d60fe40]" started-at="2023-02-03T13:03:11 IST" name="Check_Motifs_pattern_link_and_click_all_shapes_of_Motifs_pattern_rug_showing_Test" finished-at="2023-02-03T13:03:14 IST" duration-ms="3013" status="PASS">
          <reporter-output>
          </reporter-output>
        </test-method> <!-- Check_Motifs_pattern_link_and_click_all_shapes_of_Motifs_pattern_rug_showing_Test -->
        <test-method is-config="true" signature="close()[pri:0, instance:headerSectionTestCases.Check_Motifs_pattern_link_and_click_all_shapes_of_Motifs_pattern_rug_showing@6d60fe40]" started-at="2023-02-03T13:03:14 IST" name="close" finished-at="2023-02-03T13:03:15 IST" duration-ms="217" status="PASS">
          <reporter-output>
          </reporter-output>
        </test-method> <!-- close -->
      </class> <!-- headerSectionTestCases.Check_Motifs_pattern_link_and_click_all_shapes_of_Motifs_pattern_rug_showing -->
      <class name="headerSectionTestCases.Check_Plain_Link_Of_Rug_Style_and_Click_All_Shapes_of_Plain_Rugs">
        <test-method is-config="true" signature="setup()[pri:0, instance:headerSectionTestCases.Check_Plain_Link_Of_Rug_Style_and_Click_All_Shapes_of_Plain_Rugs@7ce026d3]" started-at="2023-02-03T12:52:57 IST" name="setup" finished-at="2023-02-03T12:53:02 IST" duration-ms="4754" status="PASS">
          <reporter-output>
          </reporter-output>
        </test-method> <!-- setup -->
        <test-method is-config="true" signature="close()[pri:0, instance:headerSectionTestCases.Check_Plain_Link_Of_Rug_Style_and_Click_All_Shapes_of_Plain_Rugs@7ce026d3]" started-at="2023-02-03T12:53:02 IST" name="close" finished-at="2023-02-03T12:53:02 IST" duration-ms="252" status="PASS">
          <reporter-output>
          </reporter-output>
        </test-method> <!-- close -->
        <test-method signature="Check_Plain_Link_Of_Rug_Style_and_Click_All_Shapes_of_Plain_Rugs_Test()[pri:0, instance:headerSectionTestCases.Check_Plain_Link_Of_Rug_Style_and_Click_All_Shapes_of_Plain_Rugs@7ce026d3]" started-at="2023-02-03T12:53:02 IST" name="Check_Plain_Link_Of_Rug_Style_and_Click_All_Shapes_of_Plain_Rugs_Test" finished-at="2023-02-03T12:53:02 IST" duration-ms="0" status="PASS">
          <reporter-output>
          </reporter-output>
        </test-method> <!-- Check_Plain_Link_Of_Rug_Style_and_Click_All_Shapes_of_Plain_Rugs_Test -->
      </class> <!-- headerSectionTestCases.Check_Plain_Link_Of_Rug_Style_and_Click_All_Shapes_of_Plain_Rugs -->
      <class name="formValidationSectionTestCases.Reset_Password_Form_Validation">
        <test-method is-config="true" signature="setup()[pri:0, instance:formValidationSectionTestCases.Reset_Password_Form_Validation@7bba5817]" started-at="2023-02-03T12:38:59 IST" name="setup" finished-at="2023-02-03T12:39:10 IST" duration-ms="11168" status="PASS">
          <reporter-output>
          </reporter-output>
        </test-method> <!-- setup -->
        <test-method signature="Test_And_Verify_Reset_Password_Form_textbox_And_Validate_its()[pri:0, instance:formValidationSectionTestCases.Reset_Password_Form_Validation@7bba5817]" started-at="2023-02-03T12:39:10 IST" name="Test_And_Verify_Reset_Password_Form_textbox_And_Validate_its" finished-at="2023-02-03T12:39:13 IST" duration-ms="3007" status="PASS">
          <reporter-output>
          </reporter-output>
        </test-method> <!-- Test_And_Verify_Reset_Password_Form_textbox_And_Validate_its -->
        <test-method is-config="true" signature="close()[pri:0, instance:formValidationSectionTestCases.Reset_Password_Form_Validation@7bba5817]" started-at="2023-02-03T12:39:13 IST" name="close" finished-at="2023-02-03T12:39:14 IST" duration-ms="223" status="PASS">
          <reporter-output>
          </reporter-output>
        </test-method> <!-- close -->
      </class> <!-- formValidationSectionTestCases.Reset_Password_Form_Validation -->
      <class name="wishListSectionTestCases.Checking_wishlist">
        <test-method is-config="true" signature="setup()[pri:0, instance:wishListSectionTestCases.Checking_wishlist@663c9e7a]" started-at="2023-02-03T12:35:42 IST" name="setup" finished-at="2023-02-03T12:35:52 IST" duration-ms="9623" status="PASS">
          <reporter-output>
          </reporter-output>
        </test-method> <!-- setup -->
        <test-method signature="Select_Any_Product_Save_Add_Into_WishList_Bucket_Checking_wishlist_Test()[pri:0, instance:wishListSectionTestCases.Checking_wishlist@663c9e7a]" started-at="2023-02-03T12:35:52 IST" name="Select_Any_Product_Save_Add_Into_WishList_Bucket_Checking_wishlist_Test" finished-at="2023-02-03T12:35:56 IST" duration-ms="4242" status="PASS">
          <reporter-output>
          </reporter-output>
        </test-method> <!-- Select_Any_Product_Save_Add_Into_WishList_Bucket_Checking_wishlist_Test -->
        <test-method is-config="true" signature="close()[pri:0, instance:wishListSectionTestCases.Checking_wishlist@663c9e7a]" started-at="2023-02-03T12:35:56 IST" name="close" finished-at="2023-02-03T12:35:56 IST" duration-ms="292" status="PASS">
          <reporter-output>
          </reporter-output>
        </test-method> <!-- close -->
      </class> <!-- wishListSectionTestCases.Checking_wishlist -->
      <class name="footerSectionTestCases.Check_all_rug_mention_in_the_below_like_hand_tufted_hand_knotted_outdoor">
        <test-method is-config="true" signature="setup()[pri:0, instance:footerSectionTestCases.Check_all_rug_mention_in_the_below_like_hand_tufted_hand_knotted_outdoor@8462f31]" started-at="2023-02-03T12:58:05 IST" name="setup" finished-at="2023-02-03T12:58:14 IST" duration-ms="9191" status="PASS">
          <reporter-output>
          </reporter-output>
        </test-method> <!-- setup -->
        <test-method signature="Check_all_rug_mention_in_the_below_hand_tufted_hand_knotted_outdoor()[pri:0, instance:footerSectionTestCases.Check_all_rug_mention_in_the_below_like_hand_tufted_hand_knotted_outdoor@8462f31]" started-at="2023-02-03T12:58:14 IST" name="Check_all_rug_mention_in_the_below_hand_tufted_hand_knotted_outdoor" finished-at="2023-02-03T12:58:23 IST" duration-ms="9388" status="PASS">
          <reporter-output>
          </reporter-output>
        </test-method> <!-- Check_all_rug_mention_in_the_below_hand_tufted_hand_knotted_outdoor -->
        <test-method is-config="true" signature="close()[pri:0, instance:footerSectionTestCases.Check_all_rug_mention_in_the_below_like_hand_tufted_hand_knotted_outdoor@8462f31]" started-at="2023-02-03T12:58:23 IST" name="close" finished-at="2023-02-03T12:58:24 IST" duration-ms="766" status="PASS">
          <reporter-output>
          </reporter-output>
        </test-method> <!-- close -->
      </class> <!-- footerSectionTestCases.Check_all_rug_mention_in_the_below_like_hand_tufted_hand_knotted_outdoor -->
      <class name="PDPSectionTestCases.Testing_the_price_is_loading_correctly">
        <test-method is-config="true" signature="setup()[pri:0, instance:PDPSectionTestCases.Testing_the_price_is_loading_correctly@247310d0]" started-at="2023-02-03T13:00:15 IST" name="setup" finished-at="2023-02-03T13:00:25 IST" duration-ms="9459" status="PASS">
          <reporter-output>
          </reporter-output>
        </test-method> <!-- setup -->
        <test-method signature="Testing_the_price_is_loading_correctly_Test()[pri:0, instance:PDPSectionTestCases.Testing_the_price_is_loading_correctly@247310d0]" started-at="2023-02-03T13:00:25 IST" name="Testing_the_price_is_loading_correctly_Test" finished-at="2023-02-03T13:00:28 IST" duration-ms="3017" status="PASS">
          <reporter-output>
          </reporter-output>
        </test-method> <!-- Testing_the_price_is_loading_correctly_Test -->
        <test-method is-config="true" signature="close()[pri:0, instance:PDPSectionTestCases.Testing_the_price_is_loading_correctly@247310d0]" started-at="2023-02-03T13:00:28 IST" name="close" finished-at="2023-02-03T13:00:28 IST" duration-ms="247" status="PASS">
          <reporter-output>
          </reporter-output>
        </test-method> <!-- close -->
      </class> <!-- PDPSectionTestCases.Testing_the_price_is_loading_correctly -->
      <class name="headerSectionTestCases.Check_Rustic_pattern_link_and_click_all_shapes_of_Rustic_pattern_rug_showing">
        <test-method is-config="true" signature="setup()[pri:0, instance:headerSectionTestCases.Check_Rustic_pattern_link_and_click_all_shapes_of_Rustic_pattern_rug_showing@58cbafc2]" started-at="2023-02-03T12:34:11 IST" name="setup" finished-at="2023-02-03T12:34:21 IST" duration-ms="10406" status="PASS">
          <reporter-output>
          </reporter-output>
        </test-method> <!-- setup -->
        <test-method signature="Check_Rustic_pattern_link_and_click_all_shapes_of_Rustic_pattern_rug_showing_Test()[pri:0, instance:headerSectionTestCases.Check_Rustic_pattern_link_and_click_all_shapes_of_Rustic_pattern_rug_showing@58cbafc2]" started-at="2023-02-03T12:34:21 IST" name="Check_Rustic_pattern_link_and_click_all_shapes_of_Rustic_pattern_rug_showing_Test" finished-at="2023-02-03T12:34:24 IST" duration-ms="3011" status="PASS">
          <reporter-output>
          </reporter-output>
        </test-method> <!-- Check_Rustic_pattern_link_and_click_all_shapes_of_Rustic_pattern_rug_showing_Test -->
        <test-method is-config="true" signature="close()[pri:0, instance:headerSectionTestCases.Check_Rustic_pattern_link_and_click_all_shapes_of_Rustic_pattern_rug_showing@58cbafc2]" started-at="2023-02-03T12:34:24 IST" name="close" finished-at="2023-02-03T12:34:25 IST" duration-ms="422" status="PASS">
          <reporter-output>
          </reporter-output>
        </test-method> <!-- close -->
      </class> <!-- headerSectionTestCases.Check_Rustic_pattern_link_and_click_all_shapes_of_Rustic_pattern_rug_showing -->
      <class name="collectionSectionTestCases.Click_on_View_All_collection_and_check_of_all_shapes_of_View_All_Collection_collection">
        <test-method is-config="true" signature="setup()[pri:0, instance:collectionSectionTestCases.Click_on_View_All_collection_and_check_of_all_shapes_of_View_All_Collection_collection@74e28667]" started-at="2023-02-03T12:35:14 IST" name="setup" finished-at="2023-02-03T12:35:24 IST" duration-ms="9656" status="PASS">
          <reporter-output>
          </reporter-output>
        </test-method> <!-- setup -->
        <test-method signature="Click_on_View_All_collection_link_and_check_of_all_shapes_of_View_All_Collection_collection()[pri:0, instance:collectionSectionTestCases.Click_on_View_All_collection_and_check_of_all_shapes_of_View_All_Collection_collection@74e28667]" started-at="2023-02-03T12:35:24 IST" name="Click_on_View_All_collection_link_and_check_of_all_shapes_of_View_All_Collection_collection" finished-at="2023-02-03T12:35:29 IST" duration-ms="5201" status="PASS">
          <reporter-output>
          </reporter-output>
        </test-method> <!-- Click_on_View_All_collection_link_and_check_of_all_shapes_of_View_All_Collection_collection -->
        <test-method is-config="true" signature="close()[pri:0, instance:collectionSectionTestCases.Click_on_View_All_collection_and_check_of_all_shapes_of_View_All_Collection_collection@74e28667]" started-at="2023-02-03T12:35:29 IST" name="close" finished-at="2023-02-03T12:35:29 IST" duration-ms="314" status="PASS">
          <reporter-output>
          </reporter-output>
        </test-method> <!-- close -->
      </class> <!-- collectionSectionTestCases.Click_on_View_All_collection_and_check_of_all_shapes_of_View_All_Collection_collection -->
      <class name="PDPSectionTestCases.Testing_if_colour_suggestions_are_loading_correctly">
        <test-method is-config="true" signature="setup()[pri:0, instance:PDPSectionTestCases.Testing_if_colour_suggestions_are_loading_correctly@17fc391b]" started-at="2023-02-03T13:01:54 IST" name="setup" finished-at="2023-02-03T13:02:04 IST" duration-ms="9680" status="PASS">
          <reporter-output>
          </reporter-output>
        </test-method> <!-- setup -->
        <test-method signature="Testing_if_colour_suggestions_are_loading_correctly_Test()[pri:0, instance:PDPSectionTestCases.Testing_if_colour_suggestions_are_loading_correctly@17fc391b]" started-at="2023-02-03T13:02:04 IST" name="Testing_if_colour_suggestions_are_loading_correctly_Test" finished-at="2023-02-03T13:02:07 IST" duration-ms="3001" status="PASS">
          <reporter-output>
          </reporter-output>
        </test-method> <!-- Testing_if_colour_suggestions_are_loading_correctly_Test -->
        <test-method is-config="true" signature="close()[pri:0, instance:PDPSectionTestCases.Testing_if_colour_suggestions_are_loading_correctly@17fc391b]" started-at="2023-02-03T13:02:07 IST" name="close" finished-at="2023-02-03T13:02:07 IST" duration-ms="396" status="PASS">
          <reporter-output>
          </reporter-output>
        </test-method> <!-- close -->
      </class> <!-- PDPSectionTestCases.Testing_if_colour_suggestions_are_loading_correctly -->
      <class name="headerSectionTestCases.Check_Abstract_Link_Of_Rug_Style_and_Click_All_Shapes_of_Abstract_Rugs">
        <test-method is-config="true" signature="setup()[pri:0, instance:headerSectionTestCases.Check_Abstract_Link_Of_Rug_Style_and_Click_All_Shapes_of_Abstract_Rugs@710c2b53]" started-at="2023-02-03T12:51:49 IST" name="setup" finished-at="2023-02-03T12:51:54 IST" duration-ms="5114" status="PASS">
          <reporter-output>
          </reporter-output>
        </test-method> <!-- setup -->
        <test-method signature="Check_Abstract_Link_Of_Rug_Style_and_Click_All_Shapes_of_Abstract_Rugs_Test()[pri:0, instance:headerSectionTestCases.Check_Abstract_Link_Of_Rug_Style_and_Click_All_Shapes_of_Abstract_Rugs@710c2b53]" started-at="2023-02-03T12:51:54 IST" name="Check_Abstract_Link_Of_Rug_Style_and_Click_All_Shapes_of_Abstract_Rugs_Test" finished-at="2023-02-03T12:52:06 IST" duration-ms="11962" status="PASS">
          <reporter-output>
          </reporter-output>
        </test-method> <!-- Check_Abstract_Link_Of_Rug_Style_and_Click_All_Shapes_of_Abstract_Rugs_Test -->
        <test-method is-config="true" signature="close()[pri:0, instance:headerSectionTestCases.Check_Abstract_Link_Of_Rug_Style_and_Click_All_Shapes_of_Abstract_Rugs@710c2b53]" started-at="2023-02-03T12:52:06 IST" name="close" finished-at="2023-02-03T12:52:07 IST" duration-ms="314" status="PASS">
          <reporter-output>
          </reporter-output>
        </test-method> <!-- close -->
      </class> <!-- headerSectionTestCases.Check_Abstract_Link_Of_Rug_Style_and_Click_All_Shapes_of_Abstract_Rugs -->
      <class name="PDPSectionTestCases.Testing_the_quantity">
        <test-method is-config="true" signature="setup()[pri:0, instance:PDPSectionTestCases.Testing_the_quantity@7188af83]" started-at="2023-02-03T12:59:32 IST" name="setup" finished-at="2023-02-03T12:59:44 IST" duration-ms="11578" status="PASS">
          <reporter-output>
          </reporter-output>
        </test-method> <!-- setup -->
        <test-method signature="Testing_the_quantity_Test()[pri:0, instance:PDPSectionTestCases.Testing_the_quantity@7188af83]" started-at="2023-02-03T12:59:44 IST" name="Testing_the_quantity_Test" finished-at="2023-02-03T12:59:47 IST" duration-ms="3013" status="PASS">
          <reporter-output>
          </reporter-output>
        </test-method> <!-- Testing_the_quantity_Test -->
        <test-method is-config="true" signature="close()[pri:0, instance:PDPSectionTestCases.Testing_the_quantity@7188af83]" started-at="2023-02-03T12:59:47 IST" name="close" finished-at="2023-02-03T12:59:47 IST" duration-ms="251" status="PASS">
          <reporter-output>
          </reporter-output>
        </test-method> <!-- close -->
      </class> <!-- PDPSectionTestCases.Testing_the_quantity -->
      <class name="homeSectionTestCases.Ckeck_all_project_links">
        <test-method is-config="true" signature="setup()[pri:0, instance:homeSectionTestCases.Ckeck_all_project_links@5149d738]" started-at="2023-02-03T12:36:32 IST" name="setup" finished-at="2023-02-03T12:36:42 IST" duration-ms="9941" status="PASS">
          <reporter-output>
          </reporter-output>
        </test-method> <!-- setup -->
        <test-method signature="Ckeck_all_project_links_Test()[pri:0, instance:homeSectionTestCases.Ckeck_all_project_links@5149d738]" started-at="2023-02-03T12:36:42 IST" name="Ckeck_all_project_links_Test" finished-at="2023-02-03T12:36:48 IST" duration-ms="6009" status="PASS">
          <reporter-output>
          </reporter-output>
        </test-method> <!-- Ckeck_all_project_links_Test -->
        <test-method is-config="true" signature="close()[pri:0, instance:homeSectionTestCases.Ckeck_all_project_links@5149d738]" started-at="2023-02-03T12:36:48 IST" name="close" finished-at="2023-02-03T12:36:48 IST" duration-ms="252" status="PASS">
          <reporter-output>
          </reporter-output>
        </test-method> <!-- close -->
      </class> <!-- homeSectionTestCases.Ckeck_all_project_links -->
      <class name="shoppingCardSectionTestCases.Shopping_cart_order_summary_testing">
        <test-method is-config="true" signature="setup()[pri:0, instance:shoppingCardSectionTestCases.Shopping_cart_order_summary_testing@5b247367]" started-at="2023-02-03T12:53:32 IST" name="setup" finished-at="2023-02-03T12:53:41 IST" duration-ms="9516" status="PASS">
          <reporter-output>
          </reporter-output>
        </test-method> <!-- setup -->
        <test-method signature="Check_And_Validate_Shopping_Cart_Summary_Testing_Details_Shopping_cart_order_summary_testing_Test()[pri:0, instance:shoppingCardSectionTestCases.Shopping_cart_order_summary_testing@5b247367]" started-at="2023-02-03T12:53:41 IST" name="Check_And_Validate_Shopping_Cart_Summary_Testing_Details_Shopping_cart_order_summary_testing_Test" finished-at="2023-02-03T12:53:42 IST" duration-ms="688" status="PASS">
          <reporter-output>
          </reporter-output>
        </test-method> <!-- Check_And_Validate_Shopping_Cart_Summary_Testing_Details_Shopping_cart_order_summary_testing_Test -->
        <test-method is-config="true" signature="close()[pri:0, instance:shoppingCardSectionTestCases.Shopping_cart_order_summary_testing@5b247367]" started-at="2023-02-03T12:53:42 IST" name="close" finished-at="2023-02-03T12:53:42 IST" duration-ms="522" status="PASS">
          <reporter-output>
          </reporter-output>
        </test-method> <!-- close -->
      </class> <!-- shoppingCardSectionTestCases.Shopping_cart_order_summary_testing -->
      <class name="shoppingCardSectionTestCases.Shopping_Cart_Page_Testing">
        <test-method is-config="true" signature="setup()[pri:0, instance:shoppingCardSectionTestCases.Shopping_Cart_Page_Testing@3a7442c7]" started-at="2023-02-03T12:37:03 IST" name="setup" finished-at="2023-02-03T12:37:13 IST" duration-ms="9741" status="PASS">
          <reporter-output>
          </reporter-output>
        </test-method> <!-- setup -->
        <test-method signature="Shopping_Cart_Page_Testing_Test()[pri:0, instance:shoppingCardSectionTestCases.Shopping_Cart_Page_Testing@3a7442c7]" started-at="2023-02-03T12:37:13 IST" name="Shopping_Cart_Page_Testing_Test" finished-at="2023-02-03T12:37:14 IST" duration-ms="935" status="PASS">
          <reporter-output>
          </reporter-output>
        </test-method> <!-- Shopping_Cart_Page_Testing_Test -->
        <test-method is-config="true" signature="close()[pri:0, instance:shoppingCardSectionTestCases.Shopping_Cart_Page_Testing@3a7442c7]" started-at="2023-02-03T12:37:14 IST" name="close" finished-at="2023-02-03T12:37:14 IST" duration-ms="245" status="PASS">
          <reporter-output>
          </reporter-output>
        </test-method> <!-- close -->
      </class> <!-- shoppingCardSectionTestCases.Shopping_Cart_Page_Testing -->
      <class name="headerSectionTestCases.Check_Linear_Link_Of_Rug_Style_and_Click_All_Shapes_of_Linear_Rugs">
        <test-method is-config="true" signature="setup()[pri:0, instance:headerSectionTestCases.Check_Linear_Link_Of_Rug_Style_and_Click_All_Shapes_of_Linear_Rugs@14028087]" started-at="2023-02-03T12:52:18 IST" name="setup" finished-at="2023-02-03T12:52:28 IST" duration-ms="10269" status="PASS">
          <reporter-output>
          </reporter-output>
        </test-method> <!-- setup -->
[...]
          <reporter-output>
          </reporter-output>
        </test-method> <!-- setup -->
        <test-method signature="Click_on_Trade_link_and_pass_all_data_and_verify_all_textbox_Test()[pri:0, instance:headerSectionTestCases.Click_on_Trade_link_and_pass_all_data_and_verify_all_textbox@33065d67]" started-at="2023-02-03T12:38:35 IST" name="Click_on_Trade_link_and_pass_all_data_and_verify_all_textbox_Test" finished-at="2023-02-03T12:38:43 IST" duration-ms="7095" status="PASS">
          <reporter-output>
          </reporter-output>
        </test-method> <!-- Click_on_Trade_link_and_pass_all_data_and_verify_all_textbox_Test -->
        <test-method is-config="true" signature="close()[pri:0, instance:headerSectionTestCases.Click_on_Trade_link_and_pass_all_data_and_verify_all_textbox@33065d67]" started-at="2023-02-03T12:38:43 IST" name="close" finished-at="2023-02-03T12:38:43 IST" duration-ms="208" status="PASS">
          <reporter-output>
          </reporter-output>
        </test-method> <!-- close -->
      </class> <!-- headerSectionTestCases.Click_on_Trade_link_and_pass_all_data_and_verify_all_textbox -->
      <class name="collectionSectionTestCases.Click_on_Animal_Prints_collection_and_check_of_all_shapes_of_Animal_Prints_collection">
        <test-method is-config="true" signature="setup()[pri:0, instance:collectionSectionTestCases.Click_on_Animal_Prints_collection_and_check_of_all_shapes_of_Animal_Prints_collection@4681c175]" started-at="2023-02-03T12:50:33 IST" name="setup" finished-at="2023-02-03T12:50:44 IST" duration-ms="10886" status="PASS">
          <reporter-output>
          </reporter-output>
        </test-method> <!-- setup -->
        <test-method signature="Click_on_Animal_Prints_link_and_check_of_all_shapes_of_Animal_Prints_collection()[pri:0, instance:collectionSectionTestCases.Click_on_Animal_Prints_collection_and_check_of_all_shapes_of_Animal_Prints_collection@4681c175]" started-at="2023-02-03T12:50:44 IST" name="Click_on_Animal_Prints_link_and_check_of_all_shapes_of_Animal_Prints_collection" finished-at="2023-02-03T12:50:49 IST" duration-ms="5181" status="PASS">
          <reporter-output>
          </reporter-output>
        </test-method> <!-- Click_on_Animal_Prints_link_and_check_of_all_shapes_of_Animal_Prints_collection -->
        <test-method is-config="true" signature="close()[pri:0, instance:collectionSectionTestCases.Click_on_Animal_Prints_collection_and_check_of_all_shapes_of_Animal_Prints_collection@4681c175]" started-at="2023-02-03T12:50:49 IST" name="close" finished-at="2023-02-03T12:50:49 IST" duration-ms="263" status="PASS">
          <reporter-output>
          </reporter-output>
        </test-method> <!-- close -->
      </class> <!-- collectionSectionTestCases.Click_on_Animal_Prints_collection_and_check_of_all_shapes_of_Animal_Prints_collection -->
      <class name="checkOutPageSectionTestCases.Checkout_page_City">
        <test-method is-config="true" signature="setup()[pri:0, instance:checkOutPageSectionTestCases.Checkout_page_City@1cf6d1be]" started-at="2023-02-03T12:35:29 IST" name="setup" finished-at="2023-02-03T12:35:39 IST" duration-ms="9644" status="PASS">
          <reporter-output>
          </reporter-output>
        </test-method> <!-- setup -->
        <test-method signature="Test_And_Verify_is_able_to_Pass_city_is_Name_in_checkoutPage()[pri:0, instance:checkOutPageSectionTestCases.Checkout_page_City@1cf6d1be]" started-at="2023-02-03T12:35:39 IST" name="Test_And_Verify_is_able_to_Pass_city_is_Name_in_checkoutPage" finished-at="2023-02-03T12:35:42 IST" duration-ms="3006" status="PASS">
          <reporter-output>
          </reporter-output>
        </test-method> <!-- Test_And_Verify_is_able_to_Pass_city_is_Name_in_checkoutPage -->
        <test-method is-config="true" signature="close()[pri:0, instance:checkOutPageSectionTestCases.Checkout_page_City@1cf6d1be]" started-at="2023-02-03T12:35:42 IST" name="close" finished-at="2023-02-03T12:35:42 IST" duration-ms="215" status="PASS">
          <reporter-output>
          </reporter-output>
        </test-method> <!-- close -->
      </class> <!-- checkOutPageSectionTestCases.Checkout_page_City -->
      <class name="collectionSectionTestCases.Mouse_over_on_collection_link">
        <test-method is-config="true" signature="setup()[pri:0, instance:collectionSectionTestCases.Mouse_over_on_collection_link@712625fd]" started-at="2023-02-03T12:38:43 IST" name="setup" finished-at="2023-02-03T12:38:54 IST" duration-ms="10783" status="PASS">
          <reporter-output>
          </reporter-output>
        </test-method> <!-- setup -->
        <test-method signature="Test_mouse_over_on_collection_link_and_check_all_collection_is_showing_or_not()[pri:0, instance:collectionSectionTestCases.Mouse_over_on_collection_link@712625fd]" started-at="2023-02-03T12:38:54 IST" name="Test_mouse_over_on_collection_link_and_check_all_collection_is_showing_or_not" finished-at="2023-02-03T12:38:59 IST" duration-ms="5525" status="PASS">
          <reporter-output>
          </reporter-output>
        </test-method> <!-- Test_mouse_over_on_collection_link_and_check_all_collection_is_showing_or_not -->
        <test-method is-config="true" signature="close()[pri:0, instance:collectionSectionTestCases.Mouse_over_on_collection_link@712625fd]" started-at="2023-02-03T12:38:59 IST" name="close" finished-at="2023-02-03T12:38:59 IST" duration-ms="159" status="PASS">
          <reporter-output>
          </reporter-output>
        </test-method> <!-- close -->
      </class> <!-- collectionSectionTestCases.Mouse_over_on_collection_link -->
      <class name="footerSectionTestCases.Check_all_about_links">
        <test-method is-config="true" signature="setup()[pri:0, instance:footerSectionTestCases.Check_all_about_links@31ea9581]" started-at="2023-02-03T12:55:18 IST" name="setup" finished-at="2023-02-03T12:55:29 IST" duration-ms="10975" status="PASS">
          <reporter-output>
          </reporter-output>
        </test-method> <!-- setup -->
        <test-method signature="click_on_all_about_links()[pri:0, instance:footerSectionTestCases.Check_all_about_links@31ea9581]" started-at="2023-02-03T12:55:29 IST" name="click_on_all_about_links" finished-at="2023-02-03T12:55:31 IST" duration-ms="1852" status="PASS">
          <reporter-output>
          </reporter-output>
        </test-method> <!-- click_on_all_about_links -->
        <test-method is-config="true" signature="close()[pri:0, instance:footerSectionTestCases.Check_all_about_links@31ea9581]" started-at="2023-02-03T12:55:31 IST" name="close" finished-at="2023-02-03T12:55:32 IST" duration-ms="1045" status="PASS">
          <reporter-output>
          </reporter-output>
        </test-method> <!-- close -->
      </class> <!-- footerSectionTestCases.Check_all_about_links -->
      <class name="formValidationSectionTestCases.Join_Us_Form_Validation">
        <test-method is-config="true" signature="setup()[pri:0, instance:formValidationSectionTestCases.Join_Us_Form_Validation@75437611]" started-at="2023-02-03T12:39:26 IST" name="setup" finished-at="2023-02-03T12:39:36 IST" duration-ms="9467" status="PASS">
          <reporter-output>
          </reporter-output>
        </test-method> <!-- setup -->
        <test-method signature="Test_And_Verify_to_Pass_valid_and_invalid_data_in_Join_Us_Account_creation_for_new_user()[pri:0, instance:formValidationSectionTestCases.Join_Us_Form_Validation@75437611]" started-at="2023-02-03T12:39:36 IST" name="Test_And_Verify_to_Pass_valid_and_invalid_data_in_Join_Us_Account_creation_for_new_user" finished-at="2023-02-03T12:39:39 IST" duration-ms="3000" status="PASS">
          <reporter-output>
          </reporter-output>
        </test-method> <!-- Test_And_Verify_to_Pass_valid_and_invalid_data_in_Join_Us_Account_creation_for_new_user -->
        <test-method is-config="true" signature="close()[pri:0, instance:formValidationSectionTestCases.Join_Us_Form_Validation@75437611]" started-at="2023-02-03T12:39:39 IST" name="close" finished-at="2023-02-03T12:39:39 IST" duration-ms="261" status="PASS">
          <reporter-output>
          </reporter-output>
        </test-method> <!-- close -->
      </class> <!-- formValidationSectionTestCases.Join_Us_Form_Validation -->
      <class name="myAccountInformationSectionTestCases.Reset_Password_Form_Validation">
        <test-method is-config="true" signature="setup()[pri:0, instance:myAccountInformationSectionTestCases.Reset_Password_Form_Validation@6c284af]" started-at="2023-02-03T12:54:29 IST" name="setup" finished-at="2023-02-03T12:54:40 IST" duration-ms="10561" status="PASS">
          <reporter-output>
          </reporter-output>
        </test-method> <!-- setup -->
        <test-method signature="Test_And_Verify_Reset_Password_Form_textbox_And_Validate_its()[pri:0, instance:myAccountInformationSectionTestCases.Reset_Password_Form_Validation@6c284af]" started-at="2023-02-03T12:54:40 IST" name="Test_And_Verify_Reset_Password_Form_textbox_And_Validate_its" finished-at="2023-02-03T12:54:43 IST" duration-ms="3029" status="PASS">
          <reporter-output>
          </reporter-output>
        </test-method> <!-- Test_And_Verify_Reset_Password_Form_textbox_And_Validate_its -->
        <test-method is-config="true" signature="close()[pri:0, instance:myAccountInformationSectionTestCases.Reset_Password_Form_Validation@6c284af]" started-at="2023-02-03T12:54:43 IST" name="close" finished-at="2023-02-03T12:54:43 IST" duration-ms="744" status="PASS">
          <reporter-output>
          </reporter-output>
        </test-method> <!-- close -->
      </class> <!-- myAccountInformationSectionTestCases.Reset_Password_Form_Validation -->
      <class name="headerSectionTestCases.Click_on_sign_in_and_verify_whether_it_is_data_can_pass_email_and_password_textbox">
        <test-method is-config="true" signature="setup()[pri:0, instance:headerSectionTestCases.Click_on_sign_in_and_verify_whether_it_is_data_can_pass_email_and_password_textbox@4c60d6e9]" started-at="2023-02-03T12:40:36 IST" name="setup" finished-at="2023-02-03T12:40:46 IST" duration-ms="9922" status="PASS">
          <reporter-output>
          </reporter-output>
        </test-method> <!-- setup -->
        <test-method signature="Click_on_sign_in_and_verify_whether_it_is_data_can_pass_email_and_password_textbox_Test()[pri:0, instance:headerSectionTestCases.Click_on_sign_in_and_verify_whether_it_is_data_can_pass_email_and_password_textbox@4c60d6e9]" started-at="2023-02-03T12:40:46 IST" name="Click_on_sign_in_and_verify_whether_it_is_data_can_pass_email_and_password_textbox_Test" finished-at="2023-02-03T12:40:49 IST" duration-ms="3001" status="PASS">
          <reporter-output>
          </reporter-output>
        </test-method> <!-- Click_on_sign_in_and_verify_whether_it_is_data_can_pass_email_and_password_textbox_Test -->
        <test-method is-config="true" signature="close()[pri:0, instance:headerSectionTestCases.Click_on_sign_in_and_verify_whether_it_is_data_can_pass_email_and_password_textbox@4c60d6e9]" started-at="2023-02-03T12:40:49 IST" name="close" finished-at="2023-02-03T12:40:50 IST" duration-ms="358" status="PASS">
          <reporter-output>
          </reporter-output>
        </test-method> <!-- close -->
      </class> <!-- headerSectionTestCases.Click_on_sign_in_and_verify_whether_it_is_data_can_pass_email_and_password_textbox -->
      <class name="footerSectionTestCases.Check_all_guides_link_related_to_this_link">
        <test-method is-config="true" signature="setup()[pri:0, instance:footerSectionTestCases.Check_all_guides_link_related_to_this_link@413d1baf]" started-at="2023-02-03T12:48:11 IST" name="setup" finished-at="2023-02-03T12:48:25 IST" duration-ms="13940" status="PASS">
          <reporter-output>
          </reporter-output>
        </test-method> <!-- setup -->
        <test-method signature="check_All_guides_links_related_to_this_module()[pri:0, instance:footerSectionTestCases.Check_all_guides_link_related_to_this_link@413d1baf]" started-at="2023-02-03T12:48:25 IST" name="check_All_guides_links_related_to_this_module" finished-at="2023-02-03T12:48:27 IST" duration-ms="2027" status="PASS">
          <reporter-output>
          </reporter-output>
        </test-method> <!-- check_All_guides_links_related_to_this_module -->
        <test-method is-config="true" signature="close()[pri:0, instance:footerSectionTestCases.Check_all_guides_link_related_to_this_link@413d1baf]" started-at="2023-02-03T12:48:27 IST" name="close" finished-at="2023-02-03T12:48:27 IST" duration-ms="330" status="PASS">
          <reporter-output>
          </reporter-output>
        </test-method> <!-- close -->
      </class> <!-- footerSectionTestCases.Check_all_guides_link_related_to_this_link -->
      <class name="headerSectionTestCases.Check_Runner_shape_of_all_rugs">
        <test-method is-config="true" signature="setup()[pri:0, instance:headerSectionTestCases.Check_Runner_shape_of_all_rugs@53fb3dab]" started-at="2023-02-03T12:37:58 IST" name="setup" finished-at="2023-02-03T12:38:08 IST" duration-ms="10064" status="PASS">
          <reporter-output>
          </reporter-output>
        </test-method> <!-- setup -->
        <test-method signature="Check_Runner_shape_of_all_rugs_Test()[pri:0, instance:headerSectionTestCases.Check_Runner_shape_of_all_rugs@53fb3dab]" started-at="2023-02-03T12:38:08 IST" name="Check_Runner_shape_of_all_rugs_Test" finished-at="2023-02-03T12:38:11 IST" duration-ms="3026" status="PASS">
          <reporter-output>
          </reporter-output>
        </test-method> <!-- Check_Runner_shape_of_all_rugs_Test -->
        <test-method is-config="true" signature="close()[pri:0, instance:headerSectionTestCases.Check_Runner_shape_of_all_rugs@53fb3dab]" started-at="2023-02-03T12:38:11 IST" name="close" finished-at="2023-02-03T12:38:12 IST" duration-ms="536" status="PASS">
          <reporter-output>
          </reporter-output>
        </test-method> <!-- close -->
      </class> <!-- headerSectionTestCases.Check_Runner_shape_of_all_rugs -->
      <class name="footerSectionTestCases.Check_address_link">
        <test-method is-config="true" signature="setup()[pri:0, instance:footerSectionTestCases.Check_address_link@79e4c792]" started-at="2023-02-03T12:40:13 IST" name="setup" finished-at="2023-02-03T12:40:23 IST" duration-ms="10673" status="PASS">
          <reporter-output>
          </reporter-output>
        </test-method> <!-- setup -->
        <test-method signature="verify_whether_address_link_showing_Test()[pri:0, instance:footerSectionTestCases.Check_address_link@79e4c792]" started-at="2023-02-03T12:40:23 IST" name="verify_whether_address_link_showing_Test" finished-at="2023-02-03T12:40:23 IST" duration-ms="0" status="PASS">
          <reporter-output>
          </reporter-output>
        </test-method> <!-- verify_whether_address_link_showing_Test -->
        <test-method is-config="true" signature="close()[pri:0, instance:footerSectionTestCases.Check_address_link@79e4c792]" started-at="2023-02-03T12:40:23 IST" name="close" finished-at="2023-02-03T12:40:24 IST" duration-ms="219" status="PASS">
          <reporter-output>
          </reporter-output>
        </test-method> <!-- close -->
      </class> <!-- footerSectionTestCases.Check_address_link -->
      <class name="formValidationSectionTestCases.CheckOut_Form_Form_Validation">
        <test-method is-config="true" signature="setup()[pri:0, instance:formValidationSectionTestCases.CheckOut_Form_Form_Validation@4b29d1d2]" started-at="2023-02-03T12:41:43 IST" name="setup" finished-at="2023-02-03T12:41:53 IST" duration-ms="10457" status="PASS">
          <reporter-output>
          </reporter-output>
        </test-method> <!-- setup -->
        <test-method signature="Check_All_textbox_which_come_into_CheckOut_Page_Checkout_Form_Validation_Test()[pri:0, instance:formValidationSectionTestCases.CheckOut_Form_Form_Validation@4b29d1d2]" started-at="2023-02-03T12:41:53 IST" name="Check_All_textbox_which_come_into_CheckOut_Page_Checkout_Form_Validation_Test" finished-at="2023-02-03T12:41:54 IST" duration-ms="347" status="PASS">
          <reporter-output>
          </reporter-output>
        </test-method> <!-- Check_All_textbox_which_come_into_CheckOut_Page_Checkout_Form_Validation_Test -->
        <test-method is-config="true" signature="close()[pri:0, instance:formValidationSectionTestCases.CheckOut_Form_Form_Validation@4b29d1d2]" started-at="2023-02-03T12:41:54 IST" name="close" finished-at="2023-02-03T12:41:54 IST" duration-ms="239" status="PASS">
          <reporter-output>
          </reporter-output>
        </test-method> <!-- close -->
      </class> <!-- formValidationSectionTestCases.CheckOut_Form_Form_Validation -->
      <class name="contactFormSectionTestCases.Contact_Form_Validation">
        <test-method is-config="true" signature="setup()[pri:0, instance:contactFormSectionTestCases.Contact_Form_Validation@1caa0244]" started-at="2023-02-03T12:52:44 IST" name="setup" finished-at="2023-02-03T12:52:54 IST" duration-ms="9761" status="PASS">
          <reporter-output>
          </reporter-output>
        </test-method> <!-- setup -->
        <test-method signature="Test_and_verify_to_pass_all_Valid_and_invalid_data_in_contact_form_textbox_test()[pri:0, instance:contactFormSectionTestCases.Contact_Form_Validation@1caa0244]" started-at="2023-02-03T12:52:54 IST" name="Test_and_verify_to_pass_all_Valid_and_invalid_data_in_contact_form_textbox_test" finished-at="2023-02-03T12:52:57 IST" duration-ms="3004" status="PASS">
          <reporter-output>
          </reporter-output>
        </test-method> <!-- Test_and_verify_to_pass_all_Valid_and_invalid_data_in_contact_form_textbox_test -->
        <test-method is-config="true" signature="close()[pri:0, instance:contactFormSectionTestCases.Contact_Form_Validation@1caa0244]" started-at="2023-02-03T12:52:57 IST" name="close" finished-at="2023-02-03T12:52:57 IST" duration-ms="217" status="PASS">
          <reporter-output>
          </reporter-output>
        </test-method> <!-- close -->
      </class> <!-- contactFormSectionTestCases.Contact_Form_Validation -->
      <class name="collectionSectionTestCases.Click_on_Terrazo_play_collection_and_check_of_all_shapes_of_Terrazo_collection">
        <test-method is-config="true" signature="setup()[pri:0, instance:collectionSectionTestCases.Click_on_Terrazo_play_collection_and_check_of_all_shapes_of_Terrazo_collection@28261e8e]" started-at="2023-02-03T12:42:08 IST" name="setup" finished-at="2023-02-03T12:42:18 IST" duration-ms="9976" status="PASS">
          <reporter-output>
          </reporter-output>
        </test-method> <!-- setup -->
        <test-method signature="Click_on_Terrazo_play_link_and_check_of_all_shapes_of_Terrazo_collection()[pri:0, instance:collectionSectionTestCases.Click_on_Terrazo_play_collection_and_check_of_all_shapes_of_Terrazo_collection@28261e8e]" started-at="2023-02-03T12:42:18 IST" name="Click_on_Terrazo_play_link_and_check_of_all_shapes_of_Terrazo_collection" finished-at="2023-02-03T12:42:23 IST" duration-ms="5242" status="PASS">
          <reporter-output>
          </reporter-output>
        </test-method> <!-- Click_on_Terrazo_play_link_and_check_of_all_shapes_of_Terrazo_collection -->
        <test-method is-config="true" signature="close()[pri:0, instance:collectionSectionTestCases.Click_on_Terrazo_play_collection_and_check_of_all_shapes_of_Terrazo_collection@28261e8e]" started-at="2023-02-03T12:42:23 IST" name="close" finished-at="2023-02-03T12:42:24 IST" duration-ms="308" status="PASS">
          <reporter-output>
          </reporter-output>
        </test-method> <!-- close -->
      </class> <!-- collectionSectionTestCases.Click_on_Terrazo_play_collection_and_check_of_all_shapes_of_Terrazo_collection -->
    </test> <!-- Test -->
  </suite> <!-- Suite -->
</testng-results>
