<?xml version="1.0" encoding="UTF-8"?>
<testng-results ignored="0" total="141" passed="140" failed="1" skipped="0">
  <reporter-output>
  </reporter-output>
  <suite started-at="2023-02-03T06:51:49 IST" name="Suite" finished-at="2023-02-03T07:28:06 IST" duration-ms="2176883">
    <groups>
    </groups>
    <test started-at="2023-02-03T06:51:49 IST" name="Test" finished-at="2023-02-03T07:28:06 IST" duration-ms="2176883">
      <class name="headerSectionTestCases.Check_whether_mouseover_and_properly_all_rug_pattern_showing">
        <test-method is-config="true" signature="setup()[pri:0, instance:headerSectionTestCases.Check_whether_mouseover_and_properly_all_rug_pattern_showing@4201c465]" started-at="2023-02-03T07:18:23 IST" name="setup" finished-at="2023-02-03T07:18:28 IST" duration-ms="5113" status="PASS">
          <reporter-output>
          </reporter-output>
        </test-method> <!-- setup -->
        <test-method signature="Check_whether_mouseover_and_properly_all_rug_pattern_showing_Test()[pri:0, instance:headerSectionTestCases.Check_whether_mouseover_and_properly_all_rug_pattern_showing@4201c465]" started-at="2023-02-03T07:18:28 IST" name="Check_whether_mouseover_and_properly_all_rug_pattern_showing_Test" finished-at="2023-02-03T07:18:31 IST" duration-ms="3011" status="PASS">
          <reporter-output>
          </reporter-output>
        </test-method> <!-- Check_whether_mouseover_and_properly_all_rug_pattern_showing_Test -->
        <test-method is-config="true" signature="close()[pri:0, instance:headerSectionTestCases.Check_whether_mouseover_and_properly_all_rug_pattern_showing@4201c465]" started-at="2023-02-03T07:18:31 IST" name="close" finished-at="2023-02-03T07:18:31 IST" duration-ms="283" status="PASS">
          <reporter-output>
          </reporter-output>
        </test-method> <!-- close -->
      </class> <!-- headerSectionTestCases.Check_whether_mouseover_and_properly_all_rug_pattern_showing -->
      <class name="checkOutPageSectionTestCases.Checkout_page_Zip_Postalcode">
        <test-method is-config="true" signature="setup()[pri:0, instance:checkOutPageSectionTestCases.Checkout_page_Zip_Postalcode@305ffe9e]" started-at="2023-02-03T07:06:20 IST" name="setup" finished-at="2023-02-03T07:06:29 IST" duration-ms="9351" status="PASS">
          <reporter-output>
          </reporter-output>
        </test-method> <!-- setup -->
        <test-method signature="Check_And_Verify_To_Pass_Data_In_Zip_Postalcode_Textbox_Checkout_page_Zip_Postalcode_Test()[pri:0, instance:checkOutPageSectionTestCases.Checkout_page_Zip_Postalcode@305ffe9e]" started-at="2023-02-03T07:06:29 IST" name="Check_And_Verify_To_Pass_Data_In_Zip_Postalcode_Textbox_Checkout_page_Zip_Postalcode_Test" finished-at="2023-02-03T07:06:32 IST" duration-ms="3011" status="PASS">
          <reporter-output>
          </reporter-output>
        </test-method> <!-- Check_And_Verify_To_Pass_Data_In_Zip_Postalcode_Textbox_Checkout_page_Zip_Postalcode_Test -->
        <test-method is-config="true" signature="close()[pri:0, instance:checkOutPageSectionTestCases.Checkout_page_Zip_Postalcode@305ffe9e]" started-at="2023-02-03T07:06:32 IST" name="close" finished-at="2023-02-03T07:06:32 IST" duration-ms="348" status="PASS">
          <reporter-output>
          </reporter-output>
        </test-method> <!-- close -->
      </class> <!-- checkOutPageSectionTestCases.Checkout_page_Zip_Postalcode -->
      <class name="PDPSectionTestCases.Testing_if_sizes_are_loading_correctly">
        <test-method is-config="true" signature="setup()[pri:0, instance:PDPSectionTestCases.Testing_if_sizes_are_loading_correctly@7a5ceedd]" started-at="2023-02-03T07:18:10 IST" name="setup" finished-at="2023-02-03T07:18:20 IST" duration-ms="10122" status="PASS">
          <reporter-output>
          </reporter-output>
        </test-method> <!-- setup -->
        <test-method signature="Testing_if_sizes_are_loading_correctly_TestZ()[pri:0, instance:PDPSectionTestCases.Testing_if_sizes_are_loading_correctly@7a5ceedd]" started-at="2023-02-03T07:18:20 IST" name="Testing_if_sizes_are_loading_correctly_TestZ" finished-at="2023-02-03T07:18:23 IST" duration-ms="3011" status="PASS">
          <reporter-output>
          </reporter-output>
        </test-method> <!-- Testing_if_sizes_are_loading_correctly_TestZ -->
        <test-method is-config="true" signature="close()[pri:0, instance:PDPSectionTestCases.Testing_if_sizes_are_loading_correctly@7a5ceedd]" started-at="2023-02-03T07:18:23 IST" name="close" finished-at="2023-02-03T07:18:23 IST" duration-ms="351" status="PASS">
          <reporter-output>
          </reporter-output>
        </test-method> <!-- close -->
      </class> <!-- PDPSectionTestCases.Testing_if_sizes_are_loading_correctly -->
      <class name="collectionSectionTestCases.Click_on_Origami_collection_and_check_of_all_shapes_of_Origami_collection">
        <test-method is-config="true" signature="setup()[pri:0, instance:collectionSectionTestCases.Click_on_Origami_collection_and_check_of_all_shapes_of_Origami_collection@609e8838]" started-at="2023-02-03T07:03:59 IST" name="setup" finished-at="2023-02-03T07:04:10 IST" duration-ms="10568" status="PASS">
          <reporter-output>
          </reporter-output>
        </test-method> <!-- setup -->
        <test-method signature="Click_on_Origami_link_and_check_of_all_shapes_of_Origami_collection()[pri:0, instance:collectionSectionTestCases.Click_on_Origami_collection_and_check_of_all_shapes_of_Origami_collection@609e8838]" started-at="2023-02-03T07:04:10 IST" name="Click_on_Origami_link_and_check_of_all_shapes_of_Origami_collection" finished-at="2023-02-03T07:04:15 IST" duration-ms="5219" status="PASS">
          <reporter-output>
          </reporter-output>
        </test-method> <!-- Click_on_Origami_link_and_check_of_all_shapes_of_Origami_collection -->
        <test-method is-config="true" signature="close()[pri:0, instance:collectionSectionTestCases.Click_on_Origami_collection_and_check_of_all_shapes_of_Origami_collection@609e8838]" started-at="2023-02-03T07:04:15 IST" name="close" finished-at="2023-02-03T07:04:15 IST" duration-ms="470" status="PASS">
          <reporter-output>
          </reporter-output>
        </test-method> <!-- close -->
      </class> <!-- collectionSectionTestCases.Click_on_Origami_collection_and_check_of_all_shapes_of_Origami_collection -->
      <class name="collectionSectionTestCases.Click_on_Brush_Stroke_collection_and_check_of_all_shapes_of_Brush_Stroke_collection">
        <test-method is-config="true" signature="setup()[pri:0, instance:collectionSectionTestCases.Click_on_Brush_Stroke_collection_and_check_of_all_shapes_of_Brush_Stroke_collection@43f02ef2]" started-at="2023-02-03T07:20:42 IST" name="setup" finished-at="2023-02-03T07:20:52 IST" duration-ms="10051" status="PASS">
          <reporter-output>
          </reporter-output>
        </test-method> <!-- setup -->
        <test-method signature="Click_on_Brush_Stroke_link_and_check_of_all_shapes_of_Brush_Stroke_collection()[pri:0, instance:collectionSectionTestCases.Click_on_Brush_Stroke_collection_and_check_of_all_shapes_of_Brush_Stroke_collection@43f02ef2]" started-at="2023-02-03T07:20:52 IST" name="Click_on_Brush_Stroke_link_and_check_of_all_shapes_of_Brush_Stroke_collection" finished-at="2023-02-03T07:20:57 IST" duration-ms="5185" status="PASS">
          <reporter-output>
          </reporter-output>
        </test-method> <!-- Click_on_Brush_Stroke_link_and_check_of_all_shapes_of_Brush_Stroke_collection -->
        <test-method is-config="true" signature="close()[pri:0, instance:collectionSectionTestCases.Click_on_Brush_Stroke_collection_and_check_of_all_shapes_of_Brush_Stroke_collection@43f02ef2]" started-at="2023-02-03T07:20:57 IST" name="close" finished-at="2023-02-03T07:20:57 IST" duration-ms="426" status="PASS">
          <reporter-output>
          </reporter-output>
        </test-method> <!-- close -->
      </class> <!-- collectionSectionTestCases.Click_on_Brush_Stroke_collection_and_check_of_all_shapes_of_Brush_Stroke_collection -->
      <class name="headerSectionTestCases.Check_Diamond_shape_of_all_rugs">
        <test-method is-config="true" signature="setup()[pri:0, instance:headerSectionTestCases.Check_Diamond_shape_of_all_rugs@7bd7d6d6]" started-at="2023-02-03T07:20:28 IST" name="setup" finished-at="2023-02-03T07:20:38 IST" duration-ms="10065" status="PASS">
          <reporter-output>
          </reporter-output>
        </test-method> <!-- setup -->
        <test-method signature="Check_Diamond_shape_of_all_rugs_Test()[pri:0, instance:headerSectionTestCases.Check_Diamond_shape_of_all_rugs@7bd7d6d6]" started-at="2023-02-03T07:20:38 IST" name="Check_Diamond_shape_of_all_rugs_Test" finished-at="2023-02-03T07:20:41 IST" duration-ms="3007" status="PASS">
          <reporter-output>
          </reporter-output>
        </test-method> <!-- Check_Diamond_shape_of_all_rugs_Test -->
        <test-method is-config="true" signature="close()[pri:0, instance:headerSectionTestCases.Check_Diamond_shape_of_all_rugs@7bd7d6d6]" started-at="2023-02-03T07:20:41 IST" name="close" finished-at="2023-02-03T07:20:42 IST" duration-ms="349" status="PASS">
          <reporter-output>
          </reporter-output>
        </test-method> <!-- close -->
      </class> <!-- headerSectionTestCases.Check_Diamond_shape_of_all_rugs -->
      <class name="checkOutPageSectionTestCases.Checkout_page_Blank_fields">
        <test-method is-config="true" signature="setup()[pri:0, instance:checkOutPageSectionTestCases.Checkout_page_Blank_fields@1a245833]" started-at="2023-02-03T07:17:01 IST" name="setup" finished-at="2023-02-03T07:17:11 IST" duration-ms="10063" status="PASS">
          <reporter-output>
          </reporter-output>
        </test-method> <!-- setup -->
        <test-method signature="Test_And_Verify_All_Checkout_Page_Blank_field_pass_value_and_clear_Test()[pri:0, instance:checkOutPageSectionTestCases.Checkout_page_Blank_fields@1a245833]" started-at="2023-02-03T07:17:11 IST" name="Test_And_Verify_All_Checkout_Page_Blank_field_pass_value_and_clear_Test" finished-at="2023-02-03T07:17:41 IST" duration-ms="30005" status="PASS">
          <reporter-output>
          </reporter-output>
        </test-method> <!-- Test_And_Verify_All_Checkout_Page_Blank_field_pass_value_and_clear_Test -->
        <test-method is-config="true" signature="close()[pri:0, instance:checkOutPageSectionTestCases.Checkout_page_Blank_fields@1a245833]" started-at="2023-02-03T07:17:41 IST" name="close" finished-at="2023-02-03T07:17:41 IST" duration-ms="355" status="PASS">
          <reporter-output>
          </reporter-output>
        </test-method> <!-- close -->
      </class> <!-- checkOutPageSectionTestCases.Checkout_page_Blank_fields -->
      <class name="collectionSectionTestCases.Click_on_Blue_Royal_collection_and_check_of_all_shapes_of_Blue_Royal_collection">
        <test-method is-config="true" signature="setup()[pri:0, instance:collectionSectionTestCases.Click_on_Blue_Royal_collection_and_check_of_all_shapes_of_Blue_Royal_collection@43df23d3]" started-at="2023-02-03T07:04:28 IST" name="setup" finished-at="2023-02-03T07:04:39 IST" duration-ms="10313" status="PASS">
          <reporter-output>
          </reporter-output>
        </test-method> <!-- setup -->
        <test-method signature="Click_on_Batik_play_link_and_check_of_all_shapes_of_Batik_collection()[pri:0, instance:collectionSectionTestCases.Click_on_Blue_Royal_collection_and_check_of_all_shapes_of_Blue_Royal_collection@43df23d3]" started-at="2023-02-03T07:04:39 IST" name="Click_on_Batik_play_link_and_check_of_all_shapes_of_Batik_collection" finished-at="2023-02-03T07:04:44 IST" duration-ms="5241" status="PASS">
          <reporter-output>
          </reporter-output>
        </test-method> <!-- Click_on_Batik_play_link_and_check_of_all_shapes_of_Batik_collection -->
        <test-method is-config="true" signature="close()[pri:0, instance:collectionSectionTestCases.Click_on_Blue_Royal_collection_and_check_of_all_shapes_of_Blue_Royal_collection@43df23d3]" started-at="2023-02-03T07:04:44 IST" name="close" finished-at="2023-02-03T07:04:44 IST" duration-ms="327" status="PASS">
          <reporter-output>
          </reporter-output>
        </test-method> <!-- close -->
      </class> <!-- collectionSectionTestCases.Click_on_Blue_Royal_collection_and_check_of_all_shapes_of_Blue_Royal_collection -->
      <class name="collectionSectionTestCases.Click_on_Modern_Art_collection_and_check_of_all_shapes_of_Modern_Art_collection">
        <test-method is-config="true" signature="setup()[pri:0, instance:collectionSectionTestCases.Click_on_Modern_Art_collection_and_check_of_all_shapes_of_Modern_Art_collection@4e5ed836]" started-at="2023-02-03T07:19:42 IST" name="setup" finished-at="2023-02-03T07:19:52 IST" duration-ms="10102" status="PASS">
          <reporter-output>
          </reporter-output>
        </test-method> <!-- setup -->
        <test-method signature="Click_on_Modern_Art_link_and_check_of_all_shapes_of_Modern_Art_collection()[pri:0, instance:collectionSectionTestCases.Click_on_Modern_Art_collection_and_check_of_all_shapes_of_Modern_Art_collection@4e5ed836]" started-at="2023-02-03T07:19:52 IST" name="Click_on_Modern_Art_link_and_check_of_all_shapes_of_Modern_Art_collection" finished-at="2023-02-03T07:19:57 IST" duration-ms="5174" status="PASS">
          <reporter-output>
          </reporter-output>
        </test-method> <!-- Click_on_Modern_Art_link_and_check_of_all_shapes_of_Modern_Art_collection -->
        <test-method is-config="true" signature="close()[pri:0, instance:collectionSectionTestCases.Click_on_Modern_Art_collection_and_check_of_all_shapes_of_Modern_Art_collection@4e5ed836]" started-at="2023-02-03T07:19:57 IST" name="close" finished-at="2023-02-03T07:19:58 IST" duration-ms="513" status="PASS">
          <reporter-output>
          </reporter-output>
        </test-method> <!-- close -->
      </class> <!-- collectionSectionTestCases.Click_on_Modern_Art_collection_and_check_of_all_shapes_of_Modern_Art_collection -->
      <class name="checkOutPageSectionTestCases.Checkout_page_Phone_number">
        <test-method is-config="true" signature="setup()[pri:0, instance:checkOutPageSectionTestCases.Checkout_page_Phone_number@59402b8f]" started-at="2023-02-03T07:00:58 IST" name="setup" finished-at="2023-02-03T07:01:08 IST" duration-ms="10633" status="PASS">
          <reporter-output>
          </reporter-output>
        </test-method> <!-- setup -->
        <test-method signature="Check_And_Verify_To_Pass_Data_In_Phone_Number_Textbox_Checkout_page_Phone_number_Test()[pri:0, instance:checkOutPageSectionTestCases.Checkout_page_Phone_number@59402b8f]" started-at="2023-02-03T07:01:08 IST" name="Check_And_Verify_To_Pass_Data_In_Phone_Number_Textbox_Checkout_page_Phone_number_Test" finished-at="2023-02-03T07:01:11 IST" duration-ms="3014" status="PASS">
          <reporter-output>
          </reporter-output>
        </test-method> <!-- Check_And_Verify_To_Pass_Data_In_Phone_Number_Textbox_Checkout_page_Phone_number_Test -->
        <test-method is-config="true" signature="close()[pri:0, instance:checkOutPageSectionTestCases.Checkout_page_Phone_number@59402b8f]" started-at="2023-02-03T07:01:11 IST" name="close" finished-at="2023-02-03T07:01:12 IST" duration-ms="370" status="PASS">
          <reporter-output>
          </reporter-output>
        </test-method> <!-- close -->
      </class> <!-- checkOutPageSectionTestCases.Checkout_page_Phone_number -->
      <class name="headerSectionTestCases.Check_Stripe_pattern_link_and_click_all_shapes_of_Stripe_pattern_rug_showing">
        <test-method is-config="true" signature="setup()[pri:0, instance:headerSectionTestCases.Check_Stripe_pattern_link_and_click_all_shapes_of_Stripe_pattern_rug_showing@72c8e7b]" started-at="2023-02-03T07:27:18 IST" name="setup" finished-at="2023-02-03T07:27:32 IST" duration-ms="13855" status="PASS">
          <reporter-output>
          </reporter-output>
        </test-method> <!-- setup -->
        <test-method signature="Check_Stripe_pattern_link_and_click_all_shapes_of_Stripe_pattern_rug_showing_Test()[pri:0, instance:headerSectionTestCases.Check_Stripe_pattern_link_and_click_all_shapes_of_Stripe_pattern_rug_showing@72c8e7b]" started-at="2023-02-03T07:27:32 IST" name="Check_Stripe_pattern_link_and_click_all_shapes_of_Stripe_pattern_rug_showing_Test" finished-at="2023-02-03T07:27:35 IST" duration-ms="3015" status="PASS">
          <reporter-output>
          </reporter-output>
        </test-method> <!-- Check_Stripe_pattern_link_and_click_all_shapes_of_Stripe_pattern_rug_showing_Test -->
        <test-method is-config="true" signature="close()[pri:0, instance:headerSectionTestCases.Check_Stripe_pattern_link_and_click_all_shapes_of_Stripe_pattern_rug_showing@72c8e7b]" started-at="2023-02-03T07:27:35 IST" name="close" finished-at="2023-02-03T07:27:36 IST" duration-ms="339" status="PASS">
          <reporter-output>
          </reporter-output>
        </test-method> <!-- close -->
      </class> <!-- headerSectionTestCases.Check_Stripe_pattern_link_and_click_all_shapes_of_Stripe_pattern_rug_showing -->
      <class name="collectionSectionTestCases.Click_on_Absract_collection_and_check_of_all_shapes_of_Abstract_collection">
        <test-method is-config="true" signature="setup()[pri:0, instance:collectionSectionTestCases.Click_on_Absract_collection_and_check_of_all_shapes_of_Abstract_collection@2de56eb2]" started-at="2023-02-03T07:21:50 IST" name="setup" finished-at="2023-02-03T07:22:00 IST" duration-ms="10573" status="PASS">
          <reporter-output>
          </reporter-output>
        </test-method> <!-- setup -->
        <test-method signature="Click_on_Absract_link_and_check_of_all_shapes_of_Abstract_collection()[pri:0, instance:collectionSectionTestCases.Click_on_Absract_collection_and_check_of_all_shapes_of_Abstract_collection@2de56eb2]" started-at="2023-02-03T07:22:00 IST" name="Click_on_Absract_link_and_check_of_all_shapes_of_Abstract_collection" finished-at="2023-02-03T07:22:21 IST" duration-ms="20461" status="PASS">
          <reporter-output>
          </reporter-output>
        </test-method> <!-- Click_on_Absract_link_and_check_of_all_shapes_of_Abstract_collection -->
        <test-method is-config="true" signature="close()[pri:0, instance:collectionSectionTestCases.Click_on_Absract_collection_and_check_of_all_shapes_of_Abstract_collection@2de56eb2]" started-at="2023-02-03T07:22:21 IST" name="close" finished-at="2023-02-03T07:22:21 IST" duration-ms="684" status="PASS">
          <reporter-output>
          </reporter-output>
        </test-method> <!-- close -->
      </class> <!-- collectionSectionTestCases.Click_on_Absract_collection_and_check_of_all_shapes_of_Abstract_collection -->
      <class name="myAccountInformationSectionTestCases.Change_Email_Password_Form_Validation">
        <test-method is-config="true" signature="setup()[pri:0, instance:myAccountInformationSectionTestCases.Change_Email_Password_Form_Validation@2a8448fa]" started-at="2023-02-03T07:21:15 IST" name="setup" finished-at="2023-02-03T07:21:29 IST" duration-ms="13676" status="PASS">
          <reporter-output>
          </reporter-output>
        </test-method> <!-- setup -->
        <test-method signature="Check_to_Pass_Valid_And_All_type_of_Invalid_Data_in_the_change_email_password_textbox()[pri:0, instance:myAccountInformationSectionTestCases.Change_Email_Password_Form_Validation@2a8448fa]" started-at="2023-02-03T07:21:29 IST" name="Check_to_Pass_Valid_And_All_type_of_Invalid_Data_in_the_change_email_password_textbox" finished-at="2023-02-03T07:21:32 IST" duration-ms="3004" status="PASS">
          <reporter-output>
          </reporter-output>
        </test-method> <!-- Check_to_Pass_Valid_And_All_type_of_Invalid_Data_in_the_change_email_password_textbox -->
        <test-method is-config="true" signature="close()[pri:0, instance:myAccountInformationSectionTestCases.Change_Email_Password_Form_Validation@2a8448fa]" started-at="2023-02-03T07:21:32 IST" name="close" finished-at="2023-02-03T07:21:32 IST" duration-ms="334" status="PASS">
          <reporter-output>
          </reporter-output>
        </test-method> <!-- close -->
      </class> <!-- myAccountInformationSectionTestCases.Change_Email_Password_Form_Validation -->
      <class name="headerSectionTestCases.Check_Oriental_Link_Of_Rug_Style_and_Click_All_Shapes_of_Oriental_Rugs">
        <test-method is-config="true" signature="setup()[pri:0, instance:headerSectionTestCases.Check_Oriental_Link_Of_Rug_Style_and_Click_All_Shapes_of_Oriental_Rugs@4d1c005e]" started-at="2023-02-03T06:59:49 IST" name="setup" finished-at="2023-02-03T06:59:59 IST" duration-ms="9506" status="PASS">
          <reporter-output>
          </reporter-output>
        </test-method> <!-- setup -->
        <test-method signature="Check_Oriental_Link_Of_Rug_Style_and_Click_All_Shapes_of_Oriental_Rugs_Test()[pri:0, instance:headerSectionTestCases.Check_Oriental_Link_Of_Rug_Style_and_Click_All_Shapes_of_Oriental_Rugs@4d1c005e]" started-at="2023-02-03T06:59:59 IST" name="Check_Oriental_Link_Of_Rug_Style_and_Click_All_Shapes_of_Oriental_Rugs_Test" finished-at="2023-02-03T06:59:59 IST" duration-ms="1" status="PASS">
          <reporter-output>
          </reporter-output>
        </test-method> <!-- Check_Oriental_Link_Of_Rug_Style_and_Click_All_Shapes_of_Oriental_Rugs_Test -->
        <test-method is-config="true" signature="close()[pri:0, instance:headerSectionTestCases.Check_Oriental_Link_Of_Rug_Style_and_Click_All_Shapes_of_Oriental_Rugs@4d1c005e]" started-at="2023-02-03T06:59:59 IST" name="close" finished-at="2023-02-03T06:59:59 IST" duration-ms="473" status="PASS">
          <reporter-output>
          </reporter-output>
        </test-method> <!-- close -->
      </class> <!-- headerSectionTestCases.Check_Oriental_Link_Of_Rug_Style_and_Click_All_Shapes_of_Oriental_Rugs -->
      <class name="PDPSectionTestCases.Testing_to_see_if_all_default_options_have_been_selected_correctly">
        <test-method is-config="true" signature="setup()[pri:0, instance:PDPSectionTestCases.Testing_to_see_if_all_default_options_have_been_selected_correctly@7188af83]" started-at="2023-02-03T07:01:12 IST" name="setup" finished-at="2023-02-03T07:01:22 IST" duration-ms="9956" status="PASS">
          <reporter-output>
          </reporter-output>
        </test-method> <!-- setup -->
        <test-method signature="Testing_to_see_if_all_default_options_have_been_selected_correctly_Test()[pri:0, instance:PDPSectionTestCases.Testing_to_see_if_all_default_options_have_been_selected_correctly@7188af83]" started-at="2023-02-03T07:01:22 IST" name="Testing_to_see_if_all_default_options_have_been_selected_correctly_Test" finished-at="2023-02-03T07:01:44 IST" duration-ms="22571" status="PASS">
          <reporter-output>
          </reporter-output>
        </test-method> <!-- Testing_to_see_if_all_default_options_have_been_selected_correctly_Test -->
        <test-method is-config="true" signature="close()[pri:0, instance:PDPSectionTestCases.Testing_to_see_if_all_default_options_have_been_selected_correctly@7188af83]" started-at="2023-02-03T07:01:44 IST" name="close" finished-at="2023-02-03T07:01:44 IST" duration-ms="353" status="PASS">
          <reporter-output>
          </reporter-output>
        </test-method> <!-- close -->
      </class> <!-- PDPSectionTestCases.Testing_to_see_if_all_default_options_have_been_selected_correctly -->
      <class name="collectionSectionTestCases.Click_on_Floral_collection_and_check_of_all_shapes_of_Floral_collection">
        <test-method is-config="true" signature="setup()[pri:0, instance:collectionSectionTestCases.Click_on_Floral_collection_and_check_of_all_shapes_of_Floral_collection@6f204a1a]" started-at="2023-02-03T07:21:32 IST" name="setup" finished-at="2023-02-03T07:21:44 IST" duration-ms="12284" status="PASS">
          <reporter-output>
          </reporter-output>
        </test-method> <!-- setup -->
        <test-method signature="Click_on_Floral_link_and_check_of_all_shapes_of_Floral_collection()[pri:0, instance:collectionSectionTestCases.Click_on_Floral_collection_and_check_of_all_shapes_of_Floral_collection@6f204a1a]" started-at="2023-02-03T07:21:44 IST" name="Click_on_Floral_link_and_check_of_all_shapes_of_Floral_collection" finished-at="2023-02-03T07:21:49 IST" duration-ms="5158" status="PASS">
          <reporter-output>
          </reporter-output>
        </test-method> <!-- Click_on_Floral_link_and_check_of_all_shapes_of_Floral_collection -->
        <test-method is-config="true" signature="close()[pri:0, instance:collectionSectionTestCases.Click_on_Floral_collection_and_check_of_all_shapes_of_Floral_collection@6f204a1a]" started-at="2023-02-03T07:21:49 IST" name="close" finished-at="2023-02-03T07:21:50 IST" duration-ms="378" status="PASS">
          <reporter-output>
          </reporter-output>
        </test-method> <!-- close -->
      </class> <!-- collectionSectionTestCases.Click_on_Floral_collection_and_check_of_all_shapes_of_Floral_collection -->
      <class name="headerSectionTestCases.Click_on_sign_in_after_passing_data">
        <test-method is-config="true" signature="setup()[pri:0, instance:headerSectionTestCases.Click_on_sign_in_after_passing_data@4722ef0c]" started-at="2023-02-03T07:24:56 IST" name="setup" finished-at="2023-02-03T07:25:09 IST" duration-ms="12613" status="PASS">
          <reporter-output>
          </reporter-output>
        </test-method> <!-- setup -->
        <test-method signature="Click_on_sign_in_after_passing_data_Test()[pri:0, instance:headerSectionTestCases.Click_on_sign_in_after_passing_data@4722ef0c]" started-at="2023-02-03T07:25:09 IST" name="Click_on_sign_in_after_passing_data_Test" finished-at="2023-02-03T07:25:12 IST" duration-ms="3149" status="PASS">
          <reporter-output>
          </reporter-output>
        </test-method> <!-- Click_on_sign_in_after_passing_data_Test -->
        <test-method is-config="true" signature="close()[pri:0, instance:headerSectionTestCases.Click_on_sign_in_after_passing_data@4722ef0c]" started-at="2023-02-03T07:25:12 IST" name="close" finished-at="2023-02-03T07:25:12 IST" duration-ms="375" status="PASS">
          <reporter-output>
          </reporter-output>
        </test-method> <!-- close -->
      </class> <!-- headerSectionTestCases.Click_on_sign_in_after_passing_data -->
      <class name="checkOutPageSectionTestCases.Checkout_page_Last_Name">
        <test-method is-config="true" signature="setup()[pri:0, instance:checkOutPageSectionTestCases.Checkout_page_Last_Name@673fdbce]" started-at="2023-02-03T07:17:41 IST" name="setup" finished-at="2023-02-03T07:17:52 IST" duration-ms="11022" status="PASS">
          <reporter-output>
          </reporter-output>
        </test-method> <!-- setup -->
        <test-method signature="Check_Last__Name_Textbox_Field_Where_We_Pass_Valid_and_Invalid_Data_Checkout_page_Last_Name_Test()[pri:0, instance:checkOutPageSectionTestCases.Checkout_page_Last_Name@673fdbce]" started-at="2023-02-03T07:17:52 IST" name="Check_Last__Name_Textbox_Field_Where_We_Pass_Valid_and_Invalid_Data_Checkout_page_Last_Name_Test" finished-at="2023-02-03T07:17:55 IST" duration-ms="3008" status="PASS">
          <reporter-output>
          </reporter-output>
        </test-method> <!-- Check_Last__Name_Textbox_Field_Where_We_Pass_Valid_and_Invalid_Data_Checkout_page_Last_Name_Test -->
        <test-method is-config="true" signature="close()[pri:0, instance:checkOutPageSectionTestCases.Checkout_page_Last_Name@673fdbce]" started-at="2023-02-03T07:17:55 IST" name="close" finished-at="2023-02-03T07:17:56 IST" duration-ms="374" status="PASS">
          <reporter-output>
          </reporter-output>
        </test-method> <!-- close -->
      </class> <!-- checkOutPageSectionTestCases.Checkout_page_Last_Name -->
      <class name="formValidationSectionTestCases.Change_Email_Password_Form_Validation">
        <test-method is-config="true" signature="setup()[pri:0, instance:formValidationSectionTestCases.Change_Email_Password_Form_Validation@7c37508a]" started-at="2023-02-03T07:01:56 IST" name="setup" finished-at="2023-02-03T07:02:06 IST" duration-ms="10499" status="PASS">
          <reporter-output>
          </reporter-output>
        </test-method> <!-- setup -->
        <test-method signature="Check_to_Pass_Valid_And_All_type_of_Invalid_Data_in_the_change_email_password_textbox()[pri:0, instance:formValidationSectionTestCases.Change_Email_Password_Form_Validation@7c37508a]" started-at="2023-02-03T07:02:06 IST" name="Check_to_Pass_Valid_And_All_type_of_Invalid_Data_in_the_change_email_password_textbox" finished-at="2023-02-03T07:02:10 IST" duration-ms="4000" status="PASS">
          <reporter-output>
          </reporter-output>
        </test-method> <!-- Check_to_Pass_Valid_And_All_type_of_Invalid_Data_in_the_change_email_password_textbox -->
        <test-method is-config="true" signature="close()[pri:0, instance:formValidationSectionTestCases.Change_Email_Password_Form_Validation@7c37508a]" started-at="2023-02-03T07:02:10 IST" name="close" finished-at="2023-02-03T07:02:11 IST" duration-ms="369" status="PASS">
          <reporter-output>
          </reporter-output>
        </test-method> <!-- close -->
      </class> <!-- formValidationSectionTestCases.Change_Email_Password_Form_Validation -->
      <class name="collectionSectionTestCases.Click_on_Monochrome_collection_and_check_of_all_shapes_of_Monochrome_collection">
        <test-method is-config="true" signature="setup()[pri:0, instance:collectionSectionTestCases.Click_on_Monochrome_collection_and_check_of_all_shapes_of_Monochrome_collection@302c971f]" started-at="2023-02-03T07:06:32 IST" name="setup" finished-at="2023-02-03T07:06:42 IST" duration-ms="9780" status="PASS">
          <reporter-output>
          </reporter-output>
        </test-method> <!-- setup -->
        <test-method signature="Click_on_Monochrome_link_and_check_of_all_shapes_of_Monochrome_collection()[pri:0, instance:collectionSectionTestCases.Click_on_Monochrome_collection_and_check_of_all_shapes_of_Monochrome_collection@302c971f]" started-at="2023-02-03T07:06:42 IST" name="Click_on_Monochrome_link_and_check_of_all_shapes_of_Monochrome_collection" finished-at="2023-02-03T07:06:47 IST" duration-ms="5222" status="PASS">
          <reporter-output>
          </reporter-output>
        </test-method> <!-- Click_on_Monochrome_link_and_check_of_all_shapes_of_Monochrome_collection -->
        <test-method is-config="true" signature="close()[pri:0, instance:collectionSectionTestCases.Click_on_Monochrome_collection_and_check_of_all_shapes_of_Monochrome_collection@302c971f]" started-at="2023-02-03T07:06:47 IST" name="close" finished-at="2023-02-03T07:06:48 IST" duration-ms="466" status="PASS">
          <reporter-output>
          </reporter-output>
        </test-method> <!-- close -->
      </class> <!-- collectionSectionTestCases.Click_on_Monochrome_collection_and_check_of_all_shapes_of_Monochrome_collection -->
      <class name="headerSectionTestCases.Check_rectangle_shape_of_all_rugs">
        <test-method is-config="true" signature="setup()[pri:0, instance:headerSectionTestCases.Check_rectangle_shape_of_all_rugs@14028087]" started-at="2023-02-03T06:54:22 IST" name="setup" finished-at="2023-02-03T06:54:27 IST" duration-ms="5144" status="PASS">
          <reporter-output>
          </reporter-output>
        </test-method> <!-- setup -->
        <test-method signature="Check_rectangle_shape_of_all_rugs_Test()[pri:0, instance:headerSectionTestCases.Check_rectangle_shape_of_all_rugs@14028087]" started-at="2023-02-03T06:54:27 IST" name="Check_rectangle_shape_of_all_rugs_Test" finished-at="2023-02-03T06:54:30 IST" duration-ms="3012" status="PASS">
          <reporter-output>
          </reporter-output>
        </test-method> <!-- Check_rectangle_shape_of_all_rugs_Test -->
        <test-method is-config="true" signature="close()[pri:0, instance:headerSectionTestCases.Check_rectangle_shape_of_all_rugs@14028087]" started-at="2023-02-03T06:54:30 IST" name="close" finished-at="2023-02-03T06:54:30 IST" duration-ms="464" status="PASS">
          <reporter-output>
          </reporter-output>
        </test-method> <!-- close -->
      </class> <!-- headerSectionTestCases.Check_rectangle_shape_of_all_rugs -->
      <class name="footerSectionTestCases.Check_contact_link">
        <test-method is-config="true" signature="setup()[pri:0, instance:footerSectionTestCases.Check_contact_link@26abb146]" started-at="2023-02-03T07:26:57 IST" name="setup" finished-at="2023-02-03T07:27:11 IST" duration-ms="13559" status="PASS">
          <reporter-output>
          </reporter-output>
        </test-method> <!-- setup -->
        <test-method signature="click_on_contact()[pri:0, instance:footerSectionTestCases.Check_contact_link@26abb146]" started-at="2023-02-03T07:27:11 IST" name="click_on_contact" finished-at="2023-02-03T07:27:18 IST" duration-ms="7471" status="PASS">
          <reporter-output>
          </reporter-output>
        </test-method> <!-- click_on_contact -->
        <test-method is-config="true" signature="close()[pri:0, instance:footerSectionTestCases.Check_contact_link@26abb146]" started-at="2023-02-03T07:27:18 IST" name="close" finished-at="2023-02-03T07:27:18 IST" duration-ms="298" status="PASS">
          <reporter-output>
          </reporter-output>
        </test-method> <!-- close -->
      </class> <!-- footerSectionTestCases.Check_contact_link -->
      <class name="homeSectionTestCases.Check_all_trending_shape_rug">
        <test-method is-config="true" signature="setup()[pri:0, instance:homeSectionTestCases.Check_all_trending_shape_rug@5032714f]" started-at="2023-02-03T06:52:36 IST" name="setup" finished-at="2023-02-03T06:52:46 IST" duration-ms="10208" status="PASS">
          <reporter-output>
          </reporter-output>
        </test-method> <!-- setup -->
        <test-method signature="Check_all_trending_shape_rug_Test()[pri:0, instance:homeSectionTestCases.Check_all_trending_shape_rug@5032714f]" started-at="2023-02-03T06:52:46 IST" name="Check_all_trending_shape_rug_Test" finished-at="2023-02-03T06:52:49 IST" duration-ms="3012" status="PASS">
          <reporter-output>
          </reporter-output>
        </test-method> <!-- Check_all_trending_shape_rug_Test -->
        <test-method is-config="true" signature="close()[pri:0, instance:homeSectionTestCases.Check_all_trending_shape_rug@5032714f]" started-at="2023-02-03T06:52:49 IST" name="close" finished-at="2023-02-03T06:52:49 IST" duration-ms="421" status="PASS">
          <reporter-output>
          </reporter-output>
        </test-method> <!-- close -->
      </class> <!-- homeSectionTestCases.Check_all_trending_shape_rug -->
      <class name="PDPSectionTestCases.Testing_to_see_if_all_defualt_screen_placement_colors_drop_down_bar">
        <test-method is-config="true" signature="setup()[pri:0, instance:PDPSectionTestCases.Testing_to_see_if_all_defualt_screen_placement_colors_drop_down_bar@55cb6996]" started-at="2023-02-03T07:25:27 IST" name="setup" finished-at="2023-02-03T07:25:40 IST" duration-ms="13100" status="PASS">
          <reporter-output>
          </reporter-output>
        </test-method> <!-- setup -->
        <test-method signature="Testing_to_see_if_all_defualt_screen_placement_colors_drop_down_bar_Test()[pri:0, instance:PDPSectionTestCases.Testing_to_see_if_all_defualt_screen_placement_colors_drop_down_bar@55cb6996]" started-at="2023-02-03T07:25:40 IST" name="Testing_to_see_if_all_defualt_screen_placement_colors_drop_down_bar_Test" finished-at="2023-02-03T07:25:48 IST" duration-ms="7788" status="PASS">
          <reporter-output>
          </reporter-output>
        </test-method> <!-- Testing_to_see_if_all_defualt_screen_placement_colors_drop_down_bar_Test -->
        <test-method is-config="true" signature="close()[pri:0, instance:PDPSectionTestCases.Testing_to_see_if_all_defualt_screen_placement_colors_drop_down_bar@55cb6996]" started-at="2023-02-03T07:25:48 IST" name="close" finished-at="2023-02-03T07:25:49 IST" duration-ms="426" status="PASS">
          <reporter-output>
          </reporter-output>
        </test-method> <!-- close -->
      </class> <!-- PDPSectionTestCases.Testing_to_see_if_all_defualt_screen_placement_colors_drop_down_bar -->
      <class name="checkOutPageSectionTestCases.Checkout_page_Company_name">
        <test-method is-config="true" signature="setup()[pri:0, instance:checkOutPageSectionTestCases.Checkout_page_Company_name@48e1f6c7]" started-at="2023-02-03T07:25:12 IST" name="setup" finished-at="2023-02-03T07:25:24 IST" duration-ms="11866" status="PASS">
          <reporter-output>
          </reporter-output>
        </test-method> <!-- setup -->
        <test-method signature="Test_Verify_whether_Company_Name_Pass_Or_Not_And_Pass_any_Name()[pri:0, instance:checkOutPageSectionTestCases.Checkout_page_Company_name@48e1f6c7]" started-at="2023-02-03T07:25:24 IST" name="Test_Verify_whether_Company_Name_Pass_Or_Not_And_Pass_any_Name" finished-at="2023-02-03T07:25:27 IST" duration-ms="3003" status="PASS">
          <reporter-output>
          </reporter-output>
        </test-method> <!-- Test_Verify_whether_Company_Name_Pass_Or_Not_And_Pass_any_Name -->
        <test-method is-config="true" signature="close()[pri:0, instance:checkOutPageSectionTestCases.Checkout_page_Company_name@48e1f6c7]" started-at="2023-02-03T07:25:27 IST" name="close" finished-at="2023-02-03T07:25:27 IST" duration-ms="371" status="PASS">
          <reporter-output>
          </reporter-output>
        </test-method> <!-- close -->
      </class> <!-- checkOutPageSectionTestCases.Checkout_page_Company_name -->
      <class name="headerSectionTestCases.Check_Textiles_Link_Of_Rug_Style_and_Click_All_Shapes_of_Textiles_Rugs">
        <test-method is-config="true" signature="setup()[pri:0, instance:headerSectionTestCases.Check_Textiles_Link_Of_Rug_Style_and_Click_All_Shapes_of_Textiles_Rugs@1807e3f6]" started-at="2023-02-03T07:25:49 IST" name="setup" finished-at="2023-02-03T07:26:03 IST" duration-ms="14160" status="PASS">
          <reporter-output>
          </reporter-output>
        </test-method> <!-- setup -->
        <test-method signature="Check_Textiles_Link_Of_Rug_Style_and_Click_All_Shapes_of_Textiles_Rugs_Test()[pri:0, instance:headerSectionTestCases.Check_Textiles_Link_Of_Rug_Style_and_Click_All_Shapes_of_Textiles_Rugs@1807e3f6]" started-at="2023-02-03T07:26:03 IST" name="Check_Textiles_Link_Of_Rug_Style_and_Click_All_Shapes_of_Textiles_Rugs_Test" finished-at="2023-02-03T07:26:06 IST" duration-ms="3008" status="PASS">
          <reporter-output>
          </reporter-output>
        </test-method> <!-- Check_Textiles_Link_Of_Rug_Style_and_Click_All_Shapes_of_Textiles_Rugs_Test -->
        <test-method is-config="true" signature="close()[pri:0, instance:headerSectionTestCases.Check_Textiles_Link_Of_Rug_Style_and_Click_All_Shapes_of_Textiles_Rugs@1807e3f6]" started-at="2023-02-03T07:26:06 IST" name="close" finished-at="2023-02-03T07:26:06 IST" duration-ms="343" status="PASS">
          <reporter-output>
          </reporter-output>
        </test-method> <!-- close -->
      </class> <!-- headerSectionTestCases.Check_Textiles_Link_Of_Rug_Style_and_Click_All_Shapes_of_Textiles_Rugs -->
      <class name="formValidationSectionTestCases.Pass_Valid_And_Invalid_data_in_Add_Address_textbox">
        <test-method is-config="true" signature="setup()[pri:0, instance:formValidationSectionTestCases.Pass_Valid_And_Invalid_data_in_Add_Address_textbox@f1da57d]" started-at="2023-02-03T07:26:19 IST" name="setup" finished-at="2023-02-03T07:26:31 IST" duration-ms="11569" status="PASS">
          <reporter-output>
          </reporter-output>
        </test-method> <!-- setup -->
        <test-method signature="Pass_Valid_And_Invalid_data_in_Add_Address_textbox_Test()[pri:0, instance:formValidationSectionTestCases.Pass_Valid_And_Invalid_data_in_Add_Address_textbox@f1da57d]" started-at="2023-02-03T07:26:31 IST" name="Pass_Valid_And_Invalid_data_in_Add_Address_textbox_Test" finished-at="2023-02-03T07:26:34 IST" duration-ms="3009" status="PASS">
          <reporter-output>
          </reporter-output>
        </test-method> <!-- Pass_Valid_And_Invalid_data_in_Add_Address_textbox_Test -->
        <test-method is-config="true" signature="close()[pri:0, instance:formValidationSectionTestCases.Pass_Valid_And_Invalid_data_in_Add_Address_textbox@f1da57d]" started-at="2023-02-03T07:26:34 IST" name="close" finished-at="2023-02-03T07:26:35 IST" duration-ms="956" status="PASS">
          <reporter-output>
          </reporter-output>
        </test-method> <!-- close -->
      </class> <!-- formValidationSectionTestCases.Pass_Valid_And_Invalid_data_in_Add_Address_textbox -->
      <class name="shoppingCardSectionTestCases.Empty_cart_testing">
        <test-method is-config="true" signature="setup()[pri:0, instance:shoppingCardSectionTestCases.Empty_cart_testing@723ca036]" started-at="2023-02-03T07:10:25 IST" name="setup" finished-at="2023-02-03T07:10:35 IST" duration-ms="10362" status="PASS">
          <reporter-output>
          </reporter-output>
        </test-method> <!-- setup -->
        <test-method signature="Verify_And_Validate_Cart_To_Check_It_With_Emtiness_Empty_cart_testing_Test()[pri:0, instance:shoppingCardSectionTestCases.Empty_cart_testing@723ca036]" started-at="2023-02-03T07:10:35 IST" name="Verify_And_Validate_Cart_To_Check_It_With_Emtiness_Empty_cart_testing_Test" finished-at="2023-02-03T07:10:44 IST" duration-ms="8378" status="PASS">
          <reporter-output>
          </reporter-output>
        </test-method> <!-- Verify_And_Validate_Cart_To_Check_It_With_Emtiness_Empty_cart_testing_Test -->
        <test-method is-config="true" signature="close()[pri:0, instance:shoppingCardSectionTestCases.Empty_cart_testing@723ca036]" started-at="2023-02-03T07:10:44 IST" name="close" finished-at="2023-02-03T07:10:44 IST" duration-ms="378" status="PASS">
          <reporter-output>
          </reporter-output>
        </test-method> <!-- close -->
      </class> <!-- shoppingCardSectionTestCases.Empty_cart_testing -->
      <class name="headerSectionTestCases.Type_rug_name_pattern_style_shape_collection_name_and_see_result">
        <test-method is-config="true" signature="setup()[pri:0, instance:headerSectionTestCases.Type_rug_name_pattern_style_shape_collection_name_and_see_result@710c2b53]" started-at="2023-02-03T06:53:54 IST" name="setup" finished-at="2023-02-03T06:54:04 IST" duration-ms="9748" status="PASS">
          <reporter-output>
          </reporter-output>
        </test-method> <!-- setup -->
        <test-method signature="Type_rug_name_pattern_style_shape_collection_name_and_see_result_Test()[pri:0, instance:headerSectionTestCases.Type_rug_name_pattern_style_shape_collection_name_and_see_result@710c2b53]" started-at="2023-02-03T06:54:04 IST" name="Type_rug_name_pattern_style_shape_collection_name_and_see_result_Test" finished-at="2023-02-03T06:54:07 IST" duration-ms="3191" status="PASS">
          <reporter-output>
          </reporter-output>
        </test-method> <!-- Type_rug_name_pattern_style_shape_collection_name_and_see_result_Test -->
        <test-method is-config="true" signature="close()[pri:0, instance:headerSectionTestCases.Type_rug_name_pattern_style_shape_collection_name_and_see_result@710c2b53]" started-at="2023-02-03T06:54:07 IST" name="close" finished-at="2023-02-03T06:54:07 IST" duration-ms="494" status="PASS">
          <reporter-output>
          </reporter-output>
        </test-method> <!-- close -->
      </class> <!-- headerSectionTestCases.Type_rug_name_pattern_style_shape_collection_name_and_see_result -->
      <class name="headerSectionTestCases.Check_Square_shape_of_all_rugs">
        <test-method is-config="true" signature="setup()[pri:0, instance:headerSectionTestCases.Check_Square_shape_of_all_rugs@cecf639]" started-at="2023-02-03T06:54:30 IST" name="setup" finished-at="2023-02-03T06:54:43 IST" duration-ms="12723" status="PASS">
          <reporter-output>
          </reporter-output>
        </test-method> <!-- setup -->
        <test-method signature="Check_Square_shape_of_all_rugs_Test()[pri:0, instance:headerSectionTestCases.Check_Square_shape_of_all_rugs@cecf639]" started-at="2023-02-03T06:54:43 IST" name="Check_Square_shape_of_all_rugs_Test" finished-at="2023-02-03T06:54:46 IST" duration-ms="3009" status="PASS">
          <reporter-output>
          </reporter-output>
        </test-method> <!-- Check_Square_shape_of_all_rugs_Test -->
        <test-method is-config="true" signature="close()[pri:0, instance:headerSectionTestCases.Check_Square_shape_of_all_rugs@cecf639]" started-at="2023-02-03T06:54:46 IST" name="close" finished-at="2023-02-03T06:54:46 IST" duration-ms="349" status="PASS">
          <reporter-output>
          </reporter-output>
        </test-method> <!-- close -->
      </class> <!-- headerSectionTestCases.Check_Square_shape_of_all_rugs -->
      <class name="headerSectionTestCases.Check_Geometric_Link_Of_Rug_Style_and_Click_All_Shapes_of_Geometric_Rugs">
        <test-method is-config="true" signature="setup()[pri:0, instance:headerSectionTestCases.Check_Geometric_Link_Of_Rug_Style_and_Click_All_Shapes_of_Geometric_Rugs@3e08ff24]" started-at="2023-02-03T06:59:37 IST" name="setup" finished-at="2023-02-03T06:59:49 IST" duration-ms="11675" status="PASS">
          <reporter-output>
          </reporter-output>
        </test-method> <!-- setup -->
        <test-method signature="Check_Geometric_Link_Of_Rug_Style_and_Click_All_Shapes_of_Geometric_Rugs_Test()[pri:0, instance:headerSectionTestCases.Check_Geometric_Link_Of_Rug_Style_and_Click_All_Shapes_of_Geometric_Rugs@3e08ff24]" started-at="2023-02-03T06:59:49 IST" name="Check_Geometric_Link_Of_Rug_Style_and_Click_All_Shapes_of_Geometric_Rugs_Test" finished-at="2023-02-03T06:59:49 IST" duration-ms="1" status="PASS">
          <reporter-output>
          </reporter-output>
        </test-method> <!-- Check_Geometric_Link_Of_Rug_Style_and_Click_All_Shapes_of_Geometric_Rugs_Test -->
        <test-method is-config="true" signature="close()[pri:0, instance:headerSectionTestCases.Check_Geometric_Link_Of_Rug_Style_and_Click_All_Shapes_of_Geometric_Rugs@3e08ff24]" started-at="2023-02-03T06:59:49 IST" name="close" finished-at="2023-02-03T06:59:49 IST" duration-ms="369" status="PASS">
          <reporter-output>
          </reporter-output>
        </test-method> <!-- close -->
      </class> <!-- headerSectionTestCases.Check_Geometric_Link_Of_Rug_Style_and_Click_All_Shapes_of_Geometric_Rugs -->
      <class name="checkOutPageSectionTestCases.Checkout_page_Street_address">
        <test-method is-config="true" signature="setup()[pri:0, instance:checkOutPageSectionTestCases.Checkout_page_Street_address@7674f035]" started-at="2023-02-03T06:51:49 IST" name="setup" finished-at="2023-02-03T06:52:07 IST" duration-ms="17714" status="PASS">
          <reporter-output>
          </reporter-output>
        </test-method> <!-- setup -->
        <test-method signature="Check_And_Verify_To_Pass_Data_In_Street_Address_Textbox_Checkout_page_Street_address_Test()[pri:0, instance:checkOutPageSectionTestCases.Checkout_page_Street_address@7674f035]" started-at="2023-02-03T06:52:07 IST" name="Check_And_Verify_To_Pass_Data_In_Street_Address_Textbox_Checkout_page_Street_address_Test" finished-at="2023-02-03T06:52:10 IST" duration-ms="3016" status="PASS">
          <reporter-output>
          </reporter-output>
        </test-method> <!-- Check_And_Verify_To_Pass_Data_In_Street_Address_Textbox_Checkout_page_Street_address_Test -->
        <test-method is-config="true" signature="close()[pri:0, instance:checkOutPageSectionTestCases.Checkout_page_Street_address@7674f035]" started-at="2023-02-03T06:52:10 IST" name="close" finished-at="2023-02-03T06:52:11 IST" duration-ms="543" status="PASS">
          <reporter-output>
          </reporter-output>
        </test-method> <!-- close -->
      </class> <!-- checkOutPageSectionTestCases.Checkout_page_Street_address -->
      <class name="shoppingCardSectionTestCases.Shopping_cart_page_link">
        <test-method is-config="true" signature="setup()[pri:0, instance:shoppingCardSectionTestCases.Shopping_cart_page_link@1a75e76a]" started-at="2023-02-03T06:52:11 IST" name="setup" finished-at="2023-02-03T06:52:21 IST" duration-ms="10238" status="PASS">
          <reporter-output>
          </reporter-output>
        </test-method> <!-- setup -->
        <test-method signature="Check_And_Validate_All_Details_Of_Shopping_Cart_Page_Link_Shopping_cart_page_link_Test()[pri:0, instance:shoppingCardSectionTestCases.Shopping_cart_page_link@1a75e76a]" started-at="2023-02-03T06:52:21 IST" name="Check_And_Validate_All_Details_Of_Shopping_Cart_Page_Link_Shopping_cart_page_link_Test" finished-at="2023-02-03T06:52:22 IST" duration-ms="723" status="PASS">
          <reporter-output>
          </reporter-output>
        </test-method> <!-- Check_And_Validate_All_Details_Of_Shopping_Cart_Page_Link_Shopping_cart_page_link_Test -->
        <test-method is-config="true" signature="close()[pri:0, instance:shoppingCardSectionTestCases.Shopping_cart_page_link@1a75e76a]" started-at="2023-02-03T06:52:22 IST" name="close" finished-at="2023-02-03T06:52:22 IST" duration-ms="507" status="PASS">
          <reporter-output>
          </reporter-output>
        </test-method> <!-- close -->
      </class> <!-- shoppingCardSectionTestCases.Shopping_cart_page_link -->
      <class name="headerSectionTestCases.Check_mouseover_on_the_discover_link_and_it_is_showing_all_features">
        <test-method is-config="true" signature="setup()[pri:0, instance:headerSectionTestCases.Check_mouseover_on_the_discover_link_and_it_is_showing_all_features@17bffc17]" started-at="2023-02-03T07:23:30 IST" name="setup" finished-at="2023-02-03T07:23:43 IST" duration-ms="12879" status="PASS">
          <reporter-output>
          </reporter-output>
        </test-method> <!-- setup -->
        <test-method signature="Check_mouseover_on_the_discover_link_and_it_is_showing_all_features_Test()[pri:0, instance:headerSectionTestCases.Check_mouseover_on_the_discover_link_and_it_is_showing_all_features@17bffc17]" started-at="2023-02-03T07:23:43 IST" name="Check_mouseover_on_the_discover_link_and_it_is_showing_all_features_Test" finished-at="2023-02-03T07:23:43 IST" duration-ms="0" status="PASS">
          <reporter-output>
          </reporter-output>
        </test-method> <!-- Check_mouseover_on_the_discover_link_and_it_is_showing_all_features_Test -->
        <test-method is-config="true" signature="close()[pri:0, instance:headerSectionTestCases.Check_mouseover_on_the_discover_link_and_it_is_showing_all_features@17bffc17]" started-at="2023-02-03T07:23:43 IST" name="close" finished-at="2023-02-03T07:23:43 IST" duration-ms="314" status="PASS">
          <reporter-output>
          </reporter-output>
        </test-method> <!-- close -->
      </class> <!-- headerSectionTestCases.Check_mouseover_on_the_discover_link_and_it_is_showing_all_features -->
      <class name="collectionSectionTestCases.Click_on_Batik_play_collection_and_check_of_all_shapes_of_Batik_collection">
        <test-method is-config="true" signature="setup()[pri:0, instance:collectionSectionTestCases.Click_on_Batik_play_collection_and_check_of_all_shapes_of_Batik_collection@70cf32e3]" started-at="2023-02-03T07:13:27 IST" name="setup" finished-at="2023-02-03T07:13:37 IST" duration-ms="10189" status="PASS">
          <reporter-output>
          </reporter-output>
        </test-method> <!-- setup -->
        <test-method signature="Click_on_Batik_play_link_and_check_of_all_shapes_of_Batik_collection()[pri:0, instance:collectionSectionTestCases.Click_on_Batik_play_collection_and_check_of_all_shapes_of_Batik_collection@70cf32e3]" started-at="2023-02-03T07:13:37 IST" name="Click_on_Batik_play_link_and_check_of_all_shapes_of_Batik_collection" finished-at="2023-02-03T07:13:43 IST" duration-ms="5240" status="PASS">
          <reporter-output>
          </reporter-output>
        </test-method> <!-- Click_on_Batik_play_link_and_check_of_all_shapes_of_Batik_collection -->
        <test-method is-config="true" signature="close()[pri:0, instance:collectionSectionTestCases.Click_on_Batik_play_collection_and_check_of_all_shapes_of_Batik_collection@70cf32e3]" started-at="2023-02-03T07:13:43 IST" name="close" finished-at="2023-02-03T07:13:43 IST" duration-ms="390" status="PASS">
          <reporter-output>
          </reporter-output>
        </test-method> <!-- close -->
      </class> <!-- collectionSectionTestCases.Click_on_Batik_play_collection_and_check_of_all_shapes_of_Batik_collection -->
      <class name="headerSectionTestCases.Check_Halfmoon_shape_of_all_rugs">
        <test-method is-config="true" signature="setup()[pri:0, instance:headerSectionTestCases.Check_Halfmoon_shape_of_all_rugs@2a693f59]" started-at="2023-02-03T07:09:24 IST" name="setup" finished-at="2023-02-03T07:09:35 IST" duration-ms="11099" status="PASS">
          <reporter-output>
          </reporter-output>
        </test-method> <!-- setup -->
        <test-method signature="Check_Halfmoon_shape_of_all_rugs_Test()[pri:0, instance:headerSectionTestCases.Check_Halfmoon_shape_of_all_rugs@2a693f59]" started-at="2023-02-03T07:09:35 IST" name="Check_Halfmoon_shape_of_all_rugs_Test" finished-at="2023-02-03T07:09:38 IST" duration-ms="3012" status="PASS">
          <reporter-output>
          </reporter-output>
        </test-method> <!-- Check_Halfmoon_shape_of_all_rugs_Test -->
        <test-method is-config="true" signature="close()[pri:0, instance:headerSectionTestCases.Check_Halfmoon_shape_of_all_rugs@2a693f59]" started-at="2023-02-03T07:09:38 IST" name="close" finished-at="2023-02-03T07:09:39 IST" duration-ms="306" status="PASS">
          <reporter-output>
          </reporter-output>
        </test-method> <!-- close -->
      </class> <!-- headerSectionTestCases.Check_Halfmoon_shape_of_all_rugs -->
      <class name="headerSectionTestCases.Check_Kids_pattern_link_and_click_all_shapes_of_Kids_pattern_rug_showing">
        <test-method is-config="true" signature="setup()[pri:0, instance:headerSectionTestCases.Check_Kids_pattern_link_and_click_all_shapes_of_Kids_pattern_rug_showing@48bb62]" started-at="2023-02-03T06:52:49 IST" name="setup" finished-at="2023-02-03T06:52:59 IST" duration-ms="9450" status="PASS">
          <reporter-output>
          </reporter-output>
        </test-method> <!-- setup -->
        <test-method signature="Check_Kids_pattern_link_and_click_all_shapes_of_Kids_pattern_rug_showing_Test()[pri:0, instance:headerSectionTestCases.Check_Kids_pattern_link_and_click_all_shapes_of_Kids_pattern_rug_showing@48bb62]" started-at="2023-02-03T06:52:59 IST" name="Check_Kids_pattern_link_and_click_all_shapes_of_Kids_pattern_rug_showing_Test" finished-at="2023-02-03T06:53:02 IST" duration-ms="3014" status="PASS">
          <reporter-output>
          </reporter-output>
        </test-method> <!-- Check_Kids_pattern_link_and_click_all_shapes_of_Kids_pattern_rug_showing_Test -->
        <test-method is-config="true" signature="close()[pri:0, instance:headerSectionTestCases.Check_Kids_pattern_link_and_click_all_shapes_of_Kids_pattern_rug_showing@48bb62]" started-at="2023-02-03T06:53:02 IST" name="close" finished-at="2023-02-03T06:53:02 IST" duration-ms="404" status="PASS">
          <reporter-output>
          </reporter-output>
        </test-method> <!-- close -->
      </class> <!-- headerSectionTestCases.Check_Kids_pattern_link_and_click_all_shapes_of_Kids_pattern_rug_showing -->
      <class name="formValidationSectionTestCases.Contact_Form_Validation">
        <test-method is-config="true" signature="setup()[pri:0, instance:formValidationSectionTestCases.Contact_Form_Validation@2ab4bc72]" started-at="2023-02-03T07:19:28 IST" name="setup" finished-at="2023-02-03T07:19:39 IST" duration-ms="10801" status="PASS">
          <reporter-output>
          </reporter-output>
        </test-method> <!-- setup -->
        <test-method signature="Test_and_verify_to_pass_all_Valid_and_invalid_data_in_contact_form_textbox_test()[pri:0, instance:formValidationSectionTestCases.Contact_Form_Validation@2ab4bc72]" started-at="2023-02-03T07:19:39 IST" name="Test_and_verify_to_pass_all_Valid_and_invalid_data_in_contact_form_textbox_test" finished-at="2023-02-03T07:19:42 IST" duration-ms="3016" status="PASS">
          <reporter-output>
          </reporter-output>
        </test-method> <!-- Test_and_verify_to_pass_all_Valid_and_invalid_data_in_contact_form_textbox_test -->
        <test-method is-config="true" signature="close()[pri:0, instance:formValidationSectionTestCases.Contact_Form_Validation@2ab4bc72]" started-at="2023-02-03T07:19:42 IST" name="close" finished-at="2023-02-03T07:19:42 IST" duration-ms="300" status="PASS">
          <reporter-output>
          </reporter-output>
        </test-method> <!-- close -->
      </class> <!-- formValidationSectionTestCases.Contact_Form_Validation -->
      <class name="headerSectionTestCases.Check_Offbeat_Link_Of_Rug_Style_and_Click_All_Shapes_of_Offbeat_Rugs">
        <test-method is-config="true" signature="setup()[pri:0, instance:headerSectionTestCases.Check_Offbeat_Link_Of_Rug_Style_and_Click_All_Shapes_of_Offbeat_Rugs@710636b0]" started-at="2023-02-03T07:19:09 IST" name="setup" finished-at="2023-02-03T07:19:19 IST" duration-ms="9579" status="PASS">
          <reporter-output>
          </reporter-output>
        </test-method> <!-- setup -->
        <test-method signature="Checfbeat_Link_Of_Rug_Style_and_Click_All_Shapes_of_Offbeat_Rugs_Test()[pri:0, instance:headerSectionTestCases.Check_Offbeat_Link_Of_Rug_Style_and_Click_All_Shapes_of_Offbeat_Rugs@710636b0]" started-at="2023-02-03T07:19:19 IST" name="Checfbeat_Link_Of_Rug_Style_and_Click_All_Shapes_of_Offbeat_Rugs_Test" finished-at="2023-02-03T07:19:19 IST" duration-ms="0" status="PASS">
          <reporter-output>
          </reporter-output>
        </test-method> <!-- Checfbeat_Link_Of_Rug_Style_and_Click_All_Shapes_of_Offbeat_Rugs_Test -->
        <test-method is-config="true" signature="close()[pri:0, instance:headerSectionTestCases.Check_Offbeat_Link_Of_Rug_Style_and_Click_All_Shapes_of_Offbeat_Rugs@710636b0]" started-at="2023-02-03T07:19:19 IST" name="close" finished-at="2023-02-03T07:19:19 IST" duration-ms="630" status="PASS">
          <reporter-output>
          </reporter-output>
        </test-method> <!-- close -->
      </class> <!-- headerSectionTestCases.Check_Offbeat_Link_Of_Rug_Style_and_Click_All_Shapes_of_Offbeat_Rugs -->
      <class name="PDPSectionTestCases.Testing_if_shapes_are_loading_correctly">
        <test-method is-config="true" signature="setup()[pri:0, instance:PDPSectionTestCases.Testing_if_shapes_are_loading_correctly@6440112d]" started-at="2023-02-03T06:57:20 IST" name="setup" finished-at="2023-02-03T06:57:30 IST" duration-ms="9826" status="PASS">
          <reporter-output>
          </reporter-output>
        </test-method> <!-- setup -->
        <test-method signature="Testing_if_shapes_are_loading_correctly_Test()[pri:0, instance:PDPSectionTestCases.Testing_if_shapes_are_loading_correctly@6440112d]" started-at="2023-02-03T06:57:30 IST" name="Testing_if_shapes_are_loading_correctly_Test" finished-at="2023-02-03T06:57:33 IST" duration-ms="3009" status="PASS">
          <reporter-output>
          </reporter-output>
        </test-method> <!-- Testing_if_shapes_are_loading_correctly_Test -->
        <test-method is-config="true" signature="close()[pri:0, instance:PDPSectionTestCases.Testing_if_shapes_are_loading_correctly@6440112d]" started-at="2023-02-03T06:57:33 IST" name="close" finished-at="2023-02-03T06:57:33 IST" duration-ms="406" status="PASS">
          <reporter-output>
          </reporter-output>
        </test-method> <!-- close -->
      </class> <!-- PDPSectionTestCases.Testing_if_shapes_are_loading_correctly -->
      <class name="headerSectionTestCases.Check_Motifs_pattern_link_and_click_all_shapes_of_Motifs_pattern_rug_showing">
        <test-method is-config="true" signature="setup()[pri:0, instance:headerSectionTestCases.Check_Motifs_pattern_link_and_click_all_shapes_of_Motifs_pattern_rug_showing@5b38c1ec]" started-at="2023-02-03T07:24:17 IST" name="setup" finished-at="2023-02-03T07:24:30 IST" duration-ms="13192" status="PASS">
          <reporter-output>
          </reporter-output>
        </test-method> <!-- setup -->
        <test-method signature="Check_Motifs_pattern_link_and_click_all_shapes_of_Motifs_pattern_rug_showing_Test()[pri:0, instance:headerSectionTestCases.Check_Motifs_pattern_link_and_click_all_shapes_of_Motifs_pattern_rug_showing@5b38c1ec]" started-at="2023-02-03T07:24:30 IST" name="Check_Motifs_pattern_link_and_click_all_shapes_of_Motifs_pattern_rug_showing_Test" finished-at="2023-02-03T07:24:33 IST" duration-ms="3017" status="PASS">
          <reporter-output>
          </reporter-output>
        </test-method> <!-- Check_Motifs_pattern_link_and_click_all_shapes_of_Motifs_pattern_rug_showing_Test -->
        <test-method is-config="true" signature="close()[pri:0, instance:headerSectionTestCases.Check_Motifs_pattern_link_and_click_all_shapes_of_Motifs_pattern_rug_showing@5b38c1ec]" started-at="2023-02-03T07:24:33 IST" name="close" finished-at="2023-02-03T07:24:33 IST" duration-ms="358" status="PASS">
          <reporter-output>
          </reporter-output>
        </test-method> <!-- close -->
      </class> <!-- headerSectionTestCases.Check_Motifs_pattern_link_and_click_all_shapes_of_Motifs_pattern_rug_showing -->
      <class name="headerSectionTestCases.Check_Plain_Link_Of_Rug_Style_and_Click_All_Shapes_of_Plain_Rugs">
        <test-method is-config="true" signature="setup()[pri:0, instance:headerSectionTestCases.Check_Plain_Link_Of_Rug_Style_and_Click_All_Shapes_of_Plain_Rugs@66982506]" started-at="2023-02-03T07:13:17 IST" name="setup" finished-at="2023-02-03T07:13:27 IST" duration-ms="9967" status="PASS">
          <reporter-output>
          </reporter-output>
        </test-method> <!-- setup -->
        <test-method signature="Check_Plain_Link_Of_Rug_Style_and_Click_All_Shapes_of_Plain_Rugs_Test()[pri:0, instance:headerSectionTestCases.Check_Plain_Link_Of_Rug_Style_and_Click_All_Shapes_of_Plain_Rugs@66982506]" started-at="2023-02-03T07:13:27 IST" name="Check_Plain_Link_Of_Rug_Style_and_Click_All_Shapes_of_Plain_Rugs_Test" finished-at="2023-02-03T07:13:27 IST" duration-ms="1" status="PASS">
          <reporter-output>
          </reporter-output>
        </test-method> <!-- Check_Plain_Link_Of_Rug_Style_and_Click_All_Shapes_of_Plain_Rugs_Test -->
        <test-method is-config="true" signature="close()[pri:0, instance:headerSectionTestCases.Check_Plain_Link_Of_Rug_Style_and_Click_All_Shapes_of_Plain_Rugs@66982506]" started-at="2023-02-03T07:13:27 IST" name="close" finished-at="2023-02-03T07:13:27 IST" duration-ms="611" status="PASS">
          <reporter-output>
          </reporter-output>
        </test-method> <!-- close -->
      </class> <!-- headerSectionTestCases.Check_Plain_Link_Of_Rug_Style_and_Click_All_Shapes_of_Plain_Rugs -->
      <class name="formValidationSectionTestCases.Reset_Password_Form_Validation">
        <test-method is-config="true" signature="setup()[pri:0, instance:formValidationSectionTestCases.Reset_Password_Form_Validation@221a3fa4]" started-at="2023-02-03T06:58:57 IST" name="setup" finished-at="2023-02-03T06:59:07 IST" duration-ms="10117" status="PASS">
          <reporter-output>
          </reporter-output>
        </test-method> <!-- setup -->
        <test-method signature="Test_And_Verify_Reset_Password_Form_textbox_And_Validate_its()[pri:0, instance:formValidationSectionTestCases.Reset_Password_Form_Validation@221a3fa4]" started-at="2023-02-03T06:59:07 IST" name="Test_And_Verify_Reset_Password_Form_textbox_And_Validate_its" finished-at="2023-02-03T06:59:10 IST" duration-ms="3008" status="PASS">
          <reporter-output>
          </reporter-output>
        </test-method> <!-- Test_And_Verify_Reset_Password_Form_textbox_And_Validate_its -->
        <test-method is-config="true" signature="close()[pri:0, instance:formValidationSectionTestCases.Reset_Password_Form_Validation@221a3fa4]" started-at="2023-02-03T06:59:10 IST" name="close" finished-at="2023-02-03T06:59:10 IST" duration-ms="352" status="PASS">
          <reporter-output>
          </reporter-output>
        </test-method> <!-- close -->
      </class> <!-- formValidationSectionTestCases.Reset_Password_Form_Validation -->
      <class name="footerSectionTestCases.Check_all_rug_mention_in_the_below_like_hand_tufted_hand_knotted_outdoor">
        <test-method is-config="true" signature="setup()[pri:0, instance:footerSectionTestCases.Check_all_rug_mention_in_the_below_like_hand_tufted_hand_knotted_outdoor@6cb107fd]" started-at="2023-02-03T07:18:45 IST" name="setup" finished-at="2023-02-03T07:18:56 IST" duration-ms="10662" status="PASS">
          <reporter-output>
          </reporter-output>
        </test-method> <!-- setup -->
        <test-method signature="Check_all_rug_mention_in_the_below_hand_tufted_hand_knotted_outdoor()[pri:0, instance:footerSectionTestCases.Check_all_rug_mention_in_the_below_like_hand_tufted_hand_knotted_outdoor@6cb107fd]" started-at="2023-02-03T07:18:56 IST" name="Check_all_rug_mention_in_the_below_hand_tufted_hand_knotted_outdoor" finished-at="2023-02-03T07:19:09 IST" duration-ms="12937" status="PASS">
          <reporter-output>
          </reporter-output>
        </test-method> <!-- Check_all_rug_mention_in_the_below_hand_tufted_hand_knotted_outdoor -->
        <test-method is-config="true" signature="close()[pri:0, instance:footerSectionTestCases.Check_all_rug_mention_in_the_below_like_hand_tufted_hand_knotted_outdoor@6cb107fd]" started-at="2023-02-03T07:19:09 IST" name="close" finished-at="2023-02-03T07:19:09 IST" duration-ms="717" status="PASS">
          <reporter-output>
          </reporter-output>
        </test-method> <!-- close -->
      </class> <!-- footerSectionTestCases.Check_all_rug_mention_in_the_below_like_hand_tufted_hand_knotted_outdoor -->
      <class name="wishListSectionTestCases.Checking_wishlist">
        <test-method is-config="true" signature="setup()[pri:0, instance:wishListSectionTestCases.Checking_wishlist@7ce69770]" started-at="2023-02-03T06:55:27 IST" name="setup" finished-at="2023-02-03T06:55:40 IST" duration-ms="12830" status="PASS">
          <reporter-output>
          </reporter-output>
        </test-method> <!-- setup -->
        <test-method signature="Select_Any_Product_Save_Add_Into_WishList_Bucket_Checking_wishlist_Test()[pri:0, instance:wishListSectionTestCases.Checking_wishlist@7ce69770]" started-at="2023-02-03T06:55:40 IST" name="Select_Any_Product_Save_Add_Into_WishList_Bucket_Checking_wishlist_Test" finished-at="2023-02-03T06:55:44 IST" duration-ms="4112" status="PASS">
          <reporter-output>
          </reporter-output>
        </test-method> <!-- Select_Any_Product_Save_Add_Into_WishList_Bucket_Checking_wishlist_Test -->
        <test-method is-config="true" signature="close()[pri:0, instance:wishListSectionTestCases.Checking_wishlist@7ce69770]" started-at="2023-02-03T06:55:44 IST" name="close" finished-at="2023-02-03T06:55:44 IST" duration-ms="381" status="PASS">
          <reporter-output>
          </reporter-output>
        </test-method> <!-- close -->
      </class> <!-- wishListSectionTestCases.Checking_wishlist -->
      <class name="PDPSectionTestCases.Testing_the_price_is_loading_correctly">
        <test-method is-config="true" signature="setup()[pri:0, instance:PDPSectionTestCases.Testing_the_price_is_loading_correctly@239a307b]" started-at="2023-02-03T07:20:57 IST" name="setup" finished-at="2023-02-03T07:21:12 IST" duration-ms="14341" status="PASS">
          <reporter-output>
          </reporter-output>
        </test-method> <!-- setup -->
        <test-method signature="Testing_the_price_is_loading_correctly_Test()[pri:0, instance:PDPSectionTestCases.Testing_the_price_is_loading_correctly@239a307b]" started-at="2023-02-03T07:21:12 IST" name="Testing_the_price_is_loading_correctly_Test" finished-at="2023-02-03T07:21:15 IST" duration-ms="3003" status="PASS">
          <reporter-output>
          </reporter-output>
        </test-method> <!-- Testing_the_price_is_loading_correctly_Test -->
        <test-method is-config="true" signature="close()[pri:0, instance:PDPSectionTestCases.Testing_the_price_is_loading_correctly@239a307b]" started-at="2023-02-03T07:21:15 IST" name="close" finished-at="2023-02-03T07:21:15 IST" duration-ms="276" status="PASS">
          <reporter-output>
          </reporter-output>
        </test-method> <!-- close -->
      </class> <!-- PDPSectionTestCases.Testing_the_price_is_loading_correctly -->
      <class name="headerSectionTestCases.Check_Rustic_pattern_link_and_click_all_shapes_of_Rustic_pattern_rug_showing">
        <test-method is-config="true" signature="setup()[pri:0, instance:headerSectionTestCases.Check_Rustic_pattern_link_and_click_all_shapes_of_Rustic_pattern_rug_showing@2767e23c]" started-at="2023-02-03T06:53:41 IST" name="setup" finished-at="2023-02-03T06:53:50 IST" duration-ms="9899" status="PASS">
          <reporter-output>
          </reporter-output>
        </test-method> <!-- setup -->
        <test-method signature="Check_Rustic_pattern_link_and_click_all_shapes_of_Rustic_pattern_rug_showing_Test()[pri:0, instance:headerSectionTestCases.Check_Rustic_pattern_link_and_click_all_shapes_of_Rustic_pattern_rug_showing@2767e23c]" started-at="2023-02-03T06:53:50 IST" name="Check_Rustic_pattern_link_and_click_all_shapes_of_Rustic_pattern_rug_showing_Test" finished-at="2023-02-03T06:53:53 IST" duration-ms="3011" status="PASS">
          <reporter-output>
          </reporter-output>
        </test-method> <!-- Check_Rustic_pattern_link_and_click_all_shapes_of_Rustic_pattern_rug_showing_Test -->
        <test-method is-config="true" signature="close()[pri:0, instance:headerSectionTestCases.Check_Rustic_pattern_link_and_click_all_shapes_of_Rustic_pattern_rug_showing@2767e23c]" started-at="2023-02-03T06:53:53 IST" name="close" finished-at="2023-02-03T06:53:54 IST" duration-ms="419" status="PASS">
          <reporter-output>
          </reporter-output>
        </test-method> <!-- close -->
      </class> <!-- headerSectionTestCases.Check_Rustic_pattern_link_and_click_all_shapes_of_Rustic_pattern_rug_showing -->
      <class name="collectionSectionTestCases.Click_on_View_All_collection_and_check_of_all_shapes_of_View_All_Collection_collection">
        <test-method is-config="true" signature="setup()[pri:0, instance:collectionSectionTestCases.Click_on_View_All_collection_and_check_of_all_shapes_of_View_All_Collection_collection@1caa0244]" started-at="2023-02-03T06:54:46 IST" name="setup" finished-at="2023-02-03T06:55:00 IST" duration-ms="14139" status="PASS">
          <reporter-output>
          </reporter-output>
        </test-method> <!-- setup -->
        <test-method signature="Click_on_View_All_collection_link_and_check_of_all_shapes_of_View_All_Collection_collection()[pri:0, instance:collectionSectionTestCases.Click_on_View_All_collection_and_check_of_all_shapes_of_View_All_Collection_collection@1caa0244]" started-at="2023-02-03T06:55:00 IST" name="Click_on_View_All_collection_link_and_check_of_all_shapes_of_View_All_Collection_collection" finished-at="2023-02-03T06:55:06 IST" duration-ms="5193" status="PASS">
          <reporter-output>
          </reporter-output>
        </test-method> <!-- Click_on_View_All_collection_link_and_check_of_all_shapes_of_View_All_Collection_collection -->
        <test-method is-config="true" signature="close()[pri:0, instance:collectionSectionTestCases.Click_on_View_All_collection_and_check_of_all_shapes_of_View_All_Collection_collection@1caa0244]" started-at="2023-02-03T06:55:06 IST" name="close" finished-at="2023-02-03T06:55:06 IST" duration-ms="456" status="PASS">
          <reporter-output>
          </reporter-output>
        </test-method> <!-- close -->
      </class> <!-- collectionSectionTestCases.Click_on_View_All_collection_and_check_of_all_shapes_of_View_All_Collection_collection -->
      <class name="PDPSectionTestCases.Testing_if_colour_suggestions_are_loading_correctly">
        <test-method is-config="true" signature="setup()[pri:0, instance:PDPSectionTestCases.Testing_if_colour_suggestions_are_loading_correctly@3ad83a66]" started-at="2023-02-03T07:22:56 IST" name="setup" finished-at="2023-02-03T07:23:07 IST" duration-ms="11367" status="PASS">
          <reporter-output>
          </reporter-output>
        </test-method> <!-- setup -->
        <test-method signature="Testing_if_colour_suggestions_are_loading_correctly_Test()[pri:0, instance:PDPSectionTestCases.Testing_if_colour_suggestions_are_loading_correctly@3ad83a66]" started-at="2023-02-03T07:23:07 IST" name="Testing_if_colour_suggestions_are_loading_correctly_Test" finished-at="2023-02-03T07:23:10 IST" duration-ms="3017" status="PASS">
          <reporter-output>
          </reporter-output>
        </test-method> <!-- Testing_if_colour_suggestions_are_loading_correctly_Test -->
        <test-method is-config="true" signature="close()[pri:0, instance:PDPSectionTestCases.Testing_if_colour_suggestions_are_loading_correctly@3ad83a66]" started-at="2023-02-03T07:23:10 IST" name="close" finished-at="2023-02-03T07:23:10 IST" duration-ms="330" status="PASS">
          <reporter-output>
          </reporter-output>
        </test-method> <!-- close -->
      </class> <!-- PDPSectionTestCases.Testing_if_colour_suggestions_are_loading_correctly -->
      <class name="headerSectionTestCases.Check_Abstract_Link_Of_Rug_Style_and_Click_All_Shapes_of_Abstract_Rugs">
        <test-method is-config="true" signature="setup()[pri:0, instance:headerSectionTestCases.Check_Abstract_Link_Of_Rug_Style_and_Click_All_Shapes_of_Abstract_Rugs@4d0d9fe7]" started-at="2023-02-03T07:12:03 IST" name="setup" finished-at="2023-02-03T07:12:13 IST" duration-ms="9768" status="PASS">
          <reporter-output>
          </reporter-output>
        </test-method> <!-- setup -->
        <test-method signature="Check_Abstract_Link_Of_Rug_Style_and_Click_All_Shapes_of_Abstract_Rugs_Test()[pri:0, instance:headerSectionTestCases.Check_Abstract_Link_Of_Rug_Style_and_Click_All_Shapes_of_Abstract_Rugs@4d0d9fe7]" started-at="2023-02-03T07:12:13 IST" name="Check_Abstract_Link_Of_Rug_Style_and_Click_All_Shapes_of_Abstract_Rugs_Test" finished-at="2023-02-03T07:12:21 IST" duration-ms="7962" status="PASS">
          <reporter-output>
          </reporter-output>
        </test-method> <!-- Check_Abstract_Link_Of_Rug_Style_and_Click_All_Shapes_of_Abstract_Rugs_Test -->
        <test-method is-config="true" signature="close()[pri:0, instance:headerSectionTestCases.Check_Abstract_Link_Of_Rug_Style_and_Click_All_Shapes_of_Abstract_Rugs@4d0d9fe7]" started-at="2023-02-03T07:12:21 IST" name="close" finished-at="2023-02-03T07:12:21 IST" duration-ms="311" status="PASS">
          <reporter-output>
          </reporter-output>
        </test-method> <!-- close -->
      </class> <!-- headerSectionTestCases.Check_Abstract_Link_Of_Rug_Style_and_Click_All_Shapes_of_Abstract_Rugs -->
      <class name="homeSectionTestCases.Ckeck_all_project_links">
        <test-method is-config="true" signature="setup()[pri:0, instance:homeSectionTestCases.Ckeck_all_project_links@6e9a5ed8]" started-at="2023-02-03T06:56:21 IST" name="setup" finished-at="2023-02-03T06:56:31 IST" duration-ms="10119" status="PASS">
          <reporter-output>
          </reporter-output>
        </test-method> <!-- setup -->
        <test-method signature="Ckeck_all_project_links_Test()[pri:0, instance:homeSectionTestCases.Ckeck_all_project_links@6e9a5ed8]" started-at="2023-02-03T06:56:31 IST" name="Ckeck_all_project_links_Test" finished-at="2023-02-03T06:56:37 IST" duration-ms="6023" status="PASS">
          <reporter-output>
          </reporter-output>
        </test-method> <!-- Ckeck_all_project_links_Test -->
        <test-method is-config="true" signature="close()[pri:0, instance:homeSectionTestCases.Ckeck_all_project_links@6e9a5ed8]" started-at="2023-02-03T06:56:37 IST" name="close" finished-at="2023-02-03T06:56:38 IST" duration-ms="353" status="PASS">
          <reporter-output>
          </reporter-output>
        </test-method> <!-- close -->
      </class> <!-- homeSectionTestCases.Ckeck_all_project_links -->
      <class name="PDPSectionTestCases.Testing_the_quantity">
        <test-method is-config="true" signature="setup()[pri:0, instance:PDPSectionTestCases.Testing_the_quantity@740fb309]" started-at="2023-02-03T07:20:20 IST" name="setup" finished-at="2023-02-03T07:20:25 IST" duration-ms="4997" status="PASS">
          <reporter-output>
          </reporter-output>
        </test-method> <!-- setup -->
        <test-method signature="Testing_the_quantity_Test()[pri:0, instance:PDPSectionTestCases.Testing_the_quantity@740fb309]" started-at="2023-02-03T07:20:25 IST" name="Testing_the_quantity_Test" finished-at="2023-02-03T07:20:28 IST" duration-ms="3004" status="PASS">
          <reporter-output>
          </reporter-output>
        </test-method> <!-- Testing_the_quantity_Test -->
        <test-method is-config="true" signature="close()[pri:0, instance:PDPSectionTestCases.Testing_the_quantity@740fb309]" started-at="2023-02-03T07:20:28 IST" name="close" finished-at="2023-02-03T07:20:28 IST" duration-ms="345" status="PASS">
          <reporter-output>
          </reporter-output>
        </test-method> <!-- close -->
      </class> <!-- PDPSectionTestCases.Testing_the_quantity -->
      <class name="shoppingCardSectionTestCases.Shopping_cart_order_summary_testing">
        <test-method is-config="true" signature="setup()[pri:0, instance:shoppingCardSectionTestCases.Shopping_cart_order_summary_testing@4bdeaabb]" started-at="2023-02-03T07:13:57 IST" name="setup" finished-at="2023-02-03T07:14:07 IST" duration-ms="10052" status="PASS">
          <reporter-output>
          </reporter-output>
        </test-method> <!-- setup -->
        <test-method signature="Check_And_Validate_Shopping_Cart_Summary_Testing_Details_Shopping_cart_order_summary_testing_Test()[pri:0, instance:shoppingCardSectionTestCases.Shopping_cart_order_summary_testing@4bdeaabb]" started-at="2023-02-03T07:14:07 IST" name="Check_And_Validate_Shopping_Cart_Summary_Testing_Details_Shopping_cart_order_summary_testing_Test" finished-at="2023-02-03T07:14:08 IST" duration-ms="763" status="PASS">
          <reporter-output>
          </reporter-output>
        </test-method> <!-- Check_And_Validate_Shopping_Cart_Summary_Testing_Details_Shopping_cart_order_summary_testing_Test -->
        <test-method is-config="true" signature="close()[pri:0, instance:shoppingCardSectionTestCases.Shopping_cart_order_summary_testing@4bdeaabb]" started-at="2023-02-03T07:14:08 IST" name="close" finished-at="2023-02-03T07:14:08 IST" duration-ms="487" status="PASS">
          <reporter-output>
          </reporter-output>
        </test-method> <!-- close -->
      </class> <!-- shoppingCardSectionTestCases.Shopping_cart_order_summary_testing -->
      <class name="shoppingCardSectionTestCases.Shopping_Cart_Page_Testing">
        <test-method is-config="true" signature="setup()[pri:0, instance:shoppingCardSectionTestCases.Shopping_Cart_Page_Testing@6c284af]" started-at="2023-02-03T06:56:53 IST" name="setup" finished-at="2023-02-03T06:57:03 IST" duration-ms="10177" status="PASS">
          <reporter-output>
          </reporter-output>
        </test-method> <!-- setup -->
[...]
          <reporter-output>
          </reporter-output>
        </test-method> <!-- setup -->
        <test-method signature="Click_on_Animal_Prints_link_and_check_of_all_shapes_of_Animal_Prints_collection()[pri:0, instance:collectionSectionTestCases.Click_on_Animal_Prints_collection_and_check_of_all_shapes_of_Animal_Prints_collection@28dcca0c]" started-at="2023-02-03T07:11:08 IST" name="Click_on_Animal_Prints_link_and_check_of_all_shapes_of_Animal_Prints_collection" finished-at="2023-02-03T07:11:13 IST" duration-ms="5188" status="PASS">
          <reporter-output>
          </reporter-output>
        </test-method> <!-- Click_on_Animal_Prints_link_and_check_of_all_shapes_of_Animal_Prints_collection -->
        <test-method is-config="true" signature="close()[pri:0, instance:collectionSectionTestCases.Click_on_Animal_Prints_collection_and_check_of_all_shapes_of_Animal_Prints_collection@28dcca0c]" started-at="2023-02-03T07:11:13 IST" name="close" finished-at="2023-02-03T07:11:14 IST" duration-ms="409" status="PASS">
          <reporter-output>
          </reporter-output>
        </test-method> <!-- close -->
      </class> <!-- collectionSectionTestCases.Click_on_Animal_Prints_collection_and_check_of_all_shapes_of_Animal_Prints_collection -->
      <class name="checkOutPageSectionTestCases.Checkout_page_City">
        <test-method is-config="true" signature="setup()[pri:0, instance:checkOutPageSectionTestCases.Checkout_page_City@7ce026d3]" started-at="2023-02-03T06:55:06 IST" name="setup" finished-at="2023-02-03T06:55:24 IST" duration-ms="17489" status="PASS">
          <reporter-output>
          </reporter-output>
        </test-method> <!-- setup -->
        <test-method signature="Test_And_Verify_is_able_to_Pass_city_is_Name_in_checkoutPage()[pri:0, instance:checkOutPageSectionTestCases.Checkout_page_City@7ce026d3]" started-at="2023-02-03T06:55:24 IST" name="Test_And_Verify_is_able_to_Pass_city_is_Name_in_checkoutPage" finished-at="2023-02-03T06:55:27 IST" duration-ms="3016" status="PASS">
          <reporter-output>
          </reporter-output>
        </test-method> <!-- Test_And_Verify_is_able_to_Pass_city_is_Name_in_checkoutPage -->
        <test-method is-config="true" signature="close()[pri:0, instance:checkOutPageSectionTestCases.Checkout_page_City@7ce026d3]" started-at="2023-02-03T06:55:27 IST" name="close" finished-at="2023-02-03T06:55:27 IST" duration-ms="423" status="PASS">
          <reporter-output>
          </reporter-output>
        </test-method> <!-- close -->
      </class> <!-- checkOutPageSectionTestCases.Checkout_page_City -->
      <class name="headerSectionTestCases.Click_on_Trade_link_and_pass_all_data_and_verify_all_textbox">
        <test-method is-config="true" signature="setup()[pri:0, instance:headerSectionTestCases.Click_on_Trade_link_and_pass_all_data_and_verify_all_textbox@183ec003]" started-at="2023-02-03T06:58:15 IST" name="setup" finished-at="2023-02-03T06:58:25 IST" duration-ms="10399" status="PASS">
          <reporter-output>
          </reporter-output>
        </test-method> <!-- setup -->
        <test-method signature="Click_on_Trade_link_and_pass_all_data_and_verify_all_textbox_Test()[pri:0, instance:headerSectionTestCases.Click_on_Trade_link_and_pass_all_data_and_verify_all_textbox@183ec003]" started-at="2023-02-03T06:58:25 IST" name="Click_on_Trade_link_and_pass_all_data_and_verify_all_textbox_Test" finished-at="2023-02-03T06:58:39 IST" duration-ms="13631" status="PASS">
          <reporter-output>
          </reporter-output>
        </test-method> <!-- Click_on_Trade_link_and_pass_all_data_and_verify_all_textbox_Test -->
        <test-method is-config="true" signature="close()[pri:0, instance:headerSectionTestCases.Click_on_Trade_link_and_pass_all_data_and_verify_all_textbox@183ec003]" started-at="2023-02-03T06:58:39 IST" name="close" finished-at="2023-02-03T06:58:39 IST" duration-ms="453" status="PASS">
          <reporter-output>
          </reporter-output>
        </test-method> <!-- close -->
      </class> <!-- headerSectionTestCases.Click_on_Trade_link_and_pass_all_data_and_verify_all_textbox -->
      <class name="collectionSectionTestCases.Mouse_over_on_collection_link">
        <test-method is-config="true" signature="setup()[pri:0, instance:collectionSectionTestCases.Mouse_over_on_collection_link@7d9d0818]" started-at="2023-02-03T06:58:39 IST" name="setup" finished-at="2023-02-03T06:58:51 IST" duration-ms="11522" status="PASS">
          <reporter-output>
          </reporter-output>
        </test-method> <!-- setup -->
        <test-method signature="Test_mouse_over_on_collection_link_and_check_all_collection_is_showing_or_not()[pri:0, instance:collectionSectionTestCases.Mouse_over_on_collection_link@7d9d0818]" started-at="2023-02-03T06:58:51 IST" name="Test_mouse_over_on_collection_link_and_check_all_collection_is_showing_or_not" finished-at="2023-02-03T06:58:56 IST" duration-ms="5253" status="PASS">
          <reporter-output>
          </reporter-output>
        </test-method> <!-- Test_mouse_over_on_collection_link_and_check_all_collection_is_showing_or_not -->
        <test-method is-config="true" signature="close()[pri:0, instance:collectionSectionTestCases.Mouse_over_on_collection_link@7d9d0818]" started-at="2023-02-03T06:58:56 IST" name="close" finished-at="2023-02-03T06:58:57 IST" duration-ms="354" status="PASS">
          <reporter-output>
          </reporter-output>
        </test-method> <!-- close -->
      </class> <!-- collectionSectionTestCases.Mouse_over_on_collection_link -->
      <class name="footerSectionTestCases.Check_all_about_links">
        <test-method is-config="true" signature="setup()[pri:0, instance:footerSectionTestCases.Check_all_about_links@6f53b8a]" started-at="2023-02-03T07:15:45 IST" name="setup" finished-at="2023-02-03T07:15:55 IST" duration-ms="9439" status="PASS">
          <reporter-output>
          </reporter-output>
        </test-method> <!-- setup -->
        <test-method signature="click_on_all_about_links()[pri:0, instance:footerSectionTestCases.Check_all_about_links@6f53b8a]" started-at="2023-02-03T07:15:55 IST" name="click_on_all_about_links" finished-at="2023-02-03T07:15:56 IST" duration-ms="1717" status="PASS">
          <reporter-output>
          </reporter-output>
        </test-method> <!-- click_on_all_about_links -->
        <test-method is-config="true" signature="close()[pri:0, instance:footerSectionTestCases.Check_all_about_links@6f53b8a]" started-at="2023-02-03T07:15:56 IST" name="close" finished-at="2023-02-03T07:15:57 IST" duration-ms="481" status="PASS">
          <reporter-output>
          </reporter-output>
        </test-method> <!-- close -->
      </class> <!-- footerSectionTestCases.Check_all_about_links -->
      <class name="formValidationSectionTestCases.Join_Us_Form_Validation">
        <test-method is-config="true" signature="setup()[pri:0, instance:formValidationSectionTestCases.Join_Us_Form_Validation@2b40ff9c]" started-at="2023-02-03T06:59:24 IST" name="setup" finished-at="2023-02-03T06:59:34 IST" duration-ms="10289" status="PASS">
          <reporter-output>
          </reporter-output>
        </test-method> <!-- setup -->
        <test-method signature="Test_And_Verify_to_Pass_valid_and_invalid_data_in_Join_Us_Account_creation_for_new_user()[pri:0, instance:formValidationSectionTestCases.Join_Us_Form_Validation@2b40ff9c]" started-at="2023-02-03T06:59:34 IST" name="Test_And_Verify_to_Pass_valid_and_invalid_data_in_Join_Us_Account_creation_for_new_user" finished-at="2023-02-03T06:59:37 IST" duration-ms="3005" status="PASS">
          <reporter-output>
          </reporter-output>
        </test-method> <!-- Test_And_Verify_to_Pass_valid_and_invalid_data_in_Join_Us_Account_creation_for_new_user -->
        <test-method is-config="true" signature="close()[pri:0, instance:formValidationSectionTestCases.Join_Us_Form_Validation@2b40ff9c]" started-at="2023-02-03T06:59:37 IST" name="close" finished-at="2023-02-03T06:59:37 IST" duration-ms="345" status="PASS">
          <reporter-output>
          </reporter-output>
        </test-method> <!-- close -->
      </class> <!-- formValidationSectionTestCases.Join_Us_Form_Validation -->
      <class name="myAccountInformationSectionTestCases.Reset_Password_Form_Validation">
        <test-method is-config="true" signature="setup()[pri:0, instance:myAccountInformationSectionTestCases.Reset_Password_Form_Validation@4f32a3ad]" started-at="2023-02-03T07:14:58 IST" name="setup" finished-at="2023-02-03T07:15:08 IST" duration-ms="10260" status="PASS">
          <reporter-output>
          </reporter-output>
        </test-method> <!-- setup -->
        <test-method signature="Test_And_Verify_Reset_Password_Form_textbox_And_Validate_its()[pri:0, instance:myAccountInformationSectionTestCases.Reset_Password_Form_Validation@4f32a3ad]" started-at="2023-02-03T07:15:08 IST" name="Test_And_Verify_Reset_Password_Form_textbox_And_Validate_its" finished-at="2023-02-03T07:15:11 IST" duration-ms="3004" status="PASS">
          <reporter-output>
          </reporter-output>
        </test-method> <!-- Test_And_Verify_Reset_Password_Form_textbox_And_Validate_its -->
        <test-method is-config="true" signature="close()[pri:0, instance:myAccountInformationSectionTestCases.Reset_Password_Form_Validation@4f32a3ad]" started-at="2023-02-03T07:15:11 IST" name="close" finished-at="2023-02-03T07:15:11 IST" duration-ms="695" status="PASS">
          <reporter-output>
          </reporter-output>
        </test-method> <!-- close -->
      </class> <!-- myAccountInformationSectionTestCases.Reset_Password_Form_Validation -->
      <class name="headerSectionTestCases.Click_on_sign_in_and_verify_whether_it_is_data_can_pass_email_and_password_textbox">
        <test-method is-config="true" signature="setup()[pri:0, instance:headerSectionTestCases.Click_on_sign_in_and_verify_whether_it_is_data_can_pass_email_and_password_textbox@70ed52de]" started-at="2023-02-03T07:00:31 IST" name="setup" finished-at="2023-02-03T07:00:41 IST" duration-ms="9910" status="PASS">
          <reporter-output>
          </reporter-output>
        </test-method> <!-- setup -->
        <test-method signature="Click_on_sign_in_and_verify_whether_it_is_data_can_pass_email_and_password_textbox_Test()[pri:0, instance:headerSectionTestCases.Click_on_sign_in_and_verify_whether_it_is_data_can_pass_email_and_password_textbox@70ed52de]" started-at="2023-02-03T07:00:41 IST" name="Click_on_sign_in_and_verify_whether_it_is_data_can_pass_email_and_password_textbox_Test" finished-at="2023-02-03T07:00:44 IST" duration-ms="3014" status="PASS">
          <reporter-output>
          </reporter-output>
        </test-method> <!-- Click_on_sign_in_and_verify_whether_it_is_data_can_pass_email_and_password_textbox_Test -->
        <test-method is-config="true" signature="close()[pri:0, instance:headerSectionTestCases.Click_on_sign_in_and_verify_whether_it_is_data_can_pass_email_and_password_textbox@70ed52de]" started-at="2023-02-03T07:00:44 IST" name="close" finished-at="2023-02-03T07:00:45 IST" duration-ms="379" status="PASS">
          <reporter-output>
          </reporter-output>
        </test-method> <!-- close -->
      </class> <!-- headerSectionTestCases.Click_on_sign_in_and_verify_whether_it_is_data_can_pass_email_and_password_textbox -->
      <class name="footerSectionTestCases.Check_all_guides_link_related_to_this_link">
        <test-method is-config="true" signature="setup()[pri:0, instance:footerSectionTestCases.Check_all_guides_link_related_to_this_link@548a24a]" started-at="2023-02-03T07:08:45 IST" name="setup" finished-at="2023-02-03T07:08:50 IST" duration-ms="4987" status="PASS">
          <reporter-output>
          </reporter-output>
        </test-method> <!-- setup -->
        <test-method signature="check_All_guides_links_related_to_this_module()[pri:0, instance:footerSectionTestCases.Check_all_guides_link_related_to_this_link@548a24a]" started-at="2023-02-03T07:08:50 IST" name="check_All_guides_links_related_to_this_module" finished-at="2023-02-03T07:08:58 IST" duration-ms="8377" status="PASS">
          <reporter-output>
          </reporter-output>
        </test-method> <!-- check_All_guides_links_related_to_this_module -->
        <test-method is-config="true" signature="close()[pri:0, instance:footerSectionTestCases.Check_all_guides_link_related_to_this_link@548a24a]" started-at="2023-02-03T07:08:58 IST" name="close" finished-at="2023-02-03T07:08:58 IST" duration-ms="380" status="PASS">
          <reporter-output>
          </reporter-output>
        </test-method> <!-- close -->
      </class> <!-- footerSectionTestCases.Check_all_guides_link_related_to_this_link -->
      <class name="headerSectionTestCases.Check_Runner_shape_of_all_rugs">
        <test-method is-config="true" signature="setup()[pri:0, instance:headerSectionTestCases.Check_Runner_shape_of_all_rugs@231f98ef]" started-at="2023-02-03T06:57:49 IST" name="setup" finished-at="2023-02-03T06:57:58 IST" duration-ms="9840" status="PASS">
          <reporter-output>
          </reporter-output>
        </test-method> <!-- setup -->
        <test-method signature="Check_Runner_shape_of_all_rugs_Test()[pri:0, instance:headerSectionTestCases.Check_Runner_shape_of_all_rugs@231f98ef]" started-at="2023-02-03T06:57:58 IST" name="Check_Runner_shape_of_all_rugs_Test" finished-at="2023-02-03T06:58:01 IST" duration-ms="3012" status="PASS">
          <reporter-output>
          </reporter-output>
        </test-method> <!-- Check_Runner_shape_of_all_rugs_Test -->
        <test-method is-config="true" signature="close()[pri:0, instance:headerSectionTestCases.Check_Runner_shape_of_all_rugs@231f98ef]" started-at="2023-02-03T06:58:01 IST" name="close" finished-at="2023-02-03T06:58:02 IST" duration-ms="349" status="PASS">
          <reporter-output>
          </reporter-output>
        </test-method> <!-- close -->
      </class> <!-- headerSectionTestCases.Check_Runner_shape_of_all_rugs -->
      <class name="footerSectionTestCases.Check_address_link">
        <test-method is-config="true" signature="setup()[pri:0, instance:footerSectionTestCases.Check_address_link@24569dba]" started-at="2023-02-03T07:00:08 IST" name="setup" finished-at="2023-02-03T07:00:17 IST" duration-ms="9618" status="PASS">
          <reporter-output>
          </reporter-output>
        </test-method> <!-- setup -->
        <test-method signature="verify_whether_address_link_showing_Test()[pri:0, instance:footerSectionTestCases.Check_address_link@24569dba]" started-at="2023-02-03T07:00:17 IST" name="verify_whether_address_link_showing_Test" finished-at="2023-02-03T07:00:17 IST" duration-ms="1" status="PASS">
          <reporter-output>
          </reporter-output>
        </test-method> <!-- verify_whether_address_link_showing_Test -->
        <test-method is-config="true" signature="close()[pri:0, instance:footerSectionTestCases.Check_address_link@24569dba]" started-at="2023-02-03T07:00:17 IST" name="close" finished-at="2023-02-03T07:00:18 IST" duration-ms="381" status="PASS">
          <reporter-output>
          </reporter-output>
        </test-method> <!-- close -->
      </class> <!-- footerSectionTestCases.Check_address_link -->
      <class name="formValidationSectionTestCases.CheckOut_Form_Form_Validation">
        <test-method is-config="true" signature="setup()[pri:0, instance:formValidationSectionTestCases.CheckOut_Form_Form_Validation@6be968ce]" started-at="2023-02-03T07:01:44 IST" name="setup" finished-at="2023-02-03T07:01:55 IST" duration-ms="10253" status="PASS">
          <reporter-output>
          </reporter-output>
        </test-method> <!-- setup -->
        <test-method signature="Check_All_textbox_which_come_into_CheckOut_Page_Checkout_Form_Validation_Test()[pri:0, instance:formValidationSectionTestCases.CheckOut_Form_Form_Validation@6be968ce]" started-at="2023-02-03T07:01:55 IST" name="Check_All_textbox_which_come_into_CheckOut_Page_Checkout_Form_Validation_Test" finished-at="2023-02-03T07:01:55 IST" duration-ms="333" status="PASS">
          <reporter-output>
          </reporter-output>
        </test-method> <!-- Check_All_textbox_which_come_into_CheckOut_Page_Checkout_Form_Validation_Test -->
        <test-method is-config="true" signature="close()[pri:0, instance:formValidationSectionTestCases.CheckOut_Form_Form_Validation@6be968ce]" started-at="2023-02-03T07:01:55 IST" name="close" finished-at="2023-02-03T07:01:56 IST" duration-ms="629" status="PASS">
          <reporter-output>
          </reporter-output>
        </test-method> <!-- close -->
      </class> <!-- formValidationSectionTestCases.CheckOut_Form_Form_Validation -->
      <class name="contactFormSectionTestCases.Contact_Form_Validation">
        <test-method is-config="true" signature="setup()[pri:0, instance:contactFormSectionTestCases.Contact_Form_Validation@72bc6553]" started-at="2023-02-03T07:13:03 IST" name="setup" finished-at="2023-02-03T07:13:13 IST" duration-ms="9798" status="PASS">
          <reporter-output>
          </reporter-output>
        </test-method> <!-- setup -->
        <test-method signature="Test_and_verify_to_pass_all_Valid_and_invalid_data_in_contact_form_textbox_test()[pri:0, instance:contactFormSectionTestCases.Contact_Form_Validation@72bc6553]" started-at="2023-02-03T07:13:13 IST" name="Test_and_verify_to_pass_all_Valid_and_invalid_data_in_contact_form_textbox_test" finished-at="2023-02-03T07:13:16 IST" duration-ms="3017" status="PASS">
          <reporter-output>
          </reporter-output>
        </test-method> <!-- Test_and_verify_to_pass_all_Valid_and_invalid_data_in_contact_form_textbox_test -->
        <test-method is-config="true" signature="close()[pri:0, instance:contactFormSectionTestCases.Contact_Form_Validation@72bc6553]" started-at="2023-02-03T07:13:16 IST" name="close" finished-at="2023-02-03T07:13:17 IST" duration-ms="631" status="PASS">
          <reporter-output>
          </reporter-output>
        </test-method> <!-- close -->
      </class> <!-- contactFormSectionTestCases.Contact_Form_Validation -->
      <class name="collectionSectionTestCases.Click_on_Terrazo_play_collection_and_check_of_all_shapes_of_Terrazo_collection">
        <test-method is-config="true" signature="setup()[pri:0, instance:collectionSectionTestCases.Click_on_Terrazo_play_collection_and_check_of_all_shapes_of_Terrazo_collection@247310d0]" started-at="2023-02-03T07:02:11 IST" name="setup" finished-at="2023-02-03T07:02:21 IST" duration-ms="10463" status="PASS">
          <reporter-output>
          </reporter-output>
        </test-method> <!-- setup -->
        <test-method signature="Click_on_Terrazo_play_link_and_check_of_all_shapes_of_Terrazo_collection()[pri:0, instance:collectionSectionTestCases.Click_on_Terrazo_play_collection_and_check_of_all_shapes_of_Terrazo_collection@247310d0]" started-at="2023-02-03T07:02:21 IST" name="Click_on_Terrazo_play_link_and_check_of_all_shapes_of_Terrazo_collection" finished-at="2023-02-03T07:02:26 IST" duration-ms="5222" status="PASS">
          <reporter-output>
          </reporter-output>
        </test-method> <!-- Click_on_Terrazo_play_link_and_check_of_all_shapes_of_Terrazo_collection -->
        <test-method is-config="true" signature="close()[pri:0, instance:collectionSectionTestCases.Click_on_Terrazo_play_collection_and_check_of_all_shapes_of_Terrazo_collection@247310d0]" started-at="2023-02-03T07:02:26 IST" name="close" finished-at="2023-02-03T07:02:27 IST" duration-ms="347" status="PASS">
          <reporter-output>
          </reporter-output>
        </test-method> <!-- close -->
      </class> <!-- collectionSectionTestCases.Click_on_Terrazo_play_collection_and_check_of_all_shapes_of_Terrazo_collection -->
    </test> <!-- Test -->
  </suite> <!-- Suite -->
</testng-results>
